[1.289s] Invoking command in '/home/david/ros2_ws/src/greetingpy': PYTHONPATH=/home/david/ros2_ws/build/greetingpy/prefix_override:/usr/lib/python3/dist-packages/colcon_core/task/python/colcon_distutils_commands:/home/david/ros2_ws/install/greetingpy/lib/python3.10/site-packages:${PYTHONPATH} /usr/bin/python3 -W ignore:setup.py install is deprecated setup.py egg_info --egg-base ../../build/greetingpy build --build-base /home/david/ros2_ws/build/greetingpy/build install --record /home/david/ros2_ws/build/greetingpy/install.log --single-version-externally-managed install_data
[1.779s] running egg_info
[1.780s] creating ../../build/greetingpy/greetingpy.egg-info
[1.781s] writing ../../build/greetingpy/greetingpy.egg-info/PKG-INFO
[1.781s] writing dependency_links to ../../build/greetingpy/greetingpy.egg-info/dependency_links.txt
[1.782s] writing entry points to ../../build/greetingpy/greetingpy.egg-info/entry_points.txt
[1.782s] writing requirements to ../../build/greetingpy/greetingpy.egg-info/requires.txt
[1.782s] writing top-level names to ../../build/greetingpy/greetingpy.egg-info/top_level.txt
[1.783s] writing manifest file '../../build/greetingpy/greetingpy.egg-info/SOURCES.txt'
[1.786s] reading manifest file '../../build/greetingpy/greetingpy.egg-info/SOURCES.txt'
[1.787s] writing manifest file '../../build/greetingpy/greetingpy.egg-info/SOURCES.txt'
[1.787s] running build
[1.787s] running build_py
[1.788s] creating /home/david/ros2_ws/build/greetingpy/build
[1.788s] creating /home/david/ros2_ws/build/greetingpy/build/lib
[1.788s] creating /home/david/ros2_ws/build/greetingpy/build/lib/greetingpy
[1.788s] copying greetingpy/__init__.py -> /home/david/ros2_ws/build/greetingpy/build/lib/greetingpy
[1.788s] copying greetingpy/greetpub.py -> /home/david/ros2_ws/build/greetingpy/build/lib/greetingpy
[1.789s] running install
[1.790s] running install_lib
[1.791s] creating /home/david/ros2_ws/install/greetingpy/lib/python3.10/site-packages/greetingpy
[1.791s] copying /home/david/ros2_ws/build/greetingpy/build/lib/greetingpy/__init__.py -> /home/david/ros2_ws/install/greetingpy/lib/python3.10/site-packages/greetingpy
[1.792s] copying /home/david/ros2_ws/build/greetingpy/build/lib/greetingpy/greetpub.py -> /home/david/ros2_ws/install/greetingpy/lib/python3.10/site-packages/greetingpy
[1.793s] byte-compiling /home/david/ros2_ws/install/greetingpy/lib/python3.10/site-packages/greetingpy/__init__.py to __init__.cpython-310.pyc
[1.793s] byte-compiling /home/david/ros2_ws/install/greetingpy/lib/python3.10/site-packages/greetingpy/greetpub.py to greetpub.cpython-310.pyc
[1.794s] running install_data
[1.794s] creating /home/david/ros2_ws/install/greetingpy/share/ament_index
[1.795s] creating /home/david/ros2_ws/install/greetingpy/share/ament_index/resource_index
[1.795s] creating /home/david/ros2_ws/install/greetingpy/share/ament_index/resource_index/packages
[1.795s] copying resource/greetingpy -> /home/david/ros2_ws/install/greetingpy/share/ament_index/resource_index/packages
[1.795s] copying package.xml -> /home/david/ros2_ws/install/greetingpy/share/greetingpy
[1.795s] running install_egg_info
[1.799s] Copying ../../build/greetingpy/greetingpy.egg-info to /home/david/ros2_ws/install/greetingpy/lib/python3.10/site-packages/greetingpy-0.0.0-py3.10.egg-info
[1.801s] running install_scripts
[1.844s] Installing greeting_publisher script to /home/david/ros2_ws/install/greetingpy/lib/greetingpy
[1.845s] writing list of installed files to '/home/david/ros2_ws/build/greetingpy/install.log'
[1.910s] Invoked command in '/home/david/ros2_ws/src/greetingpy' returned '0': PYTHONPATH=/home/david/ros2_ws/build/greetingpy/prefix_override:/usr/lib/python3/dist-packages/colcon_core/task/python/colcon_distutils_commands:/home/david/ros2_ws/install/greetingpy/lib/python3.10/site-packages:${PYTHONPATH} /usr/bin/python3 -W ignore:setup.py install is deprecated setup.py egg_info --egg-base ../../build/greetingpy build --build-base /home/david/ros2_ws/build/greetingpy/build install --record /home/david/ros2_ws/build/greetingpy/install.log --single-version-externally-managed install_data
