[0.127s] DEBUG:colcon:Command line arguments: ['/usr/bin/colcon', 'build']
[0.127s] DEBUG:colcon:Parsed command line arguments: Namespace(log_base=None, log_level=None, verb_name='build', build_base='build', install_base='install', merge_install=False, symlink_install=False, test_result_base=None, continue_on_error=False, executor='parallel', parallel_workers=2, event_handlers=None, ignore_user_meta=False, metas=['./colcon.meta'], base_paths=['.'], packages_ignore=None, packages_ignore_regex=None, paths=None, packages_up_to=None, packages_up_to_regex=None, packages_above=None, packages_above_and_dependencies=None, packages_above_depth=None, packages_select_by_dep=None, packages_skip_by_dep=None, packages_skip_up_to=None, packages_select_build_failed=False, packages_skip_build_finished=False, packages_select_test_failures=False, packages_skip_test_passed=False, packages_select=None, packages_skip=None, packages_select_regex=None, packages_skip_regex=None, packages_start=None, packages_end=None, allow_overriding=[], cmake_args=None, cmake_target=None, cmake_target_skip_unavailable=False, cmake_clean_cache=False, cmake_clean_first=False, cmake_force_configure=False, ament_cmake_args=None, catkin_cmake_args=None, catkin_skip_building_tests=False, mixin_files=None, mixin=None, verb_parser=<colcon_mixin.mixin.mixin_argument.MixinArgumentDecorator object at 0x78ad40139c30>, verb_extension=<colcon_core.verb.build.BuildVerb object at 0x78ad40139660>, main=<bound method BuildVerb.main of <colcon_core.verb.build.BuildVerb object at 0x78ad40139660>>, mixin_verb=('build',))
[0.308s] Level 1:colcon.colcon_core.package_discovery:discover_packages(colcon_meta) check parameters
[0.308s] Level 1:colcon.colcon_core.package_discovery:discover_packages(recursive) check parameters
[0.308s] Level 1:colcon.colcon_core.package_discovery:discover_packages(ignore) check parameters
[0.309s] Level 1:colcon.colcon_core.package_discovery:discover_packages(path) check parameters
[0.309s] Level 1:colcon.colcon_core.package_discovery:discover_packages(colcon_meta) discover
[0.309s] Level 1:colcon.colcon_core.package_discovery:discover_packages(recursive) discover
[0.309s] INFO:colcon.colcon_core.package_discovery:Crawling recursively for packages in '/home/david/ros2_ws'
[0.309s] Level 1:colcon.colcon_core.package_identification:_identify(.) by extensions ['ignore', 'ignore_ament_install']
[0.310s] Level 1:colcon.colcon_core.package_identification:_identify(.) by extension 'ignore'
[0.310s] Level 1:colcon.colcon_core.package_identification:_identify(.) by extension 'ignore_ament_install'
[0.310s] Level 1:colcon.colcon_core.package_identification:_identify(.) by extensions ['colcon_pkg']
[0.310s] Level 1:colcon.colcon_core.package_identification:_identify(.) by extension 'colcon_pkg'
[0.311s] Level 1:colcon.colcon_core.package_identification:_identify(.) by extensions ['colcon_meta']
[0.311s] Level 1:colcon.colcon_core.package_identification:_identify(.) by extension 'colcon_meta'
[0.311s] Level 1:colcon.colcon_core.package_identification:_identify(.) by extensions ['ros']
[0.311s] Level 1:colcon.colcon_core.package_identification:_identify(.) by extension 'ros'
[0.325s] Level 1:colcon.colcon_core.package_identification:_identify(.) by extensions ['cmake', 'python']
[0.325s] Level 1:colcon.colcon_core.package_identification:_identify(.) by extension 'cmake'
[0.326s] Level 1:colcon.colcon_core.package_identification:_identify(.) by extension 'python'
[0.326s] Level 1:colcon.colcon_core.package_identification:_identify(.) by extensions ['python_setup_py']
[0.326s] Level 1:colcon.colcon_core.package_identification:_identify(.) by extension 'python_setup_py'
[0.326s] Level 1:colcon.colcon_core.package_identification:_identify(build) by extensions ['ignore', 'ignore_ament_install']
[0.326s] Level 1:colcon.colcon_core.package_identification:_identify(build) by extension 'ignore'
[0.326s] Level 1:colcon.colcon_core.package_identification:_identify(build) ignored
[0.326s] Level 1:colcon.colcon_core.package_identification:_identify(install) by extensions ['ignore', 'ignore_ament_install']
[0.326s] Level 1:colcon.colcon_core.package_identification:_identify(install) by extension 'ignore'
[0.326s] Level 1:colcon.colcon_core.package_identification:_identify(install) ignored
[0.326s] Level 1:colcon.colcon_core.package_identification:_identify(log) by extensions ['ignore', 'ignore_ament_install']
[0.327s] Level 1:colcon.colcon_core.package_identification:_identify(log) by extension 'ignore'
[0.327s] Level 1:colcon.colcon_core.package_identification:_identify(log) ignored
[0.327s] Level 1:colcon.colcon_core.package_identification:_identify(src) by extensions ['ignore', 'ignore_ament_install']
[0.327s] Level 1:colcon.colcon_core.package_identification:_identify(src) by extension 'ignore'
[0.327s] Level 1:colcon.colcon_core.package_identification:_identify(src) by extension 'ignore_ament_install'
[0.327s] Level 1:colcon.colcon_core.package_identification:_identify(src) by extensions ['colcon_pkg']
[0.327s] Level 1:colcon.colcon_core.package_identification:_identify(src) by extension 'colcon_pkg'
[0.327s] Level 1:colcon.colcon_core.package_identification:_identify(src) by extensions ['colcon_meta']
[0.327s] Level 1:colcon.colcon_core.package_identification:_identify(src) by extension 'colcon_meta'
[0.327s] Level 1:colcon.colcon_core.package_identification:_identify(src) by extensions ['ros']
[0.327s] Level 1:colcon.colcon_core.package_identification:_identify(src) by extension 'ros'
[0.327s] Level 1:colcon.colcon_core.package_identification:_identify(src) by extensions ['cmake', 'python']
[0.327s] Level 1:colcon.colcon_core.package_identification:_identify(src) by extension 'cmake'
[0.327s] Level 1:colcon.colcon_core.package_identification:_identify(src) by extension 'python'
[0.328s] Level 1:colcon.colcon_core.package_identification:_identify(src) by extensions ['python_setup_py']
[0.328s] Level 1:colcon.colcon_core.package_identification:_identify(src) by extension 'python_setup_py'
[0.328s] Level 1:colcon.colcon_core.package_identification:_identify(src/ugv) by extensions ['ignore', 'ignore_ament_install']
[0.328s] Level 1:colcon.colcon_core.package_identification:_identify(src/ugv) by extension 'ignore'
[0.328s] Level 1:colcon.colcon_core.package_identification:_identify(src/ugv) by extension 'ignore_ament_install'
[0.328s] Level 1:colcon.colcon_core.package_identification:_identify(src/ugv) by extensions ['colcon_pkg']
[0.329s] Level 1:colcon.colcon_core.package_identification:_identify(src/ugv) by extension 'colcon_pkg'
[0.329s] Level 1:colcon.colcon_core.package_identification:_identify(src/ugv) by extensions ['colcon_meta']
[0.329s] Level 1:colcon.colcon_core.package_identification:_identify(src/ugv) by extension 'colcon_meta'
[0.329s] Level 1:colcon.colcon_core.package_identification:_identify(src/ugv) by extensions ['ros']
[0.329s] Level 1:colcon.colcon_core.package_identification:_identify(src/ugv) by extension 'ros'
[0.332s] DEBUG:colcon.colcon_core.package_identification:Package 'src/ugv' with type 'ros.ament_cmake' and name 'ugv'
[0.332s] Level 1:colcon.colcon_core.package_discovery:discover_packages(recursive) using defaults
[0.332s] Level 1:colcon.colcon_core.package_discovery:discover_packages(ignore) discover
[0.332s] Level 1:colcon.colcon_core.package_discovery:discover_packages(ignore) using defaults
[0.332s] Level 1:colcon.colcon_core.package_discovery:discover_packages(path) discover
[0.332s] Level 1:colcon.colcon_core.package_discovery:discover_packages(path) using defaults
[0.353s] Level 1:colcon.colcon_core.package_discovery:discover_packages(prefix_path) check parameters
[0.353s] Level 1:colcon.colcon_core.package_discovery:discover_packages(prefix_path) discover
[0.355s] DEBUG:colcon.colcon_installed_package_information.package_discovery:Found 1 installed packages in /home/david/ros2_ws/install
[0.357s] DEBUG:colcon.colcon_installed_package_information.package_discovery:Found 275 installed packages in /opt/ros/humble
[0.358s] Level 1:colcon.colcon_core.package_discovery:discover_packages(prefix_path) using defaults
[0.418s] Level 5:colcon.colcon_core.verb:set package 'ugv' build argument 'cmake_args' from command line to 'None'
[0.418s] Level 5:colcon.colcon_core.verb:set package 'ugv' build argument 'cmake_target' from command line to 'None'
[0.418s] Level 5:colcon.colcon_core.verb:set package 'ugv' build argument 'cmake_target_skip_unavailable' from command line to 'False'
[0.418s] Level 5:colcon.colcon_core.verb:set package 'ugv' build argument 'cmake_clean_cache' from command line to 'False'
[0.418s] Level 5:colcon.colcon_core.verb:set package 'ugv' build argument 'cmake_clean_first' from command line to 'False'
[0.418s] Level 5:colcon.colcon_core.verb:set package 'ugv' build argument 'cmake_force_configure' from command line to 'False'
[0.418s] Level 5:colcon.colcon_core.verb:set package 'ugv' build argument 'ament_cmake_args' from command line to 'None'
[0.418s] Level 5:colcon.colcon_core.verb:set package 'ugv' build argument 'catkin_cmake_args' from command line to 'None'
[0.418s] Level 5:colcon.colcon_core.verb:set package 'ugv' build argument 'catkin_skip_building_tests' from command line to 'False'
[0.418s] DEBUG:colcon.colcon_core.verb:Building package 'ugv' with the following arguments: {'ament_cmake_args': None, 'build_base': '/home/david/ros2_ws/build/ugv', 'catkin_cmake_args': None, 'catkin_skip_building_tests': False, 'cmake_args': None, 'cmake_clean_cache': False, 'cmake_clean_first': False, 'cmake_force_configure': False, 'cmake_target': None, 'cmake_target_skip_unavailable': False, 'install_base': '/home/david/ros2_ws/install/ugv', 'merge_install': False, 'path': '/home/david/ros2_ws/src/ugv', 'symlink_install': False, 'test_result_base': None}
[0.418s] INFO:colcon.colcon_core.executor:Executing jobs using 'parallel' executor
[0.420s] DEBUG:colcon.colcon_parallel_executor.executor.parallel:run_until_complete
[0.420s] INFO:colcon.colcon_ros.task.ament_cmake.build:Building ROS package in '/home/david/ros2_ws/src/ugv' with build type 'ament_cmake'
[0.421s] INFO:colcon.colcon_cmake.task.cmake.build:Building CMake package in '/home/david/ros2_ws/src/ugv'
[0.424s] INFO:colcon.colcon_core.plugin_system:Skipping extension 'colcon_core.shell.bat': Not used on non-Windows systems
[0.424s] INFO:colcon.colcon_core.shell:Skip shell extension 'powershell' for command environment: Not usable outside of PowerShell
[0.424s] DEBUG:colcon.colcon_core.shell:Skip shell extension 'dsv' for command environment
[0.457s] DEBUG:colcon.colcon_core.event_handler.log_command:Invoking command in '/home/david/ros2_ws/build/ugv': CMAKE_PREFIX_PATH=${CMAKE_PREFIX_PATH}:/opt/ros/humble /usr/bin/cmake --build /home/david/ros2_ws/build/ugv -- -j2 -l2
[0.692s] DEBUG:colcon.colcon_core.event_handler.log_command:Invoked command in '/home/david/ros2_ws/build/ugv' returned '2': CMAKE_PREFIX_PATH=${CMAKE_PREFIX_PATH}:/opt/ros/humble /usr/bin/cmake --build /home/david/ros2_ws/build/ugv -- -j2 -l2
[0.759s] Level 1:colcon.colcon_core.environment:create_environment_scripts_only(ugv)
[0.762s] Level 1:colcon.colcon_core.environment:checking '/home/david/ros2_ws/install/ugv' for CMake module files
[0.763s] Level 1:colcon.colcon_core.environment:checking '/home/david/ros2_ws/install/ugv' for CMake config files
[0.764s] Level 1:colcon.colcon_core.shell:create_environment_hook('ugv', 'cmake_prefix_path')
[0.764s] INFO:colcon.colcon_core.shell:Creating environment hook '/home/david/ros2_ws/install/ugv/share/ugv/hook/cmake_prefix_path.ps1'
[0.765s] INFO:colcon.colcon_core.shell:Creating environment descriptor '/home/david/ros2_ws/install/ugv/share/ugv/hook/cmake_prefix_path.dsv'
[0.766s] INFO:colcon.colcon_core.shell:Creating environment hook '/home/david/ros2_ws/install/ugv/share/ugv/hook/cmake_prefix_path.sh'
[0.767s] Level 1:colcon.colcon_core.environment:checking '/home/david/ros2_ws/install/ugv/bin'
[0.768s] Level 1:colcon.colcon_core.environment:checking '/home/david/ros2_ws/install/ugv/lib/pkgconfig/ugv.pc'
[0.768s] Level 1:colcon.colcon_core.environment:checking '/home/david/ros2_ws/install/ugv/lib/python3.10/site-packages'
[0.768s] Level 1:colcon.colcon_core.environment:checking '/home/david/ros2_ws/install/ugv/bin'
[0.769s] INFO:colcon.colcon_core.shell:Creating package script '/home/david/ros2_ws/install/ugv/share/ugv/package.ps1'
[0.770s] INFO:colcon.colcon_core.shell:Creating package descriptor '/home/david/ros2_ws/install/ugv/share/ugv/package.dsv'
[0.771s] INFO:colcon.colcon_core.shell:Creating package script '/home/david/ros2_ws/install/ugv/share/ugv/package.sh'
[0.772s] INFO:colcon.colcon_core.shell:Creating package script '/home/david/ros2_ws/install/ugv/share/ugv/package.bash'
[0.773s] INFO:colcon.colcon_core.shell:Creating package script '/home/david/ros2_ws/install/ugv/share/ugv/package.zsh'
[0.774s] Level 1:colcon.colcon_core.environment:create_file_with_runtime_dependencies(/home/david/ros2_ws/install/ugv/share/colcon-core/packages/ugv)
[0.777s] DEBUG:colcon.colcon_parallel_executor.executor.parallel:closing loop
[0.778s] DEBUG:colcon.colcon_parallel_executor.executor.parallel:loop closed
[0.778s] DEBUG:colcon.colcon_parallel_executor.executor.parallel:run_until_complete finished with '2'
[0.778s] DEBUG:colcon.colcon_core.event_reactor:joining thread
[0.783s] INFO:colcon.colcon_core.plugin_system:Skipping extension 'colcon_notification.desktop_notification.terminal_notifier': Not used on non-Darwin systems
[0.784s] INFO:colcon.colcon_core.plugin_system:Skipping extension 'colcon_notification.desktop_notification.win32': Not used on non-Windows systems
[0.784s] INFO:colcon.colcon_notification.desktop_notification:Sending desktop notification using 'notify2'
[0.826s] DEBUG:colcon.colcon_core.event_reactor:joined thread
[0.826s] INFO:colcon.colcon_core.shell:Creating prefix script '/home/david/ros2_ws/install/local_setup.ps1'
[0.827s] INFO:colcon.colcon_core.shell:Creating prefix util module '/home/david/ros2_ws/install/_local_setup_util_ps1.py'
[0.831s] INFO:colcon.colcon_core.shell:Creating prefix chain script '/home/david/ros2_ws/install/setup.ps1'
[0.837s] INFO:colcon.colcon_core.shell:Creating prefix script '/home/david/ros2_ws/install/local_setup.sh'
[0.837s] INFO:colcon.colcon_core.shell:Creating prefix util module '/home/david/ros2_ws/install/_local_setup_util_sh.py'
[0.838s] INFO:colcon.colcon_core.shell:Creating prefix chain script '/home/david/ros2_ws/install/setup.sh'
[0.840s] INFO:colcon.colcon_core.shell:Creating prefix script '/home/david/ros2_ws/install/local_setup.bash'
[0.844s] INFO:colcon.colcon_core.shell:Creating prefix chain script '/home/david/ros2_ws/install/setup.bash'
[0.845s] INFO:colcon.colcon_core.shell:Creating prefix script '/home/david/ros2_ws/install/local_setup.zsh'
[0.847s] INFO:colcon.colcon_core.shell:Creating prefix chain script '/home/david/ros2_ws/install/setup.zsh'
