[0.063s] Invoking command in '/home/david/ros2_ws/build/ugv': CMAKE_PREFIX_PATH=${CMAKE_PREFIX_PATH}:/opt/ros/humble /usr/bin/cmake --build /home/david/ros2_ws/build/ugv -- -j2 -l2
[0.094s] -- Found ament_cmake: 1.3.10 (/opt/ros/humble/share/ament_cmake/cmake)
[0.323s] -- Found rclpy: 3.3.14 (/opt/ros/humble/share/rclpy/cmake)
[0.324s] -- Found ament_lint_auto: 0.12.11 (/opt/ros/humble/share/ament_lint_auto/cmake)
[0.439s] -- Found gazebo_ros: 3.7.0 (/opt/ros/humble/share/gazebo_ros/cmake)
[0.479s] -- Found rosidl_generator_c: 3.1.5 (/opt/ros/humble/share/rosidl_generator_c/cmake)
[0.493s] -- Found rosidl_adapter: 3.1.5 (/opt/ros/humble/share/rosidl_adapter/cmake)
[0.493s] -- Found rosidl_generator_cpp: 3.1.5 (/opt/ros/humble/share/rosidl_generator_cpp/cmake)
[0.509s] -- Using all available rosidl_typesupport_c: rosidl_typesupport_fastrtps_c;rosidl_typesupport_introspection_c
[0.560s] -- Using all available rosidl_typesupport_cpp: rosidl_typesupport_fastrtps_cpp;rosidl_typesupport_introspection_cpp
[0.598s] -- Found rmw_implementation_cmake: 6.1.2 (/opt/ros/humble/share/rmw_implementation_cmake/cmake)
[0.599s] -- Found rmw_fastrtps_cpp: 6.2.7 (/opt/ros/humble/share/rmw_fastrtps_cpp/cmake)
[0.802s] -- Using RMW implementation 'rmw_fastrtps_cpp' as default
[0.955s] -- Found DART: /usr/include (Required is at least version "6.6") found components: dart 
[1.005s] -- Found Protobuf: /usr/lib/x86_64-linux-gnu/libprotobuf.so (found version "3.12.4") 
[1.016s] -- Looking for ignition-math6 -- found version 6.15.1
[1.022s] -- Searching for dependencies of ignition-math6
[1.028s] -- Looking for OGRE...
[1.036s] -- Found Ogre Ghadamon (1.9.0)
[1.037s] -- Found OGRE: optimized;/usr/lib/x86_64-linux-gnu/libOgreMain.so;debug;/usr/lib/x86_64-linux-gnu/libOgreMain.so
[1.048s] -- Looking for OGRE_Paging...
[1.050s] -- Found OGRE_Paging: optimized;/usr/lib/x86_64-linux-gnu/libOgrePaging.so;debug;/usr/lib/x86_64-linux-gnu/libOgrePaging.so
[1.050s] -- Looking for OGRE_Terrain...
[1.050s] -- Found OGRE_Terrain: optimized;/usr/lib/x86_64-linux-gnu/libOgreTerrain.so;debug;/usr/lib/x86_64-linux-gnu/libOgreTerrain.so
[1.051s] -- Looking for OGRE_Property...
[1.053s] -- Found OGRE_Property: optimized;/usr/lib/x86_64-linux-gnu/libOgreProperty.so;debug;/usr/lib/x86_64-linux-gnu/libOgreProperty.so
[1.053s] -- Looking for OGRE_RTShaderSystem...
[1.054s] -- Found OGRE_RTShaderSystem: optimized;/usr/lib/x86_64-linux-gnu/libOgreRTShaderSystem.so;debug;/usr/lib/x86_64-linux-gnu/libOgreRTShaderSystem.so
[1.054s] -- Looking for OGRE_Volume...
[1.054s] -- Found OGRE_Volume: optimized;/usr/lib/x86_64-linux-gnu/libOgreVolume.so;debug;/usr/lib/x86_64-linux-gnu/libOgreVolume.so
[1.054s] -- Looking for OGRE_Overlay...
[1.054s] -- Found OGRE_Overlay: optimized;/usr/lib/x86_64-linux-gnu/libOgreOverlay.so;debug;/usr/lib/x86_64-linux-gnu/libOgreOverlay.so
[1.167s] -- Looking for ignition-math6 -- found version 6.15.1
[1.168s] -- Looking for ignition-transport8 -- found version 8.2.1
[1.168s] -- Searching for dependencies of ignition-transport8
[1.201s] -- Found Protobuf: /usr/lib/x86_64-linux-gnu/libprotobuf.so (found suitable version "3.12.4", minimum required is "3") 
[1.212s] -- Config-file not installed for ZeroMQ -- checking for pkg-config
[1.223s] -- Checking for module 'libzmq >= 4'
[1.263s] --   Found libzmq , version 4.3.4
[1.403s] -- Checking for module 'uuid'
[1.445s] --   Found uuid, version 2.37.2
[1.547s] -- Looking for ignition-msgs5 -- found version 5.8.1
[1.547s] -- Searching for dependencies of ignition-msgs5
[1.573s] -- Looking for ignition-math6 -- found version 6.15.1
[1.595s] -- Checking for module 'tinyxml2'
[1.637s] --   Found tinyxml2, version 9.0.0
[1.757s] -- Looking for ignition-msgs5 -- found version 5.8.1
[1.757s] -- Looking for ignition-common3 -- found version 3.14.0
[1.758s] -- Searching for dependencies of ignition-common3
[1.758s] -- Looking for dlfcn.h - found
[1.759s] -- Looking for libdl - found
[1.777s] -- Searching for <ignition-common3> component [graphics]
[1.777s] -- Looking for ignition-common3-graphics -- found version 3.14.0
[1.778s] -- Searching for dependencies of ignition-common3-graphics
[1.778s] -- Looking for ignition-math6 -- found version 6.15.1
[1.786s] -- Looking for ignition-fuel_tools4 -- found version 4.4.0
[1.786s] -- Searching for dependencies of ignition-fuel_tools4
[1.851s] -- Checking for module 'jsoncpp'
[1.883s] --   Found jsoncpp, version 1.9.5
[2.010s] -- Checking for module 'libzip'
[2.058s] --   Found libzip, version 1.7.3
[2.161s] -- Looking for ignition-common3 -- found version 3.14.0
[2.162s] -- Looking for ignition-math6 -- found version 6.15.1
[2.163s] -- Looking for ignition-msgs5 -- found version 5.8.1
[2.165s] -- Gazebo version: 11.10
[2.167s] -- Found xacro: 2.0.8 (/opt/ros/humble/share/xacro/cmake)
[2.168s] -- Found urdf: 2.6.1 (/opt/ros/humble/share/urdf/cmake)
[2.206s] -- Added test 'flake8' to check Python code syntax and style conventions
[2.206s] -- Added test 'lint_cmake' to check CMake code style
[2.207s] -- Added test 'pep257' to check Python code against some of the docstring style conventions in PEP 257
[2.209s] -- Added test 'xmllint' to check XML markup files
[2.210s] -- Configuring done
[2.222s] -- Generating done
[2.225s] -- Build files have been written to: /home/david/ros2_ws/build/ugv
[2.277s] Invoked command in '/home/david/ros2_ws/build/ugv' returned '0': CMAKE_PREFIX_PATH=${CMAKE_PREFIX_PATH}:/opt/ros/humble /usr/bin/cmake --build /home/david/ros2_ws/build/ugv -- -j2 -l2
[2.367s] Invoking command in '/home/david/ros2_ws/build/ugv': CMAKE_PREFIX_PATH=${CMAKE_PREFIX_PATH}:/opt/ros/humble /usr/bin/cmake --install /home/david/ros2_ws/build/ugv
[2.387s] -- Install configuration: ""
[2.388s] -- Up-to-date: /home/david/ros2_ws/install/ugv/share/ugv//launch
[2.389s] -- Up-to-date: /home/david/ros2_ws/install/ugv/share/ugv//launch/display_ugv.launch.py
[2.389s] -- Up-to-date: /home/david/ros2_ws/install/ugv/share/ugv//launch/spawn_ugv.launch.py
[2.389s] -- Up-to-date: /home/david/ros2_ws/install/ugv/share/ugv//urdf
[2.389s] -- Up-to-date: /home/david/ros2_ws/install/ugv/share/ugv//urdf/ugvGazebo.xacro
[2.389s] -- Up-to-date: /home/david/ros2_ws/install/ugv/share/ugv//urdf/ugv.urdf
[2.389s] -- Up-to-date: /home/david/ros2_ws/install/ugv/share/ugv//urdf/ugv1.xacro
[2.389s] -- Up-to-date: /home/david/ros2_ws/install/ugv/share/ugv//urdf/ugv.xacro
[2.389s] -- Up-to-date: /home/david/ros2_ws/install/ugv/share/ugv//mesh
[2.394s] -- Up-to-date: /home/david/ros2_ws/install/ugv/share/ugv//mesh/tyre.mtl
[2.395s] -- Up-to-date: /home/david/ros2_ws/install/ugv/share/ugv//mesh/tyre.obj
[2.395s] -- Up-to-date: /home/david/ros2_ws/install/ugv/share/ugv//mesh/lidar.obj
[2.395s] -- Up-to-date: /home/david/ros2_ws/install/ugv/share/ugv//mesh/shaft.obj
[2.395s] -- Up-to-date: /home/david/ros2_ws/install/ugv/share/ugv//mesh/lidar.mtl
[2.395s] -- Up-to-date: /home/david/ros2_ws/install/ugv/share/ugv//mesh/mainBody.obj
[2.395s] -- Up-to-date: /home/david/ros2_ws/install/ugv/share/ugv//mesh/shaft.mtl
[2.396s] -- Up-to-date: /home/david/ros2_ws/install/ugv/share/ugv//mesh/mainBody.mtl
[2.396s] -- Up-to-date: /home/david/ros2_ws/install/ugv/share/ugv//rviz
[2.396s] -- Up-to-date: /home/david/ros2_ws/install/ugv/share/ugv//rviz/ugv_config.rviz
[2.396s] -- Installing: /home/david/ros2_ws/install/ugv/share/ament_index/resource_index/package_run_dependencies/ugv
[2.396s] -- Installing: /home/david/ros2_ws/install/ugv/share/ament_index/resource_index/parent_prefix_path/ugv
[2.396s] -- Up-to-date: /home/david/ros2_ws/install/ugv/share/ugv/environment/ament_prefix_path.sh
[2.396s] -- Installing: /home/david/ros2_ws/install/ugv/share/ugv/environment/ament_prefix_path.dsv
[2.396s] -- Up-to-date: /home/david/ros2_ws/install/ugv/share/ugv/environment/path.sh
[2.396s] -- Installing: /home/david/ros2_ws/install/ugv/share/ugv/environment/path.dsv
[2.398s] -- Up-to-date: /home/david/ros2_ws/install/ugv/share/ugv/local_setup.bash
[2.398s] -- Up-to-date: /home/david/ros2_ws/install/ugv/share/ugv/local_setup.sh
[2.399s] -- Up-to-date: /home/david/ros2_ws/install/ugv/share/ugv/local_setup.zsh
[2.400s] -- Installing: /home/david/ros2_ws/install/ugv/share/ugv/local_setup.dsv
[2.401s] -- Installing: /home/david/ros2_ws/install/ugv/share/ugv/package.dsv
[2.401s] -- Up-to-date: /home/david/ros2_ws/install/ugv/share/ament_index/resource_index/packages/ugv
[2.401s] -- Up-to-date: /home/david/ros2_ws/install/ugv/share/ugv/cmake/ugvConfig.cmake
[2.401s] -- Up-to-date: /home/david/ros2_ws/install/ugv/share/ugv/cmake/ugvConfig-version.cmake
[2.401s] -- Installing: /home/david/ros2_ws/install/ugv/share/ugv/package.xml
[2.409s] Invoked command in '/home/david/ros2_ws/build/ugv' returned '0': CMAKE_PREFIX_PATH=${CMAKE_PREFIX_PATH}:/opt/ros/humble /usr/bin/cmake --install /home/david/ros2_ws/build/ugv
