running egg_info
creating ../../build/greetingpy/greetingpy.egg-info
writing ../../build/greetingpy/greetingpy.egg-info/PKG-INFO
writing dependency_links to ../../build/greetingpy/greetingpy.egg-info/dependency_links.txt
writing entry points to ../../build/greetingpy/greetingpy.egg-info/entry_points.txt
writing requirements to ../../build/greetingpy/greetingpy.egg-info/requires.txt
writing top-level names to ../../build/greetingpy/greetingpy.egg-info/top_level.txt
writing manifest file '../../build/greetingpy/greetingpy.egg-info/SOURCES.txt'
reading manifest file '../../build/greetingpy/greetingpy.egg-info/SOURCES.txt'
writing manifest file '../../build/greetingpy/greetingpy.egg-info/SOURCES.txt'
running build
running build_py
creating /home/david/ros2_ws/build/greetingpy/build
creating /home/david/ros2_ws/build/greetingpy/build/lib
creating /home/david/ros2_ws/build/greetingpy/build/lib/greetingpy
copying greetingpy/__init__.py -> /home/david/ros2_ws/build/greetingpy/build/lib/greetingpy
copying greetingpy/greetsub.py -> /home/david/ros2_ws/build/greetingpy/build/lib/greetingpy
copying greetingpy/greetpub.py -> /home/david/ros2_ws/build/greetingpy/build/lib/greetingpy
running install
running install_lib
creating /home/david/ros2_ws/install/greetingpy/lib/python3.10/site-packages/greetingpy
copying /home/david/ros2_ws/build/greetingpy/build/lib/greetingpy/__init__.py -> /home/david/ros2_ws/install/greetingpy/lib/python3.10/site-packages/greetingpy
copying /home/david/ros2_ws/build/greetingpy/build/lib/greetingpy/greetsub.py -> /home/david/ros2_ws/install/greetingpy/lib/python3.10/site-packages/greetingpy
copying /home/david/ros2_ws/build/greetingpy/build/lib/greetingpy/greetpub.py -> /home/david/ros2_ws/install/greetingpy/lib/python3.10/site-packages/greetingpy
byte-compiling /home/david/ros2_ws/install/greetingpy/lib/python3.10/site-packages/greetingpy/__init__.py to __init__.cpython-310.pyc
byte-compiling /home/david/ros2_ws/install/greetingpy/lib/python3.10/site-packages/greetingpy/greetsub.py to greetsub.cpython-310.pyc
byte-compiling /home/david/ros2_ws/install/greetingpy/lib/python3.10/site-packages/greetingpy/greetpub.py to greetpub.cpython-310.pyc
running install_data
creating /home/david/ros2_ws/install/greetingpy/share/ament_index
creating /home/david/ros2_ws/install/greetingpy/share/ament_index/resource_index
creating /home/david/ros2_ws/install/greetingpy/share/ament_index/resource_index/packages
copying resource/greetingpy -> /home/david/ros2_ws/install/greetingpy/share/ament_index/resource_index/packages
copying package.xml -> /home/david/ros2_ws/install/greetingpy/share/greetingpy
running install_egg_info
Copying ../../build/greetingpy/greetingpy.egg-info to /home/david/ros2_ws/install/greetingpy/lib/python3.10/site-packages/greetingpy-0.0.0-py3.10.egg-info
running install_scripts
Installing greeting_publisher script to /home/david/ros2_ws/install/greetingpy/lib/greetingpy
Installing greeting_subscriber script to /home/david/ros2_ws/install/greetingpy/lib/greetingpy
writing list of installed files to '/home/david/ros2_ws/build/greetingpy/install.log'
