[1.328s] Invoking command in '/home/david/ros2_ws/src/greetingpy': PYTHONPATH=/home/david/ros2_ws/build/greetingpy/prefix_override:/usr/lib/python3/dist-packages/colcon_core/task/python/colcon_distutils_commands:/home/david/ros2_ws/install/greetingpy/lib/python3.10/site-packages:${PYTHONPATH} /usr/bin/python3 -W ignore:setup.py install is deprecated setup.py egg_info --egg-base ../../build/greetingpy build --build-base /home/david/ros2_ws/build/greetingpy/build install --record /home/david/ros2_ws/build/greetingpy/install.log --single-version-externally-managed install_data
[1.825s] running egg_info
[1.826s] creating ../../build/greetingpy/greetingpy.egg-info
[1.826s] writing ../../build/greetingpy/greetingpy.egg-info/PKG-INFO
[1.827s] writing dependency_links to ../../build/greetingpy/greetingpy.egg-info/dependency_links.txt
[1.827s] writing entry points to ../../build/greetingpy/greetingpy.egg-info/entry_points.txt
[1.827s] writing requirements to ../../build/greetingpy/greetingpy.egg-info/requires.txt
[1.828s] writing top-level names to ../../build/greetingpy/greetingpy.egg-info/top_level.txt
[1.828s] writing manifest file '../../build/greetingpy/greetingpy.egg-info/SOURCES.txt'
[1.831s] reading manifest file '../../build/greetingpy/greetingpy.egg-info/SOURCES.txt'
[1.833s] writing manifest file '../../build/greetingpy/greetingpy.egg-info/SOURCES.txt'
[1.833s] running build
[1.834s] running build_py
[1.834s] creating /home/david/ros2_ws/build/greetingpy/build
[1.835s] creating /home/david/ros2_ws/build/greetingpy/build/lib
[1.835s] creating /home/david/ros2_ws/build/greetingpy/build/lib/greetingpy
[1.835s] copying greetingpy/__init__.py -> /home/david/ros2_ws/build/greetingpy/build/lib/greetingpy
[1.836s] copying greetingpy/greetsub.py -> /home/david/ros2_ws/build/greetingpy/build/lib/greetingpy
[1.836s] copying greetingpy/greetpub.py -> /home/david/ros2_ws/build/greetingpy/build/lib/greetingpy
[1.836s] running install
[1.836s] running install_lib
[1.837s] creating /home/david/ros2_ws/install/greetingpy/lib/python3.10/site-packages/greetingpy
[1.838s] copying /home/david/ros2_ws/build/greetingpy/build/lib/greetingpy/__init__.py -> /home/david/ros2_ws/install/greetingpy/lib/python3.10/site-packages/greetingpy
[1.838s] copying /home/david/ros2_ws/build/greetingpy/build/lib/greetingpy/greetsub.py -> /home/david/ros2_ws/install/greetingpy/lib/python3.10/site-packages/greetingpy
[1.838s] copying /home/david/ros2_ws/build/greetingpy/build/lib/greetingpy/greetpub.py -> /home/david/ros2_ws/install/greetingpy/lib/python3.10/site-packages/greetingpy
[1.840s] byte-compiling /home/david/ros2_ws/install/greetingpy/lib/python3.10/site-packages/greetingpy/__init__.py to __init__.cpython-310.pyc
[1.840s] byte-compiling /home/david/ros2_ws/install/greetingpy/lib/python3.10/site-packages/greetingpy/greetsub.py to greetsub.cpython-310.pyc
[1.841s] byte-compiling /home/david/ros2_ws/install/greetingpy/lib/python3.10/site-packages/greetingpy/greetpub.py to greetpub.cpython-310.pyc
[1.842s] running install_data
[1.842s] creating /home/david/ros2_ws/install/greetingpy/share/ament_index
[1.843s] creating /home/david/ros2_ws/install/greetingpy/share/ament_index/resource_index
[1.843s] creating /home/david/ros2_ws/install/greetingpy/share/ament_index/resource_index/packages
[1.843s] copying resource/greetingpy -> /home/david/ros2_ws/install/greetingpy/share/ament_index/resource_index/packages
[1.844s] copying package.xml -> /home/david/ros2_ws/install/greetingpy/share/greetingpy
[1.844s] running install_egg_info
[1.847s] Copying ../../build/greetingpy/greetingpy.egg-info to /home/david/ros2_ws/install/greetingpy/lib/python3.10/site-packages/greetingpy-0.0.0-py3.10.egg-info
[1.849s] running install_scripts
[1.892s] Installing greeting_publisher script to /home/david/ros2_ws/install/greetingpy/lib/greetingpy
[1.893s] Installing greeting_subscriber script to /home/david/ros2_ws/install/greetingpy/lib/greetingpy
[1.893s] writing list of installed files to '/home/david/ros2_ws/build/greetingpy/install.log'
[1.959s] Invoked command in '/home/david/ros2_ws/src/greetingpy' returned '0': PYTHONPATH=/home/david/ros2_ws/build/greetingpy/prefix_override:/usr/lib/python3/dist-packages/colcon_core/task/python/colcon_distutils_commands:/home/david/ros2_ws/install/greetingpy/lib/python3.10/site-packages:${PYTHONPATH} /usr/bin/python3 -W ignore:setup.py install is deprecated setup.py egg_info --egg-base ../../build/greetingpy build --build-base /home/david/ros2_ws/build/greetingpy/build install --record /home/david/ros2_ws/build/greetingpy/install.log --single-version-externally-managed install_data
