[0.022s] Invoking command in '/home/david/ros/ros2_ws/build/ugv': CMAKE_PREFIX_PATH=/opt/ros/humble /usr/bin/cmake /home/david/ros/ros2_ws/src/ugv -DCMAKE_INSTALL_PREFIX=/home/david/ros/ros2_ws/install/ugv
[0.046s] -- Found ament_cmake: 1.3.10 (/opt/ros/humble/share/ament_cmake/cmake)
[0.324s] -- Found rclcpp: 16.0.10 (/opt/ros/humble/share/rclcpp/cmake)
[0.388s] -- Found rosidl_generator_c: 3.1.5 (/opt/ros/humble/share/rosidl_generator_c/cmake)
[0.392s] -- Found rosidl_adapter: 3.1.5 (/opt/ros/humble/share/rosidl_adapter/cmake)
[0.403s] -- Found rosidl_generator_cpp: 3.1.5 (/opt/ros/humble/share/rosidl_generator_cpp/cmake)
[0.421s] -- Using all available rosidl_typesupport_c: rosidl_typesupport_fastrtps_c;rosidl_typesupport_introspection_c
[0.444s] -- Using all available rosidl_typesupport_cpp: rosidl_typesupport_fastrtps_cpp;rosidl_typesupport_introspection_cpp
[0.503s] -- Found rmw_implementation_cmake: 6.1.2 (/opt/ros/humble/share/rmw_implementation_cmake/cmake)
[0.505s] -- Found rmw_fastrtps_cpp: 6.2.7 (/opt/ros/humble/share/rmw_fastrtps_cpp/cmake)
[0.684s] -- Using RMW implementation 'rmw_fastrtps_cpp' as default
[0.775s] -- Found urdf: 2.6.1 (/opt/ros/humble/share/urdf/cmake)
[0.812s] -- Found xacro: 2.0.8 (/opt/ros/humble/share/xacro/cmake)
[0.830s] [33mCMake Warning at CMakeLists.txt:13 (find_package):
[0.831s]   By not providing "Findjoint_state_publisher.cmake" in CMAKE_MODULE_PATH
[0.831s]   this project has asked CMake to find a package configuration file provided
[0.831s]   by "joint_state_publisher", but CMake did not find one.
[0.831s] 
[0.831s]   Could not find a package configuration file provided by
[0.831s]   "joint_state_publisher" with any of the following names:
[0.832s] 
[0.832s]     joint_state_publisherConfig.cmake
[0.832s]     joint_state_publisher-config.cmake
[0.832s] 
[0.832s]   Add the installation prefix of "joint_state_publisher" to CMAKE_PREFIX_PATH
[0.832s]   or set "joint_state_publisher_DIR" to a directory containing one of the
[0.832s]   above files.  If "joint_state_publisher" provides a separate development
[0.832s]   package or SDK, be sure it has been installed.
[0.833s] 
[0.833s] [0m
[0.848s] [33mCMake Warning at CMakeLists.txt:14 (find_package):
[0.848s]   By not providing "Findjoint_state_publisher_gui.cmake" in CMAKE_MODULE_PATH
[0.848s]   this project has asked CMake to find a package configuration file provided
[0.848s]   by "joint_state_publisher_gui", but CMake did not find one.
[0.848s] 
[0.848s]   Could not find a package configuration file provided by
[0.849s]   "joint_state_publisher_gui" with any of the following names:
[0.849s] 
[0.849s]     joint_state_publisher_guiConfig.cmake
[0.849s]     joint_state_publisher_gui-config.cmake
[0.849s] 
[0.849s]   Add the installation prefix of "joint_state_publisher_gui" to
[0.849s]   CMAKE_PREFIX_PATH or set "joint_state_publisher_gui_DIR" to a directory
[0.849s]   containing one of the above files.  If "joint_state_publisher_gui" provides
[0.850s]   a separate development package or SDK, be sure it has been installed.
[0.850s] 
[0.850s] [0m
[0.852s] -- Found rclpy: 3.3.14 (/opt/ros/humble/share/rclpy/cmake)
[0.855s] -- Found geometry_msgs: 4.2.4 (/opt/ros/humble/share/geometry_msgs/cmake)
[0.895s] -- Found ament_lint_auto: 0.12.11 (/opt/ros/humble/share/ament_lint_auto/cmake)
[1.088s] -- Added test 'flake8' to check Python code syntax and style conventions
[1.089s] -- Added test 'lint_cmake' to check CMake code style
[1.091s] -- Added test 'pep257' to check Python code against some of the docstring style conventions in PEP 257
[1.094s] -- Added test 'xmllint' to check XML markup files
[1.100s] -- Configuring done
[1.115s] -- Generating done
[1.122s] -- Build files have been written to: /home/david/ros/ros2_ws/build/ugv
[1.152s] Invoked command in '/home/david/ros/ros2_ws/build/ugv' returned '0': CMAKE_PREFIX_PATH=/opt/ros/humble /usr/bin/cmake /home/david/ros/ros2_ws/src/ugv -DCMAKE_INSTALL_PREFIX=/home/david/ros/ros2_ws/install/ugv
[1.156s] Invoking command in '/home/david/ros/ros2_ws/build/ugv': CMAKE_PREFIX_PATH=/opt/ros/humble /usr/bin/cmake --build /home/david/ros/ros2_ws/build/ugv -- -j6 -l6
[1.244s] Invoked command in '/home/david/ros/ros2_ws/build/ugv' returned '0': CMAKE_PREFIX_PATH=/opt/ros/humble /usr/bin/cmake --build /home/david/ros/ros2_ws/build/ugv -- -j6 -l6
[1.268s] Invoking command in '/home/david/ros/ros2_ws/build/ugv': CMAKE_PREFIX_PATH=/opt/ros/humble /usr/bin/cmake --install /home/david/ros/ros2_ws/build/ugv
[1.288s] -- Install configuration: ""
[1.288s] -- Installing: /home/david/ros/ros2_ws/install/ugv/share/ugv/urdf
[1.288s] -- Installing: /home/david/ros/ros2_ws/install/ugv/share/ugv/urdf/r2d.urdf
[1.288s] -- Installing: /home/david/ros/ros2_ws/install/ugv/share/ugv/urdf/ugv.urdf
[1.289s] -- Installing: /home/david/ros/ros2_ws/install/ugv/share/ugv/urdf/ugv.xacro
[1.289s] -- Installing: /home/david/ros/ros2_ws/install/ugv/share/ugv/launch
[1.289s] -- Installing: /home/david/ros/ros2_ws/install/ugv/share/ugv/launch/ignition_ugv.launch.py
[1.289s] -- Installing: /home/david/ros/ros2_ws/install/ugv/share/ugv/launch/basic.launch.py
[1.289s] -- Installing: /home/david/ros/ros2_ws/install/ugv/share/ugv/launch/display_ugv.launch.py
[1.290s] -- Installing: /home/david/ros/ros2_ws/install/ugv/share/ugv//mesh
[1.290s] -- Installing: /home/david/ros/ros2_ws/install/ugv/share/ugv//mesh/shaft.mtl
[1.290s] -- Installing: /home/david/ros/ros2_ws/install/ugv/share/ugv//mesh/lidar.mtl
[1.290s] -- Installing: /home/david/ros/ros2_ws/install/ugv/share/ugv//mesh/mainBody.stl
[1.291s] -- Installing: /home/david/ros/ros2_ws/install/ugv/share/ugv//mesh/tyre.stl
[1.292s] -- Installing: /home/david/ros/ros2_ws/install/ugv/share/ugv//mesh/shaft.obj
[1.292s] -- Installing: /home/david/ros/ros2_ws/install/ugv/share/ugv//mesh/lidar.obj
[1.292s] -- Installing: /home/david/ros/ros2_ws/install/ugv/share/ugv//mesh/tyre.obj
[1.293s] -- Installing: /home/david/ros/ros2_ws/install/ugv/share/ugv//mesh/shaft.stl
[1.293s] -- Installing: /home/david/ros/ros2_ws/install/ugv/share/ugv//mesh/mainBody.obj
[1.294s] -- Installing: /home/david/ros/ros2_ws/install/ugv/share/ugv//mesh/tyre.mtl
[1.294s] -- Installing: /home/david/ros/ros2_ws/install/ugv/share/ugv//mesh/mainBody.mtl
[1.295s] -- Installing: /home/david/ros/ros2_ws/install/ugv/share/ugv//mesh/lidar.stl
[1.295s] -- Installing: /home/david/ros/ros2_ws/install/ugv/share/ugv//rviz
[1.295s] -- Installing: /home/david/ros/ros2_ws/install/ugv/share/ugv//rviz/ugv_config.rviz
[1.296s] -- Installing: /home/david/ros/ros2_ws/install/ugv/share/ament_index/resource_index/package_run_dependencies/ugv
[1.296s] -- Installing: /home/david/ros/ros2_ws/install/ugv/share/ament_index/resource_index/parent_prefix_path/ugv
[1.297s] -- Installing: /home/david/ros/ros2_ws/install/ugv/share/ugv/environment/ament_prefix_path.sh
[1.297s] -- Installing: /home/david/ros/ros2_ws/install/ugv/share/ugv/environment/ament_prefix_path.dsv
[1.298s] -- Installing: /home/david/ros/ros2_ws/install/ugv/share/ugv/environment/path.sh
[1.298s] -- Installing: /home/david/ros/ros2_ws/install/ugv/share/ugv/environment/path.dsv
[1.298s] -- Installing: /home/david/ros/ros2_ws/install/ugv/share/ugv/local_setup.bash
[1.298s] -- Installing: /home/david/ros/ros2_ws/install/ugv/share/ugv/local_setup.sh
[1.299s] -- Installing: /home/david/ros/ros2_ws/install/ugv/share/ugv/local_setup.zsh
[1.299s] -- Installing: /home/david/ros/ros2_ws/install/ugv/share/ugv/local_setup.dsv
[1.299s] -- Installing: /home/david/ros/ros2_ws/install/ugv/share/ugv/package.dsv
[1.300s] -- Installing: /home/david/ros/ros2_ws/install/ugv/share/ament_index/resource_index/packages/ugv
[1.300s] -- Installing: /home/david/ros/ros2_ws/install/ugv/share/ugv/cmake/ugvConfig.cmake
[1.300s] -- Installing: /home/david/ros/ros2_ws/install/ugv/share/ugv/cmake/ugvConfig-version.cmake
[1.300s] -- Installing: /home/david/ros/ros2_ws/install/ugv/share/ugv/package.xml
[1.305s] Invoked command in '/home/david/ros/ros2_ws/build/ugv' returned '0': CMAKE_PREFIX_PATH=/opt/ros/humble /usr/bin/cmake --install /home/david/ros/ros2_ws/build/ugv
