[0.026s] Invoking command in '/home/david/ros2_ws/build/ugv': CMAKE_PREFIX_PATH=${CMAKE_PREFIX_PATH}:/opt/ros/humble /usr/bin/cmake --build /home/david/ros2_ws/build/ugv -- -j2 -l2
[0.077s] -- Found ament_cmake: 1.3.10 (/opt/ros/humble/share/ament_cmake/cmake)
[0.214s] -- Found rclpy: 3.3.14 (/opt/ros/humble/share/rclpy/cmake)
[0.214s] -- Found xacro: 2.0.8 (/opt/ros/humble/share/xacro/cmake)
[0.215s] -- Found ament_lint_auto: 0.12.11 (/opt/ros/humble/share/ament_lint_auto/cmake)
[0.287s] -- Added test 'flake8' to check Python code syntax and style conventions
[0.288s] -- Added test 'lint_cmake' to check CMake code style
[0.288s] -- Added test 'pep257' to check Python code against some of the docstring style conventions in PEP 257
[0.290s] -- Added test 'xmllint' to check XML markup files
[0.291s] -- Configuring done
[0.300s] -- Generating done
[0.304s] -- Build files have been written to: /home/david/ros2_ws/build/ugv
[0.359s] Invoked command in '/home/david/ros2_ws/build/ugv' returned '0': CMAKE_PREFIX_PATH=${CMAKE_PREFIX_PATH}:/opt/ros/humble /usr/bin/cmake --build /home/david/ros2_ws/build/ugv -- -j2 -l2
[0.437s] Invoking command in '/home/david/ros2_ws/build/ugv': CMAKE_PREFIX_PATH=${CMAKE_PREFIX_PATH}:/opt/ros/humble /usr/bin/cmake --install /home/david/ros2_ws/build/ugv
[0.456s] -- Install configuration: ""
[0.459s] -- Up-to-date: /home/david/ros2_ws/install/ugv/share/ugv/launch
[0.459s] -- Installing: /home/david/ros2_ws/install/ugv/share/ugv/launch/display_ugv.launch.py
[0.459s] -- Up-to-date: /home/david/ros2_ws/install/ugv/share/ugv/urdf
[0.459s] -- Up-to-date: /home/david/ros2_ws/install/ugv/share/ugv/urdf/ugv.xacro
[0.459s] -- Installing: /home/david/ros2_ws/install/ugv/share/ugv/mesh
[0.461s] -- Installing: /home/david/ros2_ws/install/ugv/share/ugv/mesh/lidarv2.obj
[0.461s] -- Installing: /home/david/ros2_ws/install/ugv/share/ugv/mesh/shaftv2.mtl
[0.461s] -- Installing: /home/david/ros2_ws/install/ugv/share/ugv/mesh/shaftv2.obj
[0.461s] -- Installing: /home/david/ros2_ws/install/ugv/share/ugv/mesh/mainBodyv2.mtl
[0.461s] -- Installing: /home/david/ros2_ws/install/ugv/share/ugv/mesh/mainBodyv2.obj
[0.461s] -- Installing: /home/david/ros2_ws/install/ugv/share/ugv/mesh/tyrev3.obj
[0.462s] -- Installing: /home/david/ros2_ws/install/ugv/share/ugv/mesh/lidarv2.mtl
[0.465s] -- Installing: /home/david/ros2_ws/install/ugv/share/ugv/mesh/tyrev3.mtl
[0.467s] -- Up-to-date: /home/david/ros2_ws/install/ugv/share/ament_index/resource_index/package_run_dependencies/ugv
[0.467s] -- Up-to-date: /home/david/ros2_ws/install/ugv/share/ament_index/resource_index/parent_prefix_path/ugv
[0.468s] -- Up-to-date: /home/david/ros2_ws/install/ugv/share/ugv/environment/ament_prefix_path.sh
[0.468s] -- Installing: /home/david/ros2_ws/install/ugv/share/ugv/environment/ament_prefix_path.dsv
[0.468s] -- Up-to-date: /home/david/ros2_ws/install/ugv/share/ugv/environment/path.sh
[0.468s] -- Installing: /home/david/ros2_ws/install/ugv/share/ugv/environment/path.dsv
[0.468s] -- Up-to-date: /home/david/ros2_ws/install/ugv/share/ugv/local_setup.bash
[0.468s] -- Up-to-date: /home/david/ros2_ws/install/ugv/share/ugv/local_setup.sh
[0.468s] -- Up-to-date: /home/david/ros2_ws/install/ugv/share/ugv/local_setup.zsh
[0.468s] -- Installing: /home/david/ros2_ws/install/ugv/share/ugv/local_setup.dsv
[0.468s] -- Installing: /home/david/ros2_ws/install/ugv/share/ugv/package.dsv
[0.468s] -- Up-to-date: /home/david/ros2_ws/install/ugv/share/ament_index/resource_index/packages/ugv
[0.473s] -- Up-to-date: /home/david/ros2_ws/install/ugv/share/ugv/cmake/ugvConfig.cmake
[0.473s] -- Up-to-date: /home/david/ros2_ws/install/ugv/share/ugv/cmake/ugvConfig-version.cmake
[0.473s] -- Up-to-date: /home/david/ros2_ws/install/ugv/share/ugv/package.xml
[0.479s] Invoked command in '/home/david/ros2_ws/build/ugv' returned '0': CMAKE_PREFIX_PATH=${CMAKE_PREFIX_PATH}:/opt/ros/humble /usr/bin/cmake --install /home/david/ros2_ws/build/ugv
