[0.025s] Invoking command in '/home/david/ros/ros2_ws/build/ugv': CMAKE_PREFIX_PATH=/opt/ros/humble /usr/bin/cmake /home/david/ros/ros2_ws/src/ugv -DCMAKE_INSTALL_PREFIX=/home/david/ros/ros2_ws/install/ugv
[0.674s] -- The C compiler identification is GNU 11.4.0
[1.109s] -- The CXX compiler identification is GNU 11.4.0
[1.144s] -- Detecting C compiler ABI info
[1.316s] -- Detecting C compiler ABI info - done
[1.329s] -- Check for working C compiler: /usr/bin/cc - skipped
[1.331s] -- Detecting C compile features
[1.334s] -- Detecting C compile features - done
[1.344s] -- Detecting CXX compiler ABI info
[1.516s] -- Detecting CXX compiler ABI info - done
[1.529s] -- Check for working CXX compiler: /usr/bin/c++ - skipped
[1.529s] -- Detecting CXX compile features
[1.531s] -- Detecting CXX compile features - done
[1.543s] -- Found ament_cmake: 1.3.10 (/opt/ros/humble/share/ament_cmake/cmake)
[1.899s] -- Found Python3: /usr/bin/python3 (found version "3.10.12") found components: Interpreter 
[2.136s] -- Found rclcpp: 16.0.10 (/opt/ros/humble/share/rclcpp/cmake)
[2.264s] -- Found rosidl_generator_c: 3.1.5 (/opt/ros/humble/share/rosidl_generator_c/cmake)
[2.279s] -- Found rosidl_adapter: 3.1.5 (/opt/ros/humble/share/rosidl_adapter/cmake)
[2.308s] -- Found rosidl_generator_cpp: 3.1.5 (/opt/ros/humble/share/rosidl_generator_cpp/cmake)
[2.349s] -- Using all available rosidl_typesupport_c: rosidl_typesupport_fastrtps_c;rosidl_typesupport_introspection_c
[2.401s] -- Using all available rosidl_typesupport_cpp: rosidl_typesupport_fastrtps_cpp;rosidl_typesupport_introspection_cpp
[2.531s] -- Found rmw_implementation_cmake: 6.1.2 (/opt/ros/humble/share/rmw_implementation_cmake/cmake)
[2.538s] -- Found rmw_fastrtps_cpp: 6.2.7 (/opt/ros/humble/share/rmw_fastrtps_cpp/cmake)
[2.743s] -- Found OpenSSL: /usr/lib/aarch64-linux-gnu/libcrypto.so (found version "3.0.2")  
[2.816s] -- Found FastRTPS: /opt/ros/humble/include  
[2.898s] -- Using RMW implementation 'rmw_fastrtps_cpp' as default
[2.926s] -- Looking for pthread.h
[3.101s] -- Looking for pthread.h - found
[3.102s] -- Performing Test CMAKE_HAVE_LIBC_PTHREAD
[3.262s] -- Performing Test CMAKE_HAVE_LIBC_PTHREAD - Success
[3.264s] -- Found Threads: TRUE  
[3.440s] -- Found urdf: 2.6.1 (/opt/ros/humble/share/urdf/cmake)
[3.539s] [31mCMake Error at CMakeLists.txt:12 (find_package):
[3.539s]   By not providing "Findxacro.cmake" in CMAKE_MODULE_PATH this project has
[3.539s]   asked CMake to find a package configuration file provided by "xacro", but
[3.540s]   CMake did not find one.
[3.540s] 
[3.540s]   Could not find a package configuration file provided by "xacro" with any of
[3.540s]   the following names:
[3.541s] 
[3.541s]     xacroConfig.cmake
[3.541s]     xacro-config.cmake
[3.542s] 
[3.542s]   Add the installation prefix of "xacro" to CMAKE_PREFIX_PATH or set
[3.542s]   "xacro_DIR" to a directory containing one of the above files.  If "xacro"
[3.542s]   provides a separate development package or SDK, be sure it has been
[3.542s]   installed.
[3.543s] 
[3.543s] [0m
[3.543s] -- Configuring incomplete, errors occurred!
[3.543s] See also "/home/david/ros/ros2_ws/build/ugv/CMakeFiles/CMakeOutput.log".
[3.561s] Invoked command in '/home/david/ros/ros2_ws/build/ugv' returned '1': CMAKE_PREFIX_PATH=/opt/ros/humble /usr/bin/cmake /home/david/ros/ros2_ws/src/ugv -DCMAKE_INSTALL_PREFIX=/home/david/ros/ros2_ws/install/ugv
