-- Install configuration: ""
-- Up-to-date: /home/david/ros2_ws/install/ugv/share/ugv//launch
-- Up-to-date: /home/david/ros2_ws/install/ugv/share/ugv//launch/display_ugv.launch.xml
-- Up-to-date: /home/david/ros2_ws/install/ugv/share/ugv//urdf
-- Up-to-date: /home/david/ros2_ws/install/ugv/share/ugv//urdf/ugv.xacro
-- Up-to-date: /home/david/ros2_ws/install/ugv/share/ament_index/resource_index/package_run_dependencies/ugv
-- Up-to-date: /home/david/ros2_ws/install/ugv/share/ament_index/resource_index/parent_prefix_path/ugv
-- Up-to-date: /home/david/ros2_ws/install/ugv/share/ugv/environment/ament_prefix_path.sh
-- Up-to-date: /home/david/ros2_ws/install/ugv/share/ugv/environment/ament_prefix_path.dsv
-- Up-to-date: /home/david/ros2_ws/install/ugv/share/ugv/environment/path.sh
-- Up-to-date: /home/david/ros2_ws/install/ugv/share/ugv/environment/path.dsv
-- Up-to-date: /home/david/ros2_ws/install/ugv/share/ugv/local_setup.bash
-- Up-to-date: /home/david/ros2_ws/install/ugv/share/ugv/local_setup.sh
-- Up-to-date: /home/david/ros2_ws/install/ugv/share/ugv/local_setup.zsh
-- Up-to-date: /home/david/ros2_ws/install/ugv/share/ugv/local_setup.dsv
-- Installing: /home/david/ros2_ws/install/ugv/share/ugv/package.dsv
-- Up-to-date: /home/david/ros2_ws/install/ugv/share/ament_index/resource_index/packages/ugv
-- Up-to-date: /home/david/ros2_ws/install/ugv/share/ugv/cmake/ugvConfig.cmake
-- Up-to-date: /home/david/ros2_ws/install/ugv/share/ugv/cmake/ugvConfig-version.cmake
-- Up-to-date: /home/david/ros2_ws/install/ugv/share/ugv/package.xml
