[0.027s] Invoking command in '/home/david/ros2_ws/build/ugv': CMAKE_PREFIX_PATH=/opt/ros/humble /usr/bin/cmake --build /home/david/ros2_ws/build/ugv -- -j2 -l2
[0.084s] -- Found ament_cmake: 1.3.10 (/opt/ros/humble/share/ament_cmake/cmake)
[0.258s] -- Found rclpy: 3.3.14 (/opt/ros/humble/share/rclpy/cmake)
[0.258s] -- Found ament_lint_auto: 0.12.11 (/opt/ros/humble/share/ament_lint_auto/cmake)
[0.349s] -- Found xacro: 2.0.8 (/opt/ros/humble/share/xacro/cmake)
[0.360s] -- Found rviz2: 11.2.13 (/opt/ros/humble/share/rviz2/cmake)
[0.369s] -- Found robot_state_publisher: 3.0.3 (/opt/ros/humble/share/robot_state_publisher/cmake)
[0.535s] -- Found rosidl_generator_c: 3.1.5 (/opt/ros/humble/share/rosidl_generator_c/cmake)
[0.564s] -- Found rosidl_adapter: 3.1.5 (/opt/ros/humble/share/rosidl_adapter/cmake)
[0.594s] -- Found rosidl_generator_cpp: 3.1.5 (/opt/ros/humble/share/rosidl_generator_cpp/cmake)
[0.656s] -- Using all available rosidl_typesupport_c: rosidl_typesupport_fastrtps_c;rosidl_typesupport_introspection_c
[0.717s] -- Using all available rosidl_typesupport_cpp: rosidl_typesupport_fastrtps_cpp;rosidl_typesupport_introspection_cpp
[0.908s] -- Found eigen3_cmake_module: 0.1.1 (/opt/ros/humble/share/eigen3_cmake_module/cmake)
[0.926s] -- Found Eigen3: TRUE (found version "3.4.0") 
[0.926s] -- Ensuring Eigen3 include directory is part of orocos-kdl CMake target
[1.116s] -- Found rmw_implementation_cmake: 6.1.2 (/opt/ros/humble/share/rmw_implementation_cmake/cmake)
[1.126s] -- Found rmw_fastrtps_cpp: 6.2.7 (/opt/ros/humble/share/rmw_fastrtps_cpp/cmake)
[1.392s] -- Found OpenSSL: /usr/lib/x86_64-linux-gnu/libcrypto.so (found version "3.0.2")  
[1.452s] -- Found FastRTPS: /opt/ros/humble/include  
[1.512s] -- Using RMW implementation 'rmw_fastrtps_cpp' as default
[1.550s] -- Looking for pthread.h
[1.850s] -- Looking for pthread.h - found
[1.866s] -- Performing Test CMAKE_HAVE_LIBC_PTHREAD
[2.085s] -- Performing Test CMAKE_HAVE_LIBC_PTHREAD - Success
[2.089s] -- Found Threads: TRUE  
[2.753s] -- Added test 'lint_cmake' to check CMake code style
[2.754s] -- Added test 'xmllint' to check XML markup files
[2.757s] -- Configuring done
[2.767s] -- Generating done
[2.770s] -- Build files have been written to: /home/david/ros2_ws/build/ugv
[2.838s] Invoked command in '/home/david/ros2_ws/build/ugv' returned '0': CMAKE_PREFIX_PATH=/opt/ros/humble /usr/bin/cmake --build /home/david/ros2_ws/build/ugv -- -j2 -l2
[2.970s] Invoking command in '/home/david/ros2_ws/build/ugv': CMAKE_PREFIX_PATH=/opt/ros/humble /usr/bin/cmake --install /home/david/ros2_ws/build/ugv
[2.984s] -- Install configuration: ""
[2.984s] -- Installing: /home/david/ros2_ws/install/ugv/share/ugv//launch
[2.985s] -- Installing: /home/david/ros2_ws/install/ugv/share/ugv//launch/display_ugv.launch.xml
[2.986s] -- Installing: /home/david/ros2_ws/install/ugv/share/ugv//urdf
[2.986s] -- Installing: /home/david/ros2_ws/install/ugv/share/ugv//urdf/ugv.xacro
[2.987s] -- Installing: /home/david/ros2_ws/install/ugv/share/ament_index/resource_index/package_run_dependencies/ugv
[2.987s] -- Up-to-date: /home/david/ros2_ws/install/ugv/share/ament_index/resource_index/parent_prefix_path/ugv
[2.987s] -- Up-to-date: /home/david/ros2_ws/install/ugv/share/ugv/environment/ament_prefix_path.sh
[2.992s] -- Installing: /home/david/ros2_ws/install/ugv/share/ugv/environment/ament_prefix_path.dsv
[2.992s] -- Up-to-date: /home/david/ros2_ws/install/ugv/share/ugv/environment/path.sh
[2.992s] -- Installing: /home/david/ros2_ws/install/ugv/share/ugv/environment/path.dsv
[2.992s] -- Up-to-date: /home/david/ros2_ws/install/ugv/share/ugv/local_setup.bash
[2.992s] -- Up-to-date: /home/david/ros2_ws/install/ugv/share/ugv/local_setup.sh
[2.992s] -- Up-to-date: /home/david/ros2_ws/install/ugv/share/ugv/local_setup.zsh
[2.992s] -- Installing: /home/david/ros2_ws/install/ugv/share/ugv/local_setup.dsv
[2.992s] -- Installing: /home/david/ros2_ws/install/ugv/share/ugv/package.dsv
[2.992s] -- Up-to-date: /home/david/ros2_ws/install/ugv/share/ament_index/resource_index/packages/ugv
[2.992s] -- Up-to-date: /home/david/ros2_ws/install/ugv/share/ugv/cmake/ugvConfig.cmake
[2.992s] -- Up-to-date: /home/david/ros2_ws/install/ugv/share/ugv/cmake/ugvConfig-version.cmake
[2.992s] -- Installing: /home/david/ros2_ws/install/ugv/share/ugv/package.xml
[2.995s] Invoked command in '/home/david/ros2_ws/build/ugv' returned '0': CMAKE_PREFIX_PATH=/opt/ros/humble /usr/bin/cmake --install /home/david/ros2_ws/build/ugv
