[0.025s] Invoking command in '/home/david/ros2_ws/build/ugv': CMAKE_PREFIX_PATH=${CMAKE_PREFIX_PATH}:/opt/ros/humble /usr/bin/cmake --build /home/david/ros2_ws/build/ugv -- -j2 -l2
[0.090s] -- Found ament_cmake: 1.3.10 (/opt/ros/humble/share/ament_cmake/cmake)
[0.287s] -- Found rclpy: 3.3.14 (/opt/ros/humble/share/rclpy/cmake)
[0.287s] -- Found ament_lint_auto: 0.12.11 (/opt/ros/humble/share/ament_lint_auto/cmake)
[0.365s] -- Found gazebo_ros: 3.7.0 (/opt/ros/humble/share/gazebo_ros/cmake)
[0.398s] -- Found rosidl_generator_c: 3.1.5 (/opt/ros/humble/share/rosidl_generator_c/cmake)
[0.404s] -- Found rosidl_adapter: 3.1.5 (/opt/ros/humble/share/rosidl_adapter/cmake)
[0.415s] -- Found rosidl_generator_cpp: 3.1.5 (/opt/ros/humble/share/rosidl_generator_cpp/cmake)
[0.431s] -- Using all available rosidl_typesupport_c: rosidl_typesupport_fastrtps_c;rosidl_typesupport_introspection_c
[0.452s] -- Using all available rosidl_typesupport_cpp: rosidl_typesupport_fastrtps_cpp;rosidl_typesupport_introspection_cpp
[0.498s] -- Found rmw_implementation_cmake: 6.1.2 (/opt/ros/humble/share/rmw_implementation_cmake/cmake)
[0.508s] -- Found rmw_fastrtps_cpp: 6.2.7 (/opt/ros/humble/share/rmw_fastrtps_cpp/cmake)
[0.657s] -- Using RMW implementation 'rmw_fastrtps_cpp' as default
[0.806s] -- Found DART: /usr/include (Required is at least version "6.6") found components: dart 
[0.862s] -- Found Protobuf: /usr/lib/x86_64-linux-gnu/libprotobuf.so (found version "3.12.4") 
[0.864s] -- Looking for ignition-math6 -- found version 6.15.1
[0.871s] -- Searching for dependencies of ignition-math6
[0.873s] -- Looking for OGRE...
[0.887s] -- Found Ogre Ghadamon (1.9.0)
[0.887s] -- Found OGRE: optimized;/usr/lib/x86_64-linux-gnu/libOgreMain.so;debug;/usr/lib/x86_64-linux-gnu/libOgreMain.so
[0.909s] -- Looking for OGRE_Paging...
[0.909s] -- Found OGRE_Paging: optimized;/usr/lib/x86_64-linux-gnu/libOgrePaging.so;debug;/usr/lib/x86_64-linux-gnu/libOgrePaging.so
[0.910s] -- Looking for OGRE_Terrain...
[0.911s] -- Found OGRE_Terrain: optimized;/usr/lib/x86_64-linux-gnu/libOgreTerrain.so;debug;/usr/lib/x86_64-linux-gnu/libOgreTerrain.so
[0.911s] -- Looking for OGRE_Property...
[0.911s] -- Found OGRE_Property: optimized;/usr/lib/x86_64-linux-gnu/libOgreProperty.so;debug;/usr/lib/x86_64-linux-gnu/libOgreProperty.so
[0.913s] -- Looking for OGRE_RTShaderSystem...
[0.914s] -- Found OGRE_RTShaderSystem: optimized;/usr/lib/x86_64-linux-gnu/libOgreRTShaderSystem.so;debug;/usr/lib/x86_64-linux-gnu/libOgreRTShaderSystem.so
[0.914s] -- Looking for OGRE_Volume...
[0.914s] -- Found OGRE_Volume: optimized;/usr/lib/x86_64-linux-gnu/libOgreVolume.so;debug;/usr/lib/x86_64-linux-gnu/libOgreVolume.so
[0.914s] -- Looking for OGRE_Overlay...
[0.914s] -- Found OGRE_Overlay: optimized;/usr/lib/x86_64-linux-gnu/libOgreOverlay.so;debug;/usr/lib/x86_64-linux-gnu/libOgreOverlay.so
[1.044s] -- Looking for ignition-math6 -- found version 6.15.1
[1.044s] -- Looking for ignition-transport8 -- found version 8.2.1
[1.045s] -- Searching for dependencies of ignition-transport8
[1.076s] -- Found Protobuf: /usr/lib/x86_64-linux-gnu/libprotobuf.so (found suitable version "3.12.4", minimum required is "3") 
[1.098s] -- Config-file not installed for ZeroMQ -- checking for pkg-config
[1.105s] -- Checking for module 'libzmq >= 4'
[1.137s] --   Found libzmq , version 4.3.4
[1.250s] -- Checking for module 'uuid'
[1.296s] --   Found uuid, version 2.37.2
[1.393s] -- Looking for ignition-msgs5 -- found version 5.8.1
[1.393s] -- Searching for dependencies of ignition-msgs5
[1.418s] -- Looking for ignition-math6 -- found version 6.15.1
[1.428s] -- Checking for module 'tinyxml2'
[1.459s] --   Found tinyxml2, version 9.0.0
[1.560s] -- Looking for ignition-msgs5 -- found version 5.8.1
[1.560s] -- Looking for ignition-common3 -- found version 3.14.0
[1.561s] -- Searching for dependencies of ignition-common3
[1.562s] -- Looking for dlfcn.h - found
[1.562s] -- Looking for libdl - found
[1.593s] -- Searching for <ignition-common3> component [graphics]
[1.593s] -- Looking for ignition-common3-graphics -- found version 3.14.0
[1.594s] -- Searching for dependencies of ignition-common3-graphics
[1.595s] -- Looking for ignition-math6 -- found version 6.15.1
[1.596s] -- Looking for ignition-fuel_tools4 -- found version 4.4.0
[1.597s] -- Searching for dependencies of ignition-fuel_tools4
[1.666s] -- Checking for module 'jsoncpp'
[1.705s] --   Found jsoncpp, version 1.9.5
[1.811s] -- Checking for module 'libzip'
[1.836s] --   Found libzip, version 1.7.3
[1.939s] -- Looking for ignition-common3 -- found version 3.14.0
[1.940s] -- Looking for ignition-math6 -- found version 6.15.1
[1.940s] -- Looking for ignition-msgs5 -- found version 5.8.1
[1.941s] -- Gazebo version: 11.10
[1.943s] -- Found xacro: 2.0.8 (/opt/ros/humble/share/xacro/cmake)
[1.944s] -- Found urdf: 2.6.1 (/opt/ros/humble/share/urdf/cmake)
[1.979s] -- Added test 'flake8' to check Python code syntax and style conventions
[1.979s] -- Added test 'lint_cmake' to check CMake code style
[1.981s] -- Added test 'pep257' to check Python code against some of the docstring style conventions in PEP 257
[1.982s] -- Added test 'xmllint' to check XML markup files
[1.983s] -- Configuring done
[1.996s] -- Generating done
[1.999s] -- Build files have been written to: /home/david/ros2_ws/build/ugv
[2.050s] Invoked command in '/home/david/ros2_ws/build/ugv' returned '0': CMAKE_PREFIX_PATH=${CMAKE_PREFIX_PATH}:/opt/ros/humble /usr/bin/cmake --build /home/david/ros2_ws/build/ugv -- -j2 -l2
[2.152s] Invoking command in '/home/david/ros2_ws/build/ugv': CMAKE_PREFIX_PATH=${CMAKE_PREFIX_PATH}:/opt/ros/humble /usr/bin/cmake --install /home/david/ros2_ws/build/ugv
[2.169s] -- Install configuration: ""
[2.170s] -- Up-to-date: /home/david/ros2_ws/install/ugv/share/ugv//launch
[2.170s] -- Up-to-date: /home/david/ros2_ws/install/ugv/share/ugv//launch/display_ugv.launch.py
[2.179s] -- Up-to-date: /home/david/ros2_ws/install/ugv/share/ugv//launch/spawn_ugv.launch.py
[2.180s] -- Up-to-date: /home/david/ros2_ws/install/ugv/share/ugv//urdf
[2.180s] -- Up-to-date: /home/david/ros2_ws/install/ugv/share/ugv//urdf/ugvGazebo.xacro
[2.180s] -- Up-to-date: /home/david/ros2_ws/install/ugv/share/ugv//urdf/ugv.urdf
[2.180s] -- Up-to-date: /home/david/ros2_ws/install/ugv/share/ugv//urdf/ugv1.xacro
[2.181s] -- Up-to-date: /home/david/ros2_ws/install/ugv/share/ugv//urdf/ugv.xacro
[2.181s] -- Up-to-date: /home/david/ros2_ws/install/ugv/share/ugv//mesh
[2.182s] -- Up-to-date: /home/david/ros2_ws/install/ugv/share/ugv//mesh/tyre.mtl
[2.183s] -- Up-to-date: /home/david/ros2_ws/install/ugv/share/ugv//mesh/tyre.obj
[2.185s] -- Up-to-date: /home/david/ros2_ws/install/ugv/share/ugv//mesh/lidar.obj
[2.185s] -- Up-to-date: /home/david/ros2_ws/install/ugv/share/ugv//mesh/shaft.obj
[2.185s] -- Up-to-date: /home/david/ros2_ws/install/ugv/share/ugv//mesh/lidar.mtl
[2.185s] -- Up-to-date: /home/david/ros2_ws/install/ugv/share/ugv//mesh/mainBody.obj
[2.185s] -- Up-to-date: /home/david/ros2_ws/install/ugv/share/ugv//mesh/shaft.mtl
[2.185s] -- Up-to-date: /home/david/ros2_ws/install/ugv/share/ugv//mesh/mainBody.mtl
[2.185s] -- Up-to-date: /home/david/ros2_ws/install/ugv/share/ugv//rviz
[2.186s] -- Up-to-date: /home/david/ros2_ws/install/ugv/share/ugv//rviz/ugv_config.rviz
[2.186s] -- Installing: /home/david/ros2_ws/install/ugv/share/ament_index/resource_index/package_run_dependencies/ugv
[2.186s] -- Up-to-date: /home/david/ros2_ws/install/ugv/share/ament_index/resource_index/parent_prefix_path/ugv
[2.186s] -- Up-to-date: /home/david/ros2_ws/install/ugv/share/ugv/environment/ament_prefix_path.sh
[2.186s] -- Installing: /home/david/ros2_ws/install/ugv/share/ugv/environment/ament_prefix_path.dsv
[2.186s] -- Up-to-date: /home/david/ros2_ws/install/ugv/share/ugv/environment/path.sh
[2.186s] -- Installing: /home/david/ros2_ws/install/ugv/share/ugv/environment/path.dsv
[2.186s] -- Up-to-date: /home/david/ros2_ws/install/ugv/share/ugv/local_setup.bash
[2.186s] -- Up-to-date: /home/david/ros2_ws/install/ugv/share/ugv/local_setup.sh
[2.186s] -- Up-to-date: /home/david/ros2_ws/install/ugv/share/ugv/local_setup.zsh
[2.186s] -- Installing: /home/david/ros2_ws/install/ugv/share/ugv/local_setup.dsv
[2.186s] -- Installing: /home/david/ros2_ws/install/ugv/share/ugv/package.dsv
[2.186s] -- Up-to-date: /home/david/ros2_ws/install/ugv/share/ament_index/resource_index/packages/ugv
[2.186s] -- Up-to-date: /home/david/ros2_ws/install/ugv/share/ugv/cmake/ugvConfig.cmake
[2.186s] -- Up-to-date: /home/david/ros2_ws/install/ugv/share/ugv/cmake/ugvConfig-version.cmake
[2.186s] -- Installing: /home/david/ros2_ws/install/ugv/share/ugv/package.xml
[2.198s] Invoked command in '/home/david/ros2_ws/build/ugv' returned '0': CMAKE_PREFIX_PATH=${CMAKE_PREFIX_PATH}:/opt/ros/humble /usr/bin/cmake --install /home/david/ros2_ws/build/ugv
