[0.040s] Invoking command in '/home/david/ros2_ws/build/ugv': CMAKE_PREFIX_PATH=${CMAKE_PREFIX_PATH}:/opt/ros/humble /usr/bin/cmake --build /home/david/ros2_ws/build/ugv -- -j2 -l2
[0.090s] -- Found ament_cmake: 1.3.10 (/opt/ros/humble/share/ament_cmake/cmake)
[0.314s] -- Found rclpy: 3.3.14 (/opt/ros/humble/share/rclpy/cmake)
[0.314s] -- Found ament_lint_auto: 0.12.11 (/opt/ros/humble/share/ament_lint_auto/cmake)
[0.389s] -- Found xacro: 2.0.8 (/opt/ros/humble/share/xacro/cmake)
[0.389s] -- Found rviz2: 11.2.13 (/opt/ros/humble/share/rviz2/cmake)
[0.390s] -- Found robot_state_publisher: 3.0.3 (/opt/ros/humble/share/robot_state_publisher/cmake)
[0.469s] -- Found rosidl_generator_c: 3.1.5 (/opt/ros/humble/share/rosidl_generator_c/cmake)
[0.469s] -- Found rosidl_adapter: 3.1.5 (/opt/ros/humble/share/rosidl_adapter/cmake)
[0.480s] -- Found rosidl_generator_cpp: 3.1.5 (/opt/ros/humble/share/rosidl_generator_cpp/cmake)
[0.497s] -- Using all available rosidl_typesupport_c: rosidl_typesupport_fastrtps_c;rosidl_typesupport_introspection_c
[0.532s] -- Using all available rosidl_typesupport_cpp: rosidl_typesupport_fastrtps_cpp;rosidl_typesupport_introspection_cpp
[0.610s] -- Found eigen3_cmake_module: 0.1.1 (/opt/ros/humble/share/eigen3_cmake_module/cmake)
[0.613s] -- Ensuring Eigen3 include directory is part of orocos-kdl CMake target
[0.675s] -- Found rmw_implementation_cmake: 6.1.2 (/opt/ros/humble/share/rmw_implementation_cmake/cmake)
[0.679s] -- Found rmw_fastrtps_cpp: 6.2.7 (/opt/ros/humble/share/rmw_fastrtps_cpp/cmake)
[0.825s] -- Using RMW implementation 'rmw_fastrtps_cpp' as default
[1.132s] [31mCMake Error at CMakeLists.txt:27 (find_package):
[1.132s]   By not providing "Findjoint_state_publisher.cmake" in CMAKE_MODULE_PATH
[1.132s]   this project has asked CMake to find a package configuration file provided
[1.135s]   by "joint_state_publisher", but CMake did not find one.
[1.135s] 
[1.135s]   Could not find a package configuration file provided by
[1.135s]   "joint_state_publisher" with any of the following names:
[1.135s] 
[1.135s]     joint_state_publisherConfig.cmake
[1.136s]     joint_state_publisher-config.cmake
[1.136s] 
[1.136s]   Add the installation prefix of "joint_state_publisher" to CMAKE_PREFIX_PATH
[1.136s]   or set "joint_state_publisher_DIR" to a directory containing one of the
[1.136s]   above files.  If "joint_state_publisher" provides a separate development
[1.136s]   package or SDK, be sure it has been installed.
[1.136s] 
[1.136s] [0m
[1.136s] -- Configuring incomplete, errors occurred!
[1.136s] See also "/home/david/ros2_ws/build/ugv/CMakeFiles/CMakeOutput.log".
[1.141s] gmake: *** [Makefile:226: cmake_check_build_system] Error 1
[1.156s] Invoked command in '/home/david/ros2_ws/build/ugv' returned '2': CMAKE_PREFIX_PATH=${CMAKE_PREFIX_PATH}:/opt/ros/humble /usr/bin/cmake --build /home/david/ros2_ws/build/ugv -- -j2 -l2
