[1.299s] Invoking command in '/home/david/ros2_ws/src/greetingpy': PYTHONPATH=/home/david/ros2_ws/build/greetingpy/prefix_override:/usr/lib/python3/dist-packages/colcon_core/task/python/colcon_distutils_commands:/home/david/ros2_ws/install/greetingpy/lib/python3.10/site-packages:${PYTHONPATH} /usr/bin/python3 -W ignore:setup.py install is deprecated setup.py egg_info --egg-base ../../build/greetingpy build --build-base /home/david/ros2_ws/build/greetingpy/build install --record /home/david/ros2_ws/build/greetingpy/install.log --single-version-externally-managed install_data
[1.794s] running egg_info
[1.795s] writing ../../build/greetingpy/greetingpy.egg-info/PKG-INFO
[1.795s] writing dependency_links to ../../build/greetingpy/greetingpy.egg-info/dependency_links.txt
[1.796s] writing entry points to ../../build/greetingpy/greetingpy.egg-info/entry_points.txt
[1.796s] writing requirements to ../../build/greetingpy/greetingpy.egg-info/requires.txt
[1.797s] writing top-level names to ../../build/greetingpy/greetingpy.egg-info/top_level.txt
[1.800s] reading manifest file '../../build/greetingpy/greetingpy.egg-info/SOURCES.txt'
[1.802s] writing manifest file '../../build/greetingpy/greetingpy.egg-info/SOURCES.txt'
[1.802s] running build
[1.802s] running build_py
[1.803s] copying greetingpy/greetsub.py -> /home/david/ros2_ws/build/greetingpy/build/lib/greetingpy
[1.803s] running install
[1.804s] running install_lib
[1.805s] copying /home/david/ros2_ws/build/greetingpy/build/lib/greetingpy/greetsub.py -> /home/david/ros2_ws/install/greetingpy/lib/python3.10/site-packages/greetingpy
[1.806s] byte-compiling /home/david/ros2_ws/install/greetingpy/lib/python3.10/site-packages/greetingpy/greetsub.py to greetsub.cpython-310.pyc
[1.808s] running install_data
[1.808s] running install_egg_info
[1.811s] removing '/home/david/ros2_ws/install/greetingpy/lib/python3.10/site-packages/greetingpy-0.0.0-py3.10.egg-info' (and everything under it)
[1.812s] Copying ../../build/greetingpy/greetingpy.egg-info to /home/david/ros2_ws/install/greetingpy/lib/python3.10/site-packages/greetingpy-0.0.0-py3.10.egg-info
[1.814s] running install_scripts
[1.858s] Installing greeting_publisher script to /home/david/ros2_ws/install/greetingpy/lib/greetingpy
[1.858s] Installing greeting_subscriber script to /home/david/ros2_ws/install/greetingpy/lib/greetingpy
[1.859s] writing list of installed files to '/home/david/ros2_ws/build/greetingpy/install.log'
[1.927s] Invoked command in '/home/david/ros2_ws/src/greetingpy' returned '0': PYTHONPATH=/home/david/ros2_ws/build/greetingpy/prefix_override:/usr/lib/python3/dist-packages/colcon_core/task/python/colcon_distutils_commands:/home/david/ros2_ws/install/greetingpy/lib/python3.10/site-packages:${PYTHONPATH} /usr/bin/python3 -W ignore:setup.py install is deprecated setup.py egg_info --egg-base ../../build/greetingpy build --build-base /home/david/ros2_ws/build/greetingpy/build install --record /home/david/ros2_ws/build/greetingpy/install.log --single-version-externally-managed install_data
