[0.019s] Invoking command in '/home/david/ros2_ws/build/ugv': CMAKE_PREFIX_PATH=${CMAKE_PREFIX_PATH}:/opt/ros/humble /usr/bin/cmake --build /home/david/ros2_ws/build/ugv -- -j4 -l4
[0.074s] Invoked command in '/home/david/ros2_ws/build/ugv' returned '0': CMAKE_PREFIX_PATH=${CMAKE_PREFIX_PATH}:/opt/ros/humble /usr/bin/cmake --build /home/david/ros2_ws/build/ugv -- -j4 -l4
[0.115s] Invoking command in '/home/david/ros2_ws/build/ugv': CMAKE_PREFIX_PATH=${CMAKE_PREFIX_PATH}:/opt/ros/humble /usr/bin/cmake --install /home/david/ros2_ws/build/ugv
[0.125s] -- Install configuration: ""
[0.125s] -- Up-to-date: /home/david/ros2_ws/install/ugv/share/ugv//launch
[0.125s] -- Up-to-date: /home/david/ros2_ws/install/ugv/share/ugv//launch/display_ugv.launch.py
[0.125s] -- Up-to-date: /home/david/ros2_ws/install/ugv/share/ugv//launch/spawn_ugv.launch.py
[0.125s] -- Up-to-date: /home/david/ros2_ws/install/ugv/share/ugv//urdf
[0.125s] -- Up-to-date: /home/david/ros2_ws/install/ugv/share/ugv//urdf/ugvGazebo.xacro
[0.126s] -- Up-to-date: /home/david/ros2_ws/install/ugv/share/ugv//urdf/ugv.urdf
[0.126s] -- Up-to-date: /home/david/ros2_ws/install/ugv/share/ugv//urdf/ugv1.xacro
[0.126s] -- Up-to-date: /home/david/ros2_ws/install/ugv/share/ugv//urdf/ugv.xacro
[0.126s] -- Up-to-date: /home/david/ros2_ws/install/ugv/share/ugv//mesh
[0.126s] -- Installing: /home/david/ros2_ws/install/ugv/share/ugv//mesh/shaft.stl
[0.126s] -- Up-to-date: /home/david/ros2_ws/install/ugv/share/ugv//mesh/tyre.mtl
[0.126s] -- Installing: /home/david/ros2_ws/install/ugv/share/ugv//mesh/mainBody.stl
[0.127s] -- Up-to-date: /home/david/ros2_ws/install/ugv/share/ugv//mesh/tyre.obj
[0.128s] -- Up-to-date: /home/david/ros2_ws/install/ugv/share/ugv//mesh/lidar.obj
[0.128s] -- Installing: /home/david/ros2_ws/install/ugv/share/ugv//mesh/tyre.stl
[0.128s] -- Up-to-date: /home/david/ros2_ws/install/ugv/share/ugv//mesh/shaft.obj
[0.128s] -- Up-to-date: /home/david/ros2_ws/install/ugv/share/ugv//mesh/lidar.mtl
[0.128s] -- Up-to-date: /home/david/ros2_ws/install/ugv/share/ugv//mesh/mainBody.obj
[0.128s] -- Installing: /home/david/ros2_ws/install/ugv/share/ugv//mesh/lidar.stl
[0.128s] -- Up-to-date: /home/david/ros2_ws/install/ugv/share/ugv//mesh/shaft.mtl
[0.129s] -- Up-to-date: /home/david/ros2_ws/install/ugv/share/ugv//mesh/mainBody.mtl
[0.129s] -- Up-to-date: /home/david/ros2_ws/install/ugv/share/ugv//rviz
[0.129s] -- Up-to-date: /home/david/ros2_ws/install/ugv/share/ugv//rviz/ugv_config.rviz
[0.129s] -- Up-to-date: /home/david/ros2_ws/install/ugv/share/ament_index/resource_index/package_run_dependencies/ugv
[0.129s] -- Up-to-date: /home/david/ros2_ws/install/ugv/share/ament_index/resource_index/parent_prefix_path/ugv
[0.129s] -- Up-to-date: /home/david/ros2_ws/install/ugv/share/ugv/environment/ament_prefix_path.sh
[0.129s] -- Up-to-date: /home/david/ros2_ws/install/ugv/share/ugv/environment/ament_prefix_path.dsv
[0.129s] -- Up-to-date: /home/david/ros2_ws/install/ugv/share/ugv/environment/path.sh
[0.129s] -- Up-to-date: /home/david/ros2_ws/install/ugv/share/ugv/environment/path.dsv
[0.129s] -- Up-to-date: /home/david/ros2_ws/install/ugv/share/ugv/local_setup.bash
[0.129s] -- Up-to-date: /home/david/ros2_ws/install/ugv/share/ugv/local_setup.sh
[0.130s] -- Up-to-date: /home/david/ros2_ws/install/ugv/share/ugv/local_setup.zsh
[0.130s] -- Up-to-date: /home/david/ros2_ws/install/ugv/share/ugv/local_setup.dsv
[0.130s] -- Installing: /home/david/ros2_ws/install/ugv/share/ugv/package.dsv
[0.130s] -- Up-to-date: /home/david/ros2_ws/install/ugv/share/ament_index/resource_index/packages/ugv
[0.130s] -- Up-to-date: /home/david/ros2_ws/install/ugv/share/ugv/cmake/ugvConfig.cmake
[0.130s] -- Up-to-date: /home/david/ros2_ws/install/ugv/share/ugv/cmake/ugvConfig-version.cmake
[0.130s] -- Up-to-date: /home/david/ros2_ws/install/ugv/share/ugv/package.xml
[0.131s] Invoked command in '/home/david/ros2_ws/build/ugv' returned '0': CMAKE_PREFIX_PATH=${CMAKE_PREFIX_PATH}:/opt/ros/humble /usr/bin/cmake --install /home/david/ros2_ws/build/ugv
