[0.568s] Invoking command in '/home/david/ros2_ws/build/ugv': CMAKE_PREFIX_PATH=${CMAKE_PREFIX_PATH}:/home/david/ros2_ws/install/greetingpy:/home/david/install/greetingpy:/opt/ros/humble /usr/bin/cmake --build /home/david/ros2_ws/build/ugv -- -j6 -l6
[0.629s] -- Found ament_cmake: 1.3.10 (/opt/ros/humble/share/ament_cmake/cmake)
[0.905s] -- Found rclcpp: 16.0.10 (/opt/ros/humble/share/rclcpp/cmake)
[0.983s] -- Found rosidl_generator_c: 3.1.5 (/opt/ros/humble/share/rosidl_generator_c/cmake)
[0.988s] -- Found rosidl_adapter: 3.1.5 (/opt/ros/humble/share/rosidl_adapter/cmake)
[0.999s] -- Found rosidl_generator_cpp: 3.1.5 (/opt/ros/humble/share/rosidl_generator_cpp/cmake)
[1.018s] -- Using all available rosidl_typesupport_c: rosidl_typesupport_fastrtps_c;rosidl_typesupport_introspection_c
[1.041s] -- Using all available rosidl_typesupport_cpp: rosidl_typesupport_fastrtps_cpp;rosidl_typesupport_introspection_cpp
[1.100s] -- Found rmw_implementation_cmake: 6.1.2 (/opt/ros/humble/share/rmw_implementation_cmake/cmake)
[1.103s] -- Found rmw_fastrtps_cpp: 6.2.7 (/opt/ros/humble/share/rmw_fastrtps_cpp/cmake)
[1.303s] -- Using RMW implementation 'rmw_fastrtps_cpp' as default
[1.396s] -- Found urdf: 2.6.1 (/opt/ros/humble/share/urdf/cmake)
[1.436s] -- Found xacro: 2.0.8 (/opt/ros/humble/share/xacro/cmake)
[1.457s] [33mCMake Warning at CMakeLists.txt:13 (find_package):
[1.457s]   By not providing "Findjoint_state_publisher.cmake" in CMAKE_MODULE_PATH
[1.457s]   this project has asked CMake to find a package configuration file provided
[1.457s]   by "joint_state_publisher", but CMake did not find one.
[1.458s] 
[1.458s]   Could not find a package configuration file provided by
[1.458s]   "joint_state_publisher" with any of the following names:
[1.458s] 
[1.458s]     joint_state_publisherConfig.cmake
[1.458s]     joint_state_publisher-config.cmake
[1.458s] 
[1.458s]   Add the installation prefix of "joint_state_publisher" to CMAKE_PREFIX_PATH
[1.459s]   or set "joint_state_publisher_DIR" to a directory containing one of the
[1.459s]   above files.  If "joint_state_publisher" provides a separate development
[1.459s]   package or SDK, be sure it has been installed.
[1.459s] 
[1.459s] [0m
[1.476s] [33mCMake Warning at CMakeLists.txt:14 (find_package):
[1.476s]   By not providing "Findjoint_state_publisher_gui.cmake" in CMAKE_MODULE_PATH
[1.476s]   this project has asked CMake to find a package configuration file provided
[1.477s]   by "joint_state_publisher_gui", but CMake did not find one.
[1.477s] 
[1.477s]   Could not find a package configuration file provided by
[1.477s]   "joint_state_publisher_gui" with any of the following names:
[1.477s] 
[1.477s]     joint_state_publisher_guiConfig.cmake
[1.477s]     joint_state_publisher_gui-config.cmake
[1.477s] 
[1.478s]   Add the installation prefix of "joint_state_publisher_gui" to
[1.478s]   CMAKE_PREFIX_PATH or set "joint_state_publisher_gui_DIR" to a directory
[1.478s]   containing one of the above files.  If "joint_state_publisher_gui" provides
[1.478s]   a separate development package or SDK, be sure it has been installed.
[1.478s] 
[1.478s] [0m
[1.478s] -- Found rclpy: 3.3.14 (/opt/ros/humble/share/rclpy/cmake)
[1.478s] -- Found geometry_msgs: 4.2.4 (/opt/ros/humble/share/geometry_msgs/cmake)
[1.500s] -- Found ament_lint_auto: 0.12.11 (/opt/ros/humble/share/ament_lint_auto/cmake)
[1.653s] -- Added test 'flake8' to check Python code syntax and style conventions
[1.654s] -- Added test 'lint_cmake' to check CMake code style
[1.655s] -- Added test 'pep257' to check Python code against some of the docstring style conventions in PEP 257
[1.657s] -- Added test 'xmllint' to check XML markup files
[1.659s] -- Configuring done
[1.669s] -- Generating done
[1.673s] -- Build files have been written to: /home/david/ros2_ws/build/ugv
[1.736s] Invoked command in '/home/david/ros2_ws/build/ugv' returned '0': CMAKE_PREFIX_PATH=${CMAKE_PREFIX_PATH}:/home/david/ros2_ws/install/greetingpy:/home/david/install/greetingpy:/opt/ros/humble /usr/bin/cmake --build /home/david/ros2_ws/build/ugv -- -j6 -l6
[1.804s] Invoking command in '/home/david/ros2_ws/build/ugv': CMAKE_PREFIX_PATH=${CMAKE_PREFIX_PATH}:/home/david/ros2_ws/install/greetingpy:/home/david/install/greetingpy:/opt/ros/humble /usr/bin/cmake --install /home/david/ros2_ws/build/ugv
[1.821s] -- Install configuration: ""
[1.822s] -- Up-to-date: /home/david/ros2_ws/install/ugv/share/ugv/urdf
[1.822s] -- Up-to-date: /home/david/ros2_ws/install/ugv/share/ugv/urdf/r2d.urdf
[1.823s] -- Up-to-date: /home/david/ros2_ws/install/ugv/share/ugv/urdf/ugv.urdf
[1.824s] -- Up-to-date: /home/david/ros2_ws/install/ugv/share/ugv/urdf/ugv.xacro
[1.824s] -- Up-to-date: /home/david/ros2_ws/install/ugv/share/ugv/launch
[1.824s] -- Up-to-date: /home/david/ros2_ws/install/ugv/share/ugv/launch/ignition_ugv.launch.py
[1.825s] -- Up-to-date: /home/david/ros2_ws/install/ugv/share/ugv/launch/basic.launch.py
[1.825s] -- Up-to-date: /home/david/ros2_ws/install/ugv/share/ugv/launch/display_ugv.launch.py
[1.825s] -- Up-to-date: /home/david/ros2_ws/install/ugv/share/ugv//mesh
[1.825s] -- Up-to-date: /home/david/ros2_ws/install/ugv/share/ugv//mesh/shaft.mtl
[1.825s] -- Up-to-date: /home/david/ros2_ws/install/ugv/share/ugv//mesh/lidar.mtl
[1.826s] -- Up-to-date: /home/david/ros2_ws/install/ugv/share/ugv//mesh/mainBody.stl
[1.826s] -- Up-to-date: /home/david/ros2_ws/install/ugv/share/ugv//mesh/tyre.stl
[1.826s] -- Up-to-date: /home/david/ros2_ws/install/ugv/share/ugv//mesh/shaft.obj
[1.826s] -- Up-to-date: /home/david/ros2_ws/install/ugv/share/ugv//mesh/lidar.obj
[1.826s] -- Up-to-date: /home/david/ros2_ws/install/ugv/share/ugv//mesh/tyre.obj
[1.826s] -- Up-to-date: /home/david/ros2_ws/install/ugv/share/ugv//mesh/shaft.stl
[1.827s] -- Up-to-date: /home/david/ros2_ws/install/ugv/share/ugv//mesh/mainBody.obj
[1.827s] -- Up-to-date: /home/david/ros2_ws/install/ugv/share/ugv//mesh/tyre.mtl
[1.828s] -- Up-to-date: /home/david/ros2_ws/install/ugv/share/ugv//mesh/mainBody.mtl
[1.829s] -- Up-to-date: /home/david/ros2_ws/install/ugv/share/ugv//mesh/lidar.stl
[1.830s] -- Up-to-date: /home/david/ros2_ws/install/ugv/share/ugv//rviz
[1.830s] -- Up-to-date: /home/david/ros2_ws/install/ugv/share/ugv//rviz/ugv_config.rviz
[1.831s] -- Up-to-date: /home/david/ros2_ws/install/ugv/share/ament_index/resource_index/package_run_dependencies/ugv
[1.832s] -- Up-to-date: /home/david/ros2_ws/install/ugv/share/ament_index/resource_index/parent_prefix_path/ugv
[1.832s] -- Up-to-date: /home/david/ros2_ws/install/ugv/share/ugv/environment/ament_prefix_path.sh
[1.832s] -- Installing: /home/david/ros2_ws/install/ugv/share/ugv/environment/ament_prefix_path.dsv
[1.833s] -- Up-to-date: /home/david/ros2_ws/install/ugv/share/ugv/environment/path.sh
[1.834s] -- Installing: /home/david/ros2_ws/install/ugv/share/ugv/environment/path.dsv
[1.834s] -- Up-to-date: /home/david/ros2_ws/install/ugv/share/ugv/local_setup.bash
[1.835s] -- Up-to-date: /home/david/ros2_ws/install/ugv/share/ugv/local_setup.sh
[1.836s] -- Up-to-date: /home/david/ros2_ws/install/ugv/share/ugv/local_setup.zsh
[1.836s] -- Installing: /home/david/ros2_ws/install/ugv/share/ugv/local_setup.dsv
[1.837s] -- Installing: /home/david/ros2_ws/install/ugv/share/ugv/package.dsv
[1.837s] -- Up-to-date: /home/david/ros2_ws/install/ugv/share/ament_index/resource_index/packages/ugv
[1.838s] -- Up-to-date: /home/david/ros2_ws/install/ugv/share/ugv/cmake/ugvConfig.cmake
[1.838s] -- Up-to-date: /home/david/ros2_ws/install/ugv/share/ugv/cmake/ugvConfig-version.cmake
[1.839s] -- Up-to-date: /home/david/ros2_ws/install/ugv/share/ugv/package.xml
[1.840s] Invoked command in '/home/david/ros2_ws/build/ugv' returned '0': CMAKE_PREFIX_PATH=${CMAKE_PREFIX_PATH}:/home/david/ros2_ws/install/greetingpy:/home/david/install/greetingpy:/opt/ros/humble /usr/bin/cmake --install /home/david/ros2_ws/build/ugv
