-- The C compiler identification is GNU 11.4.0
-- The CXX compiler identification is GNU 11.4.0
-- Detecting C compiler ABI info
-- Detecting C compiler ABI info - done
-- Check for working C compiler: /usr/bin/cc - skipped
-- Detecting C compile features
-- Detecting C compile features - done
-- Detecting CXX compiler ABI info
-- Detecting CXX compiler ABI info - done
-- Check for working CXX compiler: /usr/bin/c++ - skipped
-- Detecting CXX compile features
-- Detecting CXX compile features - done
-- Found ament_cmake: 1.3.10 (/opt/ros/humble/share/ament_cmake/cmake)
-- Found Python3: /usr/bin/python3 (found version "3.10.12") found components: Interpreter 
-- Found rclpy: 3.3.14 (/opt/ros/humble/share/rclpy/cmake)
-- Found ament_lint_auto: 0.12.11 (/opt/ros/humble/share/ament_lint_auto/cmake)
-- Added test 'lint_cmake' to check CMake code style
-- Added test 'xmllint' to check XML markup files
-- Configuring done
-- Generating done
-- Build files have been written to: /home/david/ros2_ws/build/ugv
-- Install configuration: ""
-- Installing: /home/david/ros2_ws/install/ugv/share/ament_index/resource_index/package_run_dependencies/ugv
-- Installing: /home/david/ros2_ws/install/ugv/share/ament_index/resource_index/parent_prefix_path/ugv
-- Installing: /home/david/ros2_ws/install/ugv/share/ugv/environment/ament_prefix_path.sh
-- Installing: /home/david/ros2_ws/install/ugv/share/ugv/environment/ament_prefix_path.dsv
-- Installing: /home/david/ros2_ws/install/ugv/share/ugv/environment/path.sh
-- Installing: /home/david/ros2_ws/install/ugv/share/ugv/environment/path.dsv
-- Installing: /home/david/ros2_ws/install/ugv/share/ugv/local_setup.bash
-- Installing: /home/david/ros2_ws/install/ugv/share/ugv/local_setup.sh
-- Installing: /home/david/ros2_ws/install/ugv/share/ugv/local_setup.zsh
-- Installing: /home/david/ros2_ws/install/ugv/share/ugv/local_setup.dsv
-- Installing: /home/david/ros2_ws/install/ugv/share/ugv/package.dsv
-- Installing: /home/david/ros2_ws/install/ugv/share/ament_index/resource_index/packages/ugv
-- Installing: /home/david/ros2_ws/install/ugv/share/ugv/cmake/ugvConfig.cmake
-- Installing: /home/david/ros2_ws/install/ugv/share/ugv/cmake/ugvConfig-version.cmake
-- Installing: /home/david/ros2_ws/install/ugv/share/ugv/package.xml
