[0.030s] Invoking command in '/home/david/ros2_ws/build/ugv': CMAKE_PREFIX_PATH=/opt/ros/humble /usr/bin/cmake /home/david/ros2_ws/src/ugv -DCMAKE_INSTALL_PREFIX=/home/david/ros2_ws/install/ugv
[0.185s] -- The C compiler identification is GNU 11.4.0
[0.322s] -- The CXX compiler identification is GNU 11.4.0
[0.340s] -- Detecting C compiler ABI info
[0.482s] -- Detecting C compiler ABI info - done
[0.492s] -- Check for working C compiler: /usr/bin/cc - skipped
[0.492s] -- Detecting C compile features
[0.492s] -- Detecting C compile features - done
[0.495s] -- Detecting CXX compiler ABI info
[0.641s] -- Detecting CXX compiler ABI info - done
[0.653s] -- Check for working CXX compiler: /usr/bin/c++ - skipped
[0.653s] -- Detecting CXX compile features
[0.653s] -- Detecting CXX compile features - done
[0.662s] -- Found ament_cmake: 1.3.10 (/opt/ros/humble/share/ament_cmake/cmake)
[0.850s] -- Found Python3: /usr/bin/python3 (found version "3.10.12") found components: Interpreter 
[0.953s] -- Found rclpy: 3.3.14 (/opt/ros/humble/share/rclpy/cmake)
[0.955s] -- Found ament_lint_auto: 0.12.11 (/opt/ros/humble/share/ament_lint_auto/cmake)
[1.042s] -- Added test 'lint_cmake' to check CMake code style
[1.042s] -- Added test 'xmllint' to check XML markup files
[1.042s] -- Configuring done
[1.047s] -- Generating done
[1.057s] -- Build files have been written to: /home/david/ros2_ws/build/ugv
[1.064s] Invoked command in '/home/david/ros2_ws/build/ugv' returned '0': CMAKE_PREFIX_PATH=/opt/ros/humble /usr/bin/cmake /home/david/ros2_ws/src/ugv -DCMAKE_INSTALL_PREFIX=/home/david/ros2_ws/install/ugv
[1.064s] Invoking command in '/home/david/ros2_ws/build/ugv': CMAKE_PREFIX_PATH=/opt/ros/humble /usr/bin/cmake --build /home/david/ros2_ws/build/ugv -- -j2 -l2
[1.148s] Invoked command in '/home/david/ros2_ws/build/ugv' returned '0': CMAKE_PREFIX_PATH=/opt/ros/humble /usr/bin/cmake --build /home/david/ros2_ws/build/ugv -- -j2 -l2
[1.283s] Invoking command in '/home/david/ros2_ws/build/ugv': CMAKE_PREFIX_PATH=/opt/ros/humble /usr/bin/cmake --install /home/david/ros2_ws/build/ugv
[1.290s] -- Install configuration: ""
[1.292s] -- Installing: /home/david/ros2_ws/install/ugv/share/ament_index/resource_index/package_run_dependencies/ugv
[1.293s] -- Installing: /home/david/ros2_ws/install/ugv/share/ament_index/resource_index/parent_prefix_path/ugv
[1.293s] -- Installing: /home/david/ros2_ws/install/ugv/share/ugv/environment/ament_prefix_path.sh
[1.293s] -- Installing: /home/david/ros2_ws/install/ugv/share/ugv/environment/ament_prefix_path.dsv
[1.298s] -- Installing: /home/david/ros2_ws/install/ugv/share/ugv/environment/path.sh
[1.299s] -- Installing: /home/david/ros2_ws/install/ugv/share/ugv/environment/path.dsv
[1.299s] -- Installing: /home/david/ros2_ws/install/ugv/share/ugv/local_setup.bash
[1.299s] -- Installing: /home/david/ros2_ws/install/ugv/share/ugv/local_setup.sh
[1.299s] -- Installing: /home/david/ros2_ws/install/ugv/share/ugv/local_setup.zsh
[1.299s] -- Installing: /home/david/ros2_ws/install/ugv/share/ugv/local_setup.dsv
[1.299s] -- Installing: /home/david/ros2_ws/install/ugv/share/ugv/package.dsv
[1.299s] -- Installing: /home/david/ros2_ws/install/ugv/share/ament_index/resource_index/packages/ugv
[1.300s] -- Installing: /home/david/ros2_ws/install/ugv/share/ugv/cmake/ugvConfig.cmake
[1.303s] -- Installing: /home/david/ros2_ws/install/ugv/share/ugv/cmake/ugvConfig-version.cmake
[1.303s] -- Installing: /home/david/ros2_ws/install/ugv/share/ugv/package.xml
[1.306s] Invoked command in '/home/david/ros2_ws/build/ugv' returned '0': CMAKE_PREFIX_PATH=/opt/ros/humble /usr/bin/cmake --install /home/david/ros2_ws/build/ugv
