[1.312s] Invoking command in '/home/david/ros2_ws/src/greetingpy': PYTHONPATH=/home/david/ros2_ws/build/greetingpy/prefix_override:/usr/lib/python3/dist-packages/colcon_core/task/python/colcon_distutils_commands:/home/david/ros2_ws/install/greetingpy/lib/python3.10/site-packages:${PYTHONPATH} /usr/bin/python3 -W ignore:setup.py install is deprecated setup.py egg_info --egg-base ../../build/greetingpy build --build-base /home/david/ros2_ws/build/greetingpy/build install --record /home/david/ros2_ws/build/greetingpy/install.log --single-version-externally-managed install_data
[1.805s] running egg_info
[1.805s] writing ../../build/greetingpy/greetingpy.egg-info/PKG-INFO
[1.806s] writing dependency_links to ../../build/greetingpy/greetingpy.egg-info/dependency_links.txt
[1.806s] writing entry points to ../../build/greetingpy/greetingpy.egg-info/entry_points.txt
[1.807s] writing requirements to ../../build/greetingpy/greetingpy.egg-info/requires.txt
[1.807s] writing top-level names to ../../build/greetingpy/greetingpy.egg-info/top_level.txt
[1.810s] reading manifest file '../../build/greetingpy/greetingpy.egg-info/SOURCES.txt'
[1.812s] writing manifest file '../../build/greetingpy/greetingpy.egg-info/SOURCES.txt'
[1.812s] running build
[1.813s] running build_py
[1.813s] copying greetingpy/greetsub.py -> /home/david/ros2_ws/build/greetingpy/build/lib/greetingpy
[1.813s] running install
[1.814s] running install_lib
[1.815s] copying /home/david/ros2_ws/build/greetingpy/build/lib/greetingpy/greetsub.py -> /home/david/ros2_ws/install/greetingpy/lib/python3.10/site-packages/greetingpy
[1.817s] byte-compiling /home/david/ros2_ws/install/greetingpy/lib/python3.10/site-packages/greetingpy/greetsub.py to greetsub.cpython-310.pyc
[1.818s] running install_data
[1.818s] running install_egg_info
[1.821s] removing '/home/david/ros2_ws/install/greetingpy/lib/python3.10/site-packages/greetingpy-0.0.0-py3.10.egg-info' (and everything under it)
[1.822s] Copying ../../build/greetingpy/greetingpy.egg-info to /home/david/ros2_ws/install/greetingpy/lib/python3.10/site-packages/greetingpy-0.0.0-py3.10.egg-info
[1.824s] running install_scripts
[1.867s] Installing greeting_publisher script to /home/david/ros2_ws/install/greetingpy/lib/greetingpy
[1.868s] Installing greeting_subscriber script to /home/david/ros2_ws/install/greetingpy/lib/greetingpy
[1.868s] writing list of installed files to '/home/david/ros2_ws/build/greetingpy/install.log'
[1.931s] Invoked command in '/home/david/ros2_ws/src/greetingpy' returned '0': PYTHONPATH=/home/david/ros2_ws/build/greetingpy/prefix_override:/usr/lib/python3/dist-packages/colcon_core/task/python/colcon_distutils_commands:/home/david/ros2_ws/install/greetingpy/lib/python3.10/site-packages:${PYTHONPATH} /usr/bin/python3 -W ignore:setup.py install is deprecated setup.py egg_info --egg-base ../../build/greetingpy build --build-base /home/david/ros2_ws/build/greetingpy/build install --record /home/david/ros2_ws/build/greetingpy/install.log --single-version-externally-managed install_data
