running egg_info
writing ../../build/greetingpy/greetingpy.egg-info/PKG-INFO
writing dependency_links to ../../build/greetingpy/greetingpy.egg-info/dependency_links.txt
writing entry points to ../../build/greetingpy/greetingpy.egg-info/entry_points.txt
writing requirements to ../../build/greetingpy/greetingpy.egg-info/requires.txt
writing top-level names to ../../build/greetingpy/greetingpy.egg-info/top_level.txt
reading manifest file '../../build/greetingpy/greetingpy.egg-info/SOURCES.txt'
writing manifest file '../../build/greetingpy/greetingpy.egg-info/SOURCES.txt'
running build
running build_py
copying greetingpy/greetsub.py -> /home/david/ros2_ws/build/greetingpy/build/lib/greetingpy
running install
running install_lib
copying /home/david/ros2_ws/build/greetingpy/build/lib/greetingpy/greetsub.py -> /home/david/ros2_ws/install/greetingpy/lib/python3.10/site-packages/greetingpy
byte-compiling /home/david/ros2_ws/install/greetingpy/lib/python3.10/site-packages/greetingpy/greetsub.py to greetsub.cpython-310.pyc
running install_data
running install_egg_info
removing '/home/david/ros2_ws/install/greetingpy/lib/python3.10/site-packages/greetingpy-0.0.0-py3.10.egg-info' (and everything under it)
Copying ../../build/greetingpy/greetingpy.egg-info to /home/david/ros2_ws/install/greetingpy/lib/python3.10/site-packages/greetingpy-0.0.0-py3.10.egg-info
running install_scripts
Installing greeting_publisher script to /home/david/ros2_ws/install/greetingpy/lib/greetingpy
Installing greeting_subscriber script to /home/david/ros2_ws/install/greetingpy/lib/greetingpy
writing list of installed files to '/home/david/ros2_ws/build/greetingpy/install.log'
