[0.560s] Invoking command in '/home/david/ros2_ws/build/ugv': CMAKE_PREFIX_PATH=${CMAKE_PREFIX_PATH}:/home/david/ros2_ws/install/greetingpy:/opt/ros/humble /usr/bin/cmake /home/david/ros2_ws/src/ugv -DCMAKE_INSTALL_PREFIX=/home/david/ros2_ws/install/ugv
[0.689s] -- The C compiler identification is GNU 11.4.0
[0.808s] -- The CXX compiler identification is GNU 11.4.0
[0.827s] -- Detecting C compiler ABI info
[0.973s] -- Detecting C compiler ABI info - done
[0.997s] -- Check for working C compiler: /usr/bin/cc - skipped
[0.998s] -- Detecting C compile features
[0.999s] -- Detecting C compile features - done
[1.010s] -- Detecting CXX compiler ABI info
[1.170s] -- Detecting CXX compiler ABI info - done
[1.196s] -- Check for working CXX compiler: /usr/bin/c++ - skipped
[1.197s] -- Detecting CXX compile features
[1.198s] -- Detecting CXX compile features - done
[1.206s] -- Found ament_cmake: 1.3.10 (/opt/ros/humble/share/ament_cmake/cmake)
[1.545s] -- Found Python3: /usr/bin/python3 (found version "3.10.12") found components: Interpreter 
[1.757s] -- Found rclcpp: 16.0.10 (/opt/ros/humble/share/rclcpp/cmake)
[1.849s] -- Found rosidl_generator_c: 3.1.5 (/opt/ros/humble/share/rosidl_generator_c/cmake)
[1.858s] -- Found rosidl_adapter: 3.1.5 (/opt/ros/humble/share/rosidl_adapter/cmake)
[1.873s] -- Found rosidl_generator_cpp: 3.1.5 (/opt/ros/humble/share/rosidl_generator_cpp/cmake)
[1.895s] -- Using all available rosidl_typesupport_c: rosidl_typesupport_fastrtps_c;rosidl_typesupport_introspection_c
[1.936s] -- Using all available rosidl_typesupport_cpp: rosidl_typesupport_fastrtps_cpp;rosidl_typesupport_introspection_cpp
[2.015s] -- Found rmw_implementation_cmake: 6.1.2 (/opt/ros/humble/share/rmw_implementation_cmake/cmake)
[2.020s] -- Found rmw_fastrtps_cpp: 6.2.7 (/opt/ros/humble/share/rmw_fastrtps_cpp/cmake)
[2.181s] -- Found OpenSSL: /usr/lib/aarch64-linux-gnu/libcrypto.so (found version "3.0.2")  
[2.248s] -- Found FastRTPS: /opt/ros/humble/include  
[2.327s] -- Using RMW implementation 'rmw_fastrtps_cpp' as default
[2.342s] -- Looking for pthread.h
[2.493s] -- Looking for pthread.h - found
[2.494s] -- Performing Test CMAKE_HAVE_LIBC_PTHREAD
[2.638s] -- Performing Test CMAKE_HAVE_LIBC_PTHREAD - Success
[2.640s] -- Found Threads: TRUE  
[2.741s] -- Found urdf: 2.6.1 (/opt/ros/humble/share/urdf/cmake)
[2.813s] -- Found xacro: 2.0.8 (/opt/ros/humble/share/xacro/cmake)
[2.833s] [33mCMake Warning at CMakeLists.txt:13 (find_package):
[2.834s]   By not providing "Findjoint_state_publisher.cmake" in CMAKE_MODULE_PATH
[2.834s]   this project has asked CMake to find a package configuration file provided
[2.834s]   by "joint_state_publisher", but CMake did not find one.
[2.834s] 
[2.835s]   Could not find a package configuration file provided by
[2.835s]   "joint_state_publisher" with any of the following names:
[2.835s] 
[2.835s]     joint_state_publisherConfig.cmake
[2.836s]     joint_state_publisher-config.cmake
[2.836s] 
[2.836s]   Add the installation prefix of "joint_state_publisher" to CMAKE_PREFIX_PATH
[2.836s]   or set "joint_state_publisher_DIR" to a directory containing one of the
[2.836s]   above files.  If "joint_state_publisher" provides a separate development
[2.837s]   package or SDK, be sure it has been installed.
[2.837s] 
[2.837s] [0m
[2.853s] [33mCMake Warning at CMakeLists.txt:14 (find_package):
[2.853s]   By not providing "Findjoint_state_publisher_gui.cmake" in CMAKE_MODULE_PATH
[2.853s]   this project has asked CMake to find a package configuration file provided
[2.854s]   by "joint_state_publisher_gui", but CMake did not find one.
[2.854s] 
[2.854s]   Could not find a package configuration file provided by
[2.854s]   "joint_state_publisher_gui" with any of the following names:
[2.854s] 
[2.855s]     joint_state_publisher_guiConfig.cmake
[2.855s]     joint_state_publisher_gui-config.cmake
[2.855s] 
[2.855s]   Add the installation prefix of "joint_state_publisher_gui" to
[2.856s]   CMAKE_PREFIX_PATH or set "joint_state_publisher_gui_DIR" to a directory
[2.856s]   containing one of the above files.  If "joint_state_publisher_gui" provides
[2.856s]   a separate development package or SDK, be sure it has been installed.
[2.856s] 
[2.857s] [0m
[2.857s] -- Found ament_lint_auto: 0.12.11 (/opt/ros/humble/share/ament_lint_auto/cmake)
[3.019s] -- Added test 'flake8' to check Python code syntax and style conventions
[3.020s] -- Added test 'lint_cmake' to check CMake code style
[3.021s] -- Added test 'pep257' to check Python code against some of the docstring style conventions in PEP 257
[3.023s] -- Added test 'xmllint' to check XML markup files
[3.026s] -- Configuring done
[3.037s] -- Generating done
[3.040s] -- Build files have been written to: /home/david/ros2_ws/build/ugv
[3.063s] Invoked command in '/home/david/ros2_ws/build/ugv' returned '0': CMAKE_PREFIX_PATH=${CMAKE_PREFIX_PATH}:/home/david/ros2_ws/install/greetingpy:/opt/ros/humble /usr/bin/cmake /home/david/ros2_ws/src/ugv -DCMAKE_INSTALL_PREFIX=/home/david/ros2_ws/install/ugv
[3.069s] Invoking command in '/home/david/ros2_ws/build/ugv': CMAKE_PREFIX_PATH=${CMAKE_PREFIX_PATH}:/home/david/ros2_ws/install/greetingpy:/opt/ros/humble /usr/bin/cmake --build /home/david/ros2_ws/build/ugv -- -j6 -l6
[3.180s] Invoked command in '/home/david/ros2_ws/build/ugv' returned '0': CMAKE_PREFIX_PATH=${CMAKE_PREFIX_PATH}:/home/david/ros2_ws/install/greetingpy:/opt/ros/humble /usr/bin/cmake --build /home/david/ros2_ws/build/ugv -- -j6 -l6
[3.256s] Invoking command in '/home/david/ros2_ws/build/ugv': CMAKE_PREFIX_PATH=${CMAKE_PREFIX_PATH}:/home/david/ros2_ws/install/greetingpy:/opt/ros/humble /usr/bin/cmake --install /home/david/ros2_ws/build/ugv
[3.276s] -- Install configuration: ""
[3.276s] -- Installing: /home/david/ros2_ws/install/ugv/share/ugv//launch
[3.276s] -- Installing: /home/david/ros2_ws/install/ugv/share/ugv//launch/display_ugv.launch.py
[3.277s] -- Installing: /home/david/ros2_ws/install/ugv/share/ugv//urdf
[3.278s] -- Installing: /home/david/ros2_ws/install/ugv/share/ugv//urdf/ugv.urdf
[3.278s] -- Installing: /home/david/ros2_ws/install/ugv/share/ugv//urdf/ugv.xacro
[3.278s] -- Installing: /home/david/ros2_ws/install/ugv/share/ugv//mesh
[3.279s] -- Installing: /home/david/ros2_ws/install/ugv/share/ugv//mesh/shaft.mtl
[3.279s] -- Installing: /home/david/ros2_ws/install/ugv/share/ugv//mesh/lidar.mtl
[3.279s] -- Installing: /home/david/ros2_ws/install/ugv/share/ugv//mesh/mainBody.stl
[3.279s] -- Installing: /home/david/ros2_ws/install/ugv/share/ugv//mesh/tyre.stl
[3.280s] -- Installing: /home/david/ros2_ws/install/ugv/share/ugv//mesh/shaft.obj
[3.280s] -- Installing: /home/david/ros2_ws/install/ugv/share/ugv//mesh/lidar.obj
[3.280s] -- Installing: /home/david/ros2_ws/install/ugv/share/ugv//mesh/tyre.obj
[3.281s] -- Installing: /home/david/ros2_ws/install/ugv/share/ugv//mesh/shaft.stl
[3.282s] -- Installing: /home/david/ros2_ws/install/ugv/share/ugv//mesh/mainBody.obj
[3.282s] -- Installing: /home/david/ros2_ws/install/ugv/share/ugv//mesh/tyre.mtl
[3.282s] -- Installing: /home/david/ros2_ws/install/ugv/share/ugv//mesh/mainBody.mtl
[3.282s] -- Installing: /home/david/ros2_ws/install/ugv/share/ugv//mesh/lidar.stl
[3.283s] -- Installing: /home/david/ros2_ws/install/ugv/share/ugv//rviz
[3.283s] -- Installing: /home/david/ros2_ws/install/ugv/share/ugv//rviz/ugv_config.rviz
[3.283s] -- Installing: /home/david/ros2_ws/install/ugv/share/ament_index/resource_index/package_run_dependencies/ugv
[3.284s] -- Installing: /home/david/ros2_ws/install/ugv/share/ament_index/resource_index/parent_prefix_path/ugv
[3.284s] -- Installing: /home/david/ros2_ws/install/ugv/share/ugv/environment/ament_prefix_path.sh
[3.284s] -- Installing: /home/david/ros2_ws/install/ugv/share/ugv/environment/ament_prefix_path.dsv
[3.285s] -- Installing: /home/david/ros2_ws/install/ugv/share/ugv/environment/path.sh
[3.285s] -- Installing: /home/david/ros2_ws/install/ugv/share/ugv/environment/path.dsv
[3.285s] -- Installing: /home/david/ros2_ws/install/ugv/share/ugv/local_setup.bash
[3.286s] -- Installing: /home/david/ros2_ws/install/ugv/share/ugv/local_setup.sh
[3.286s] -- Installing: /home/david/ros2_ws/install/ugv/share/ugv/local_setup.zsh
[3.286s] -- Installing: /home/david/ros2_ws/install/ugv/share/ugv/local_setup.dsv
[3.286s] -- Installing: /home/david/ros2_ws/install/ugv/share/ugv/package.dsv
[3.287s] -- Installing: /home/david/ros2_ws/install/ugv/share/ament_index/resource_index/packages/ugv
[3.287s] -- Installing: /home/david/ros2_ws/install/ugv/share/ugv/cmake/ugvConfig.cmake
[3.287s] -- Installing: /home/david/ros2_ws/install/ugv/share/ugv/cmake/ugvConfig-version.cmake
[3.288s] -- Installing: /home/david/ros2_ws/install/ugv/share/ugv/package.xml
[3.295s] Invoked command in '/home/david/ros2_ws/build/ugv' returned '0': CMAKE_PREFIX_PATH=${CMAKE_PREFIX_PATH}:/home/david/ros2_ws/install/greetingpy:/opt/ros/humble /usr/bin/cmake --install /home/david/ros2_ws/build/ugv
