[0.017s] Invoking command in '/home/david/ros2_ws/build/ugv': CMAKE_PREFIX_PATH=${CMAKE_PREFIX_PATH}:/opt/ros/humble /usr/bin/cmake /home/david/ros2_ws/src/ugv -DCMAKE_INSTALL_PREFIX=/home/david/ros2_ws/install/ugv
[0.289s] -- The C compiler identification is GNU 11.4.0
[0.542s] -- The CXX compiler identification is GNU 11.4.0
[0.568s] -- Detecting C compiler ABI info
[0.822s] -- Detecting C compiler ABI info - done
[0.841s] -- Check for working C compiler: /usr/bin/cc - skipped
[0.843s] -- Detecting C compile features
[0.844s] -- Detecting C compile features - done
[0.856s] -- Detecting CXX compiler ABI info
[1.119s] -- Detecting CXX compiler ABI info - done
[1.145s] -- Check for working CXX compiler: /usr/bin/c++ - skipped
[1.146s] -- Detecting CXX compile features
[1.147s] -- Detecting CXX compile features - done
[1.155s] -- Found ament_cmake: 1.3.10 (/opt/ros/humble/share/ament_cmake/cmake)
[1.518s] -- Found Python3: /usr/bin/python3 (found version "3.10.12") found components: Interpreter 
[1.739s] -- Found rclcpp: 16.0.10 (/opt/ros/humble/share/rclcpp/cmake)
[1.823s] -- Found rosidl_generator_c: 3.1.5 (/opt/ros/humble/share/rosidl_generator_c/cmake)
[1.831s] -- Found rosidl_adapter: 3.1.5 (/opt/ros/humble/share/rosidl_adapter/cmake)
[1.845s] -- Found rosidl_generator_cpp: 3.1.5 (/opt/ros/humble/share/rosidl_generator_cpp/cmake)
[1.867s] -- Using all available rosidl_typesupport_c: rosidl_typesupport_fastrtps_c;rosidl_typesupport_introspection_c
[1.895s] -- Using all available rosidl_typesupport_cpp: rosidl_typesupport_fastrtps_cpp;rosidl_typesupport_introspection_cpp
[1.971s] -- Found rmw_implementation_cmake: 6.1.2 (/opt/ros/humble/share/rmw_implementation_cmake/cmake)
[1.975s] -- Found rmw_fastrtps_cpp: 6.2.7 (/opt/ros/humble/share/rmw_fastrtps_cpp/cmake)
[2.127s] -- Found OpenSSL: /usr/lib/aarch64-linux-gnu/libcrypto.so (found version "3.0.2")  
[2.196s] -- Found FastRTPS: /opt/ros/humble/include  
[2.289s] -- Using RMW implementation 'rmw_fastrtps_cpp' as default
[2.306s] -- Looking for pthread.h
[2.473s] -- Looking for pthread.h - found
[2.474s] -- Performing Test CMAKE_HAVE_LIBC_PTHREAD
[2.701s] -- Performing Test CMAKE_HAVE_LIBC_PTHREAD - Success
[2.704s] -- Found Threads: TRUE  
[2.819s] -- Found urdf: 2.6.1 (/opt/ros/humble/share/urdf/cmake)
[2.889s] -- Found xacro: 2.0.8 (/opt/ros/humble/share/xacro/cmake)
[2.910s] [33mCMake Warning at CMakeLists.txt:13 (find_package):
[2.910s]   By not providing "Findjoint_state_publisher.cmake" in CMAKE_MODULE_PATH
[2.910s]   this project has asked CMake to find a package configuration file provided
[2.910s]   by "joint_state_publisher", but CMake did not find one.
[2.911s] 
[2.911s]   Could not find a package configuration file provided by
[2.911s]   "joint_state_publisher" with any of the following names:
[2.911s] 
[2.911s]     joint_state_publisherConfig.cmake
[2.911s]     joint_state_publisher-config.cmake
[2.911s] 
[2.911s]   Add the installation prefix of "joint_state_publisher" to CMAKE_PREFIX_PATH
[2.911s]   or set "joint_state_publisher_DIR" to a directory containing one of the
[2.912s]   above files.  If "joint_state_publisher" provides a separate development
[2.912s]   package or SDK, be sure it has been installed.
[2.912s] 
[2.912s] [0m
[2.930s] [33mCMake Warning at CMakeLists.txt:14 (find_package):
[2.930s]   By not providing "Findjoint_state_publisher_gui.cmake" in CMAKE_MODULE_PATH
[2.930s]   this project has asked CMake to find a package configuration file provided
[2.930s]   by "joint_state_publisher_gui", but CMake did not find one.
[2.930s] 
[2.931s]   Could not find a package configuration file provided by
[2.931s]   "joint_state_publisher_gui" with any of the following names:
[2.931s] 
[2.931s]     joint_state_publisher_guiConfig.cmake
[2.931s]     joint_state_publisher_gui-config.cmake
[2.931s] 
[2.931s]   Add the installation prefix of "joint_state_publisher_gui" to
[2.931s]   CMAKE_PREFIX_PATH or set "joint_state_publisher_gui_DIR" to a directory
[2.932s]   containing one of the above files.  If "joint_state_publisher_gui" provides
[2.932s]   a separate development package or SDK, be sure it has been installed.
[2.932s] 
[2.932s] [0m
[2.933s] -- Found ament_lint_auto: 0.12.11 (/opt/ros/humble/share/ament_lint_auto/cmake)
[3.090s] -- Added test 'flake8' to check Python code syntax and style conventions
[3.091s] -- Added test 'lint_cmake' to check CMake code style
[3.092s] -- Added test 'pep257' to check Python code against some of the docstring style conventions in PEP 257
[3.094s] -- Added test 'xmllint' to check XML markup files
[3.096s] -- Configuring done
[3.107s] -- Generating done
[3.110s] -- Build files have been written to: /home/david/ros2_ws/build/ugv
[3.145s] Invoked command in '/home/david/ros2_ws/build/ugv' returned '0': CMAKE_PREFIX_PATH=${CMAKE_PREFIX_PATH}:/opt/ros/humble /usr/bin/cmake /home/david/ros2_ws/src/ugv -DCMAKE_INSTALL_PREFIX=/home/david/ros2_ws/install/ugv
[3.149s] Invoking command in '/home/david/ros2_ws/build/ugv': CMAKE_PREFIX_PATH=${CMAKE_PREFIX_PATH}:/opt/ros/humble /usr/bin/cmake --build /home/david/ros2_ws/build/ugv -- -j6 -l6
[3.260s] Invoked command in '/home/david/ros2_ws/build/ugv' returned '0': CMAKE_PREFIX_PATH=${CMAKE_PREFIX_PATH}:/opt/ros/humble /usr/bin/cmake --build /home/david/ros2_ws/build/ugv -- -j6 -l6
[3.336s] Invoking command in '/home/david/ros2_ws/build/ugv': CMAKE_PREFIX_PATH=${CMAKE_PREFIX_PATH}:/opt/ros/humble /usr/bin/cmake --install /home/david/ros2_ws/build/ugv
[3.356s] -- Install configuration: ""
[3.356s] -- Installing: /home/david/ros2_ws/install/ugv/share/ugv//launch
[3.357s] -- Installing: /home/david/ros2_ws/install/ugv/share/ugv//launch/display_ugv.launch.py
[3.357s] -- Installing: /home/david/ros2_ws/install/ugv/share/ugv//urdf
[3.357s] -- Installing: /home/david/ros2_ws/install/ugv/share/ugv//urdf/ugv.urdf
[3.357s] -- Installing: /home/david/ros2_ws/install/ugv/share/ugv//urdf/ugv.xacro
[3.357s] -- Installing: /home/david/ros2_ws/install/ugv/share/ugv//mesh
[3.358s] -- Installing: /home/david/ros2_ws/install/ugv/share/ugv//mesh/shaft.mtl
[3.358s] -- Installing: /home/david/ros2_ws/install/ugv/share/ugv//mesh/lidar.mtl
[3.358s] -- Installing: /home/david/ros2_ws/install/ugv/share/ugv//mesh/mainBody.stl
[3.359s] -- Installing: /home/david/ros2_ws/install/ugv/share/ugv//mesh/tyre.stl
[3.359s] -- Installing: /home/david/ros2_ws/install/ugv/share/ugv//mesh/shaft.obj
[3.359s] -- Installing: /home/david/ros2_ws/install/ugv/share/ugv//mesh/lidar.obj
[3.360s] -- Installing: /home/david/ros2_ws/install/ugv/share/ugv//mesh/tyre.obj
[3.360s] -- Installing: /home/david/ros2_ws/install/ugv/share/ugv//mesh/shaft.stl
[3.360s] -- Installing: /home/david/ros2_ws/install/ugv/share/ugv//mesh/mainBody.obj
[3.361s] -- Installing: /home/david/ros2_ws/install/ugv/share/ugv//mesh/tyre.mtl
[3.361s] -- Installing: /home/david/ros2_ws/install/ugv/share/ugv//mesh/mainBody.mtl
[3.361s] -- Installing: /home/david/ros2_ws/install/ugv/share/ugv//mesh/lidar.stl
[3.362s] -- Installing: /home/david/ros2_ws/install/ugv/share/ugv//rviz
[3.362s] -- Installing: /home/david/ros2_ws/install/ugv/share/ugv//rviz/ugv_config.rviz
[3.362s] -- Installing: /home/david/ros2_ws/install/ugv/share/ament_index/resource_index/package_run_dependencies/ugv
[3.363s] -- Installing: /home/david/ros2_ws/install/ugv/share/ament_index/resource_index/parent_prefix_path/ugv
[3.363s] -- Installing: /home/david/ros2_ws/install/ugv/share/ugv/environment/ament_prefix_path.sh
[3.364s] -- Installing: /home/david/ros2_ws/install/ugv/share/ugv/environment/ament_prefix_path.dsv
[3.364s] -- Installing: /home/david/ros2_ws/install/ugv/share/ugv/environment/path.sh
[3.364s] -- Installing: /home/david/ros2_ws/install/ugv/share/ugv/environment/path.dsv
[3.364s] -- Installing: /home/david/ros2_ws/install/ugv/share/ugv/local_setup.bash
[3.365s] -- Installing: /home/david/ros2_ws/install/ugv/share/ugv/local_setup.sh
[3.365s] -- Installing: /home/david/ros2_ws/install/ugv/share/ugv/local_setup.zsh
[3.365s] -- Installing: /home/david/ros2_ws/install/ugv/share/ugv/local_setup.dsv
[3.366s] -- Installing: /home/david/ros2_ws/install/ugv/share/ugv/package.dsv
[3.366s] -- Installing: /home/david/ros2_ws/install/ugv/share/ament_index/resource_index/packages/ugv
[3.366s] -- Installing: /home/david/ros2_ws/install/ugv/share/ugv/cmake/ugvConfig.cmake
[3.366s] -- Installing: /home/david/ros2_ws/install/ugv/share/ugv/cmake/ugvConfig-version.cmake
[3.367s] -- Installing: /home/david/ros2_ws/install/ugv/share/ugv/package.xml
[3.374s] Invoked command in '/home/david/ros2_ws/build/ugv' returned '0': CMAKE_PREFIX_PATH=${CMAKE_PREFIX_PATH}:/opt/ros/humble /usr/bin/cmake --install /home/david/ros2_ws/build/ugv
