[0.032s] Invoking command in '/home/david/ros2_ws/build/ugv': CMAKE_PREFIX_PATH=${CMAKE_PREFIX_PATH}:/opt/ros/humble /usr/bin/cmake --build /home/david/ros2_ws/build/ugv -- -j2 -l2
[0.088s] -- Found ament_cmake: 1.3.10 (/opt/ros/humble/share/ament_cmake/cmake)
[0.218s] -- Found rclpy: 3.3.14 (/opt/ros/humble/share/rclpy/cmake)
[0.220s] -- Found ament_lint_auto: 0.12.11 (/opt/ros/humble/share/ament_lint_auto/cmake)
[0.319s] -- Found xacro: 2.0.8 (/opt/ros/humble/share/xacro/cmake)
[0.319s] -- Found rviz2: 11.2.13 (/opt/ros/humble/share/rviz2/cmake)
[0.319s] -- Found robot_state_publisher: 3.0.3 (/opt/ros/humble/share/robot_state_publisher/cmake)
[0.341s] -- Found rosidl_generator_c: 3.1.5 (/opt/ros/humble/share/rosidl_generator_c/cmake)
[0.345s] -- Found rosidl_adapter: 3.1.5 (/opt/ros/humble/share/rosidl_adapter/cmake)
[0.351s] -- Found rosidl_generator_cpp: 3.1.5 (/opt/ros/humble/share/rosidl_generator_cpp/cmake)
[0.361s] -- Using all available rosidl_typesupport_c: rosidl_typesupport_fastrtps_c;rosidl_typesupport_introspection_c
[0.375s] -- Using all available rosidl_typesupport_cpp: rosidl_typesupport_fastrtps_cpp;rosidl_typesupport_introspection_cpp
[0.419s] -- Found eigen3_cmake_module: 0.1.1 (/opt/ros/humble/share/eigen3_cmake_module/cmake)
[0.426s] -- Ensuring Eigen3 include directory is part of orocos-kdl CMake target
[0.455s] -- Found rmw_implementation_cmake: 6.1.2 (/opt/ros/humble/share/rmw_implementation_cmake/cmake)
[0.456s] -- Found rmw_fastrtps_cpp: 6.2.7 (/opt/ros/humble/share/rmw_fastrtps_cpp/cmake)
[0.587s] -- Using RMW implementation 'rmw_fastrtps_cpp' as default
[0.766s] [31mCMake Error at CMakeLists.txt:27 (find_package):
[0.766s] -- Configuring incomplete, errors occurred!
[0.767s] See also "/home/david/ros2_ws/build/ugv/CMakeFiles/CMakeOutput.log".
[0.767s]   By not providing "Findjoint_state_publisher.cmake" in CMAKE_MODULE_PATH
[0.767s]   this project has asked CMake to find a package configuration file provided
[0.767s]   by "joint_state_publisher", but CMake did not find one.
[0.767s] 
[0.767s]   Could not find a package configuration file provided by
[0.767s]   "joint_state_publisher" with any of the following names:
[0.767s] 
[0.767s]     joint_state_publisherConfig.cmake
[0.767s]     joint_state_publisher-config.cmake
[0.767s] 
[0.767s]   Add the installation prefix of "joint_state_publisher" to CMAKE_PREFIX_PATH
[0.767s]   or set "joint_state_publisher_DIR" to a directory containing one of the
[0.767s]   above files.  If "joint_state_publisher" provides a separate development
[0.767s]   package or SDK, be sure it has been installed.
[0.768s] 
[0.768s] [0m
[0.782s] gmake: *** [Makefile:226: cmake_check_build_system] Error 1
[0.782s] Invoked command in '/home/david/ros2_ws/build/ugv' returned '2': CMAKE_PREFIX_PATH=${CMAKE_PREFIX_PATH}:/opt/ros/humble /usr/bin/cmake --build /home/david/ros2_ws/build/ugv -- -j2 -l2
