[0.226s] DEBUG:colcon:Command line arguments: ['/usr/bin/colcon', 'build', '--packages-select', 'ugv']
[0.226s] DEBUG:colcon:Parsed command line arguments: Namespace(log_base=None, log_level=None, verb_name='build', build_base='build', install_base='install', merge_install=False, symlink_install=False, test_result_base=None, continue_on_error=False, executor='parallel', parallel_workers=6, event_handlers=None, ignore_user_meta=False, metas=['./colcon.meta'], base_paths=['.'], packages_ignore=None, packages_ignore_regex=None, paths=None, packages_up_to=None, packages_up_to_regex=None, packages_above=None, packages_above_and_dependencies=None, packages_above_depth=None, packages_select_by_dep=None, packages_skip_by_dep=None, packages_skip_up_to=None, packages_select_build_failed=False, packages_skip_build_finished=False, packages_select_test_failures=False, packages_skip_test_passed=False, packages_select=['ugv'], packages_skip=None, packages_select_regex=None, packages_skip_regex=None, packages_start=None, packages_end=None, allow_overriding=[], cmake_args=None, cmake_target=None, cmake_target_skip_unavailable=False, cmake_clean_cache=False, cmake_clean_first=False, cmake_force_configure=False, ament_cmake_args=None, catkin_cmake_args=None, catkin_skip_building_tests=False, mixin_files=None, mixin=None, verb_parser=<colcon_mixin.mixin.mixin_argument.MixinArgumentDecorator object at 0xffffafbbe6e0>, verb_extension=<colcon_core.verb.build.BuildVerb object at 0xffffafbbda80>, main=<bound method BuildVerb.main of <colcon_core.verb.build.BuildVerb object at 0xffffafbbda80>>, mixin_verb=('build',))
[0.587s] Level 1:colcon.colcon_core.package_discovery:discover_packages(colcon_meta) check parameters
[0.588s] Level 1:colcon.colcon_core.package_discovery:discover_packages(recursive) check parameters
[0.588s] Level 1:colcon.colcon_core.package_discovery:discover_packages(ignore) check parameters
[0.588s] Level 1:colcon.colcon_core.package_discovery:discover_packages(path) check parameters
[0.588s] Level 1:colcon.colcon_core.package_discovery:discover_packages(colcon_meta) discover
[0.588s] Level 1:colcon.colcon_core.package_discovery:discover_packages(recursive) discover
[0.588s] INFO:colcon.colcon_core.package_discovery:Crawling recursively for packages in '/home/david/ros2_ws'
[0.588s] Level 1:colcon.colcon_core.package_identification:_identify(.) by extensions ['ignore', 'ignore_ament_install']
[0.589s] Level 1:colcon.colcon_core.package_identification:_identify(.) by extension 'ignore'
[0.589s] Level 1:colcon.colcon_core.package_identification:_identify(.) by extension 'ignore_ament_install'
[0.589s] Level 1:colcon.colcon_core.package_identification:_identify(.) by extensions ['colcon_pkg']
[0.589s] Level 1:colcon.colcon_core.package_identification:_identify(.) by extension 'colcon_pkg'
[0.589s] Level 1:colcon.colcon_core.package_identification:_identify(.) by extensions ['colcon_meta']
[0.589s] Level 1:colcon.colcon_core.package_identification:_identify(.) by extension 'colcon_meta'
[0.589s] Level 1:colcon.colcon_core.package_identification:_identify(.) by extensions ['ros']
[0.590s] Level 1:colcon.colcon_core.package_identification:_identify(.) by extension 'ros'
[0.616s] Level 1:colcon.colcon_core.package_identification:_identify(.) by extensions ['cmake', 'python']
[0.616s] Level 1:colcon.colcon_core.package_identification:_identify(.) by extension 'cmake'
[0.617s] Level 1:colcon.colcon_core.package_identification:_identify(.) by extension 'python'
[0.617s] Level 1:colcon.colcon_core.package_identification:_identify(.) by extensions ['python_setup_py']
[0.617s] Level 1:colcon.colcon_core.package_identification:_identify(.) by extension 'python_setup_py'
[0.617s] Level 1:colcon.colcon_core.package_identification:_identify(build) by extensions ['ignore', 'ignore_ament_install']
[0.617s] Level 1:colcon.colcon_core.package_identification:_identify(build) by extension 'ignore'
[0.617s] Level 1:colcon.colcon_core.package_identification:_identify(build) ignored
[0.618s] Level 1:colcon.colcon_core.package_identification:_identify(install) by extensions ['ignore', 'ignore_ament_install']
[0.618s] Level 1:colcon.colcon_core.package_identification:_identify(install) by extension 'ignore'
[0.618s] Level 1:colcon.colcon_core.package_identification:_identify(install) ignored
[0.618s] Level 1:colcon.colcon_core.package_identification:_identify(log) by extensions ['ignore', 'ignore_ament_install']
[0.618s] Level 1:colcon.colcon_core.package_identification:_identify(log) by extension 'ignore'
[0.619s] Level 1:colcon.colcon_core.package_identification:_identify(log) ignored
[0.619s] Level 1:colcon.colcon_core.package_identification:_identify(src) by extensions ['ignore', 'ignore_ament_install']
[0.619s] Level 1:colcon.colcon_core.package_identification:_identify(src) by extension 'ignore'
[0.619s] Level 1:colcon.colcon_core.package_identification:_identify(src) by extension 'ignore_ament_install'
[0.619s] Level 1:colcon.colcon_core.package_identification:_identify(src) by extensions ['colcon_pkg']
[0.619s] Level 1:colcon.colcon_core.package_identification:_identify(src) by extension 'colcon_pkg'
[0.619s] Level 1:colcon.colcon_core.package_identification:_identify(src) by extensions ['colcon_meta']
[0.619s] Level 1:colcon.colcon_core.package_identification:_identify(src) by extension 'colcon_meta'
[0.619s] Level 1:colcon.colcon_core.package_identification:_identify(src) by extensions ['ros']
[0.620s] Level 1:colcon.colcon_core.package_identification:_identify(src) by extension 'ros'
[0.620s] Level 1:colcon.colcon_core.package_identification:_identify(src) by extensions ['cmake', 'python']
[0.620s] Level 1:colcon.colcon_core.package_identification:_identify(src) by extension 'cmake'
[0.620s] Level 1:colcon.colcon_core.package_identification:_identify(src) by extension 'python'
[0.620s] Level 1:colcon.colcon_core.package_identification:_identify(src) by extensions ['python_setup_py']
[0.620s] Level 1:colcon.colcon_core.package_identification:_identify(src) by extension 'python_setup_py'
[0.620s] Level 1:colcon.colcon_core.package_identification:_identify(src/greetingpy) by extensions ['ignore', 'ignore_ament_install']
[0.620s] Level 1:colcon.colcon_core.package_identification:_identify(src/greetingpy) by extension 'ignore'
[0.620s] Level 1:colcon.colcon_core.package_identification:_identify(src/greetingpy) by extension 'ignore_ament_install'
[0.621s] Level 1:colcon.colcon_core.package_identification:_identify(src/greetingpy) by extensions ['colcon_pkg']
[0.621s] Level 1:colcon.colcon_core.package_identification:_identify(src/greetingpy) by extension 'colcon_pkg'
[0.621s] Level 1:colcon.colcon_core.package_identification:_identify(src/greetingpy) by extensions ['colcon_meta']
[0.621s] Level 1:colcon.colcon_core.package_identification:_identify(src/greetingpy) by extension 'colcon_meta'
[0.621s] Level 1:colcon.colcon_core.package_identification:_identify(src/greetingpy) by extensions ['ros']
[0.621s] Level 1:colcon.colcon_core.package_identification:_identify(src/greetingpy) by extension 'ros'
[0.626s] DEBUG:colcon.colcon_core.package_identification:Package 'src/greetingpy' with type 'ros.ament_python' and name 'greetingpy'
[0.627s] Level 1:colcon.colcon_core.package_identification:_identify(src/ugv) by extensions ['ignore', 'ignore_ament_install']
[0.627s] Level 1:colcon.colcon_core.package_identification:_identify(src/ugv) by extension 'ignore'
[0.627s] Level 1:colcon.colcon_core.package_identification:_identify(src/ugv) by extension 'ignore_ament_install'
[0.628s] Level 1:colcon.colcon_core.package_identification:_identify(src/ugv) by extensions ['colcon_pkg']
[0.628s] Level 1:colcon.colcon_core.package_identification:_identify(src/ugv) by extension 'colcon_pkg'
[0.628s] Level 1:colcon.colcon_core.package_identification:_identify(src/ugv) by extensions ['colcon_meta']
[0.628s] Level 1:colcon.colcon_core.package_identification:_identify(src/ugv) by extension 'colcon_meta'
[0.628s] Level 1:colcon.colcon_core.package_identification:_identify(src/ugv) by extensions ['ros']
[0.628s] Level 1:colcon.colcon_core.package_identification:_identify(src/ugv) by extension 'ros'
[0.631s] DEBUG:colcon.colcon_core.package_identification:Package 'src/ugv' with type 'ros.ament_cmake' and name 'ugv'
[0.631s] Level 1:colcon.colcon_core.package_discovery:discover_packages(recursive) using defaults
[0.631s] Level 1:colcon.colcon_core.package_discovery:discover_packages(ignore) discover
[0.631s] Level 1:colcon.colcon_core.package_discovery:discover_packages(ignore) using defaults
[0.631s] Level 1:colcon.colcon_core.package_discovery:discover_packages(path) discover
[0.631s] Level 1:colcon.colcon_core.package_discovery:discover_packages(path) using defaults
[0.709s] INFO:colcon.colcon_core.package_selection:Skipping not selected package 'greetingpy' in 'src/greetingpy'
[0.710s] Level 1:colcon.colcon_core.package_discovery:discover_packages(prefix_path) check parameters
[0.710s] Level 1:colcon.colcon_core.package_discovery:discover_packages(prefix_path) discover
[0.712s] WARNING:colcon.colcon_ros.prefix_path.ament:The path '/home/david/ros2_ws/install/ugv' in the environment variable AMENT_PREFIX_PATH doesn't exist
[0.712s] WARNING:colcon.colcon_ros.prefix_path.ament:The path '/home/david/ros2_ws/install/greetingpy' in the environment variable AMENT_PREFIX_PATH doesn't exist
[0.713s] WARNING:colcon.colcon_ros.prefix_path.catkin:The path '/home/david/ros2_ws/install/ugv' in the environment variable CMAKE_PREFIX_PATH doesn't exist
[0.714s] DEBUG:colcon.colcon_installed_package_information.package_discovery:Found 0 installed packages in /home/david/ros2_ws/install
[0.715s] DEBUG:colcon.colcon_installed_package_information.package_discovery:Found 2 installed packages in /home/david/install
[0.719s] DEBUG:colcon.colcon_installed_package_information.package_discovery:Found 312 installed packages in /opt/ros/humble
[0.722s] Level 1:colcon.colcon_core.package_discovery:discover_packages(prefix_path) using defaults
[0.807s] Level 5:colcon.colcon_core.verb:set package 'ugv' build argument 'cmake_args' from command line to 'None'
[0.807s] Level 5:colcon.colcon_core.verb:set package 'ugv' build argument 'cmake_target' from command line to 'None'
[0.807s] Level 5:colcon.colcon_core.verb:set package 'ugv' build argument 'cmake_target_skip_unavailable' from command line to 'False'
[0.807s] Level 5:colcon.colcon_core.verb:set package 'ugv' build argument 'cmake_clean_cache' from command line to 'False'
[0.807s] Level 5:colcon.colcon_core.verb:set package 'ugv' build argument 'cmake_clean_first' from command line to 'False'
[0.808s] Level 5:colcon.colcon_core.verb:set package 'ugv' build argument 'cmake_force_configure' from command line to 'False'
[0.808s] Level 5:colcon.colcon_core.verb:set package 'ugv' build argument 'ament_cmake_args' from command line to 'None'
[0.808s] Level 5:colcon.colcon_core.verb:set package 'ugv' build argument 'catkin_cmake_args' from command line to 'None'
[0.808s] Level 5:colcon.colcon_core.verb:set package 'ugv' build argument 'catkin_skip_building_tests' from command line to 'False'
[0.808s] DEBUG:colcon.colcon_core.verb:Building package 'ugv' with the following arguments: {'ament_cmake_args': None, 'build_base': '/home/david/ros2_ws/build/ugv', 'catkin_cmake_args': None, 'catkin_skip_building_tests': False, 'cmake_args': None, 'cmake_clean_cache': False, 'cmake_clean_first': False, 'cmake_force_configure': False, 'cmake_target': None, 'cmake_target_skip_unavailable': False, 'install_base': '/home/david/ros2_ws/install/ugv', 'merge_install': False, 'path': '/home/david/ros2_ws/src/ugv', 'symlink_install': False, 'test_result_base': None}
[0.808s] INFO:colcon.colcon_core.executor:Executing jobs using 'parallel' executor
[0.811s] DEBUG:colcon.colcon_parallel_executor.executor.parallel:run_until_complete
[0.811s] INFO:colcon.colcon_ros.task.ament_cmake.build:Building ROS package in '/home/david/ros2_ws/src/ugv' with build type 'ament_cmake'
[0.811s] INFO:colcon.colcon_cmake.task.cmake.build:Building CMake package in '/home/david/ros2_ws/src/ugv'
[0.816s] INFO:colcon.colcon_core.plugin_system:Skipping extension 'colcon_core.shell.bat': Not used on non-Windows systems
[0.816s] INFO:colcon.colcon_core.shell:Skip shell extension 'powershell' for command environment: Not usable outside of PowerShell
[0.816s] DEBUG:colcon.colcon_core.shell:Skip shell extension 'dsv' for command environment
[0.836s] DEBUG:colcon.colcon_core.event_handler.log_command:Invoking command in '/home/david/ros2_ws/build/ugv': CMAKE_PREFIX_PATH=${CMAKE_PREFIX_PATH}:/home/david/ros2_ws/install/greetingpy:/home/david/install/greetingpy:/opt/ros/humble /usr/bin/cmake /home/david/ros2_ws/src/ugv -DCMAKE_INSTALL_PREFIX=/home/david/ros2_ws/install/ugv
[5.169s] DEBUG:colcon.colcon_core.event_handler.log_command:Invoked command in '/home/david/ros2_ws/build/ugv' returned '0': CMAKE_PREFIX_PATH=${CMAKE_PREFIX_PATH}:/home/david/ros2_ws/install/greetingpy:/home/david/install/greetingpy:/opt/ros/humble /usr/bin/cmake /home/david/ros2_ws/src/ugv -DCMAKE_INSTALL_PREFIX=/home/david/ros2_ws/install/ugv
[5.173s] DEBUG:colcon.colcon_core.event_handler.log_command:Invoking command in '/home/david/ros2_ws/build/ugv': CMAKE_PREFIX_PATH=${CMAKE_PREFIX_PATH}:/home/david/ros2_ws/install/greetingpy:/home/david/install/greetingpy:/opt/ros/humble /usr/bin/cmake --build /home/david/ros2_ws/build/ugv -- -j6 -l6
[5.262s] DEBUG:colcon.colcon_core.event_handler.log_command:Invoked command in '/home/david/ros2_ws/build/ugv' returned '0': CMAKE_PREFIX_PATH=${CMAKE_PREFIX_PATH}:/home/david/ros2_ws/install/greetingpy:/home/david/install/greetingpy:/opt/ros/humble /usr/bin/cmake --build /home/david/ros2_ws/build/ugv -- -j6 -l6
[5.323s] DEBUG:colcon.colcon_core.event_handler.log_command:Invoking command in '/home/david/ros2_ws/build/ugv': CMAKE_PREFIX_PATH=${CMAKE_PREFIX_PATH}:/home/david/ros2_ws/install/greetingpy:/home/david/install/greetingpy:/opt/ros/humble /usr/bin/cmake --install /home/david/ros2_ws/build/ugv
[5.357s] Level 1:colcon.colcon_core.environment:create_environment_scripts_only(ugv)
[5.358s] DEBUG:colcon.colcon_core.event_handler.log_command:Invoked command in '/home/david/ros2_ws/build/ugv' returned '0': CMAKE_PREFIX_PATH=${CMAKE_PREFIX_PATH}:/home/david/ros2_ws/install/greetingpy:/home/david/install/greetingpy:/opt/ros/humble /usr/bin/cmake --install /home/david/ros2_ws/build/ugv
[5.366s] Level 1:colcon.colcon_core.environment:checking '/home/david/ros2_ws/install/ugv' for CMake module files
[5.368s] Level 1:colcon.colcon_core.environment:checking '/home/david/ros2_ws/install/ugv' for CMake config files
[5.370s] Level 1:colcon.colcon_core.shell:create_environment_hook('ugv', 'cmake_prefix_path')
[5.371s] INFO:colcon.colcon_core.shell:Creating environment hook '/home/david/ros2_ws/install/ugv/share/ugv/hook/cmake_prefix_path.ps1'
[5.374s] INFO:colcon.colcon_core.shell:Creating environment descriptor '/home/david/ros2_ws/install/ugv/share/ugv/hook/cmake_prefix_path.dsv'
[5.375s] INFO:colcon.colcon_core.shell:Creating environment hook '/home/david/ros2_ws/install/ugv/share/ugv/hook/cmake_prefix_path.sh'
[5.377s] Level 1:colcon.colcon_core.environment:checking '/home/david/ros2_ws/install/ugv/lib'
[5.377s] Level 1:colcon.colcon_core.environment:checking '/home/david/ros2_ws/install/ugv/bin'
[5.378s] Level 1:colcon.colcon_core.environment:checking '/home/david/ros2_ws/install/ugv/lib/pkgconfig/ugv.pc'
[5.379s] Level 1:colcon.colcon_core.environment:checking '/home/david/ros2_ws/install/ugv/lib/python3.10/site-packages'
[5.379s] Level 1:colcon.colcon_core.environment:checking '/home/david/ros2_ws/install/ugv/bin'
[5.380s] INFO:colcon.colcon_core.shell:Creating package script '/home/david/ros2_ws/install/ugv/share/ugv/package.ps1'
[5.383s] INFO:colcon.colcon_core.shell:Creating package descriptor '/home/david/ros2_ws/install/ugv/share/ugv/package.dsv'
[5.385s] INFO:colcon.colcon_core.shell:Creating package script '/home/david/ros2_ws/install/ugv/share/ugv/package.sh'
[5.388s] INFO:colcon.colcon_core.shell:Creating package script '/home/david/ros2_ws/install/ugv/share/ugv/package.bash'
[5.390s] INFO:colcon.colcon_core.shell:Creating package script '/home/david/ros2_ws/install/ugv/share/ugv/package.zsh'
[5.391s] Level 1:colcon.colcon_core.environment:create_file_with_runtime_dependencies(/home/david/ros2_ws/install/ugv/share/colcon-core/packages/ugv)
[5.431s] Level 1:colcon.colcon_core.environment:create_environment_scripts_only(ugv)
[5.432s] Level 1:colcon.colcon_core.environment:checking '/home/david/ros2_ws/install/ugv' for CMake module files
[5.433s] Level 1:colcon.colcon_core.environment:checking '/home/david/ros2_ws/install/ugv' for CMake config files
[5.434s] Level 1:colcon.colcon_core.shell:create_environment_hook('ugv', 'cmake_prefix_path')
[5.435s] INFO:colcon.colcon_core.shell:Creating environment hook '/home/david/ros2_ws/install/ugv/share/ugv/hook/cmake_prefix_path.ps1'
[5.437s] INFO:colcon.colcon_core.shell:Creating environment descriptor '/home/david/ros2_ws/install/ugv/share/ugv/hook/cmake_prefix_path.dsv'
[5.439s] INFO:colcon.colcon_core.shell:Creating environment hook '/home/david/ros2_ws/install/ugv/share/ugv/hook/cmake_prefix_path.sh'
[5.441s] Level 1:colcon.colcon_core.environment:checking '/home/david/ros2_ws/install/ugv/lib'
[5.441s] Level 1:colcon.colcon_core.environment:checking '/home/david/ros2_ws/install/ugv/bin'
[5.441s] Level 1:colcon.colcon_core.environment:checking '/home/david/ros2_ws/install/ugv/lib/pkgconfig/ugv.pc'
[5.442s] Level 1:colcon.colcon_core.environment:checking '/home/david/ros2_ws/install/ugv/lib/python3.10/site-packages'
[5.443s] Level 1:colcon.colcon_core.environment:checking '/home/david/ros2_ws/install/ugv/bin'
[5.444s] INFO:colcon.colcon_core.shell:Creating package script '/home/david/ros2_ws/install/ugv/share/ugv/package.ps1'
[5.446s] INFO:colcon.colcon_core.shell:Creating package descriptor '/home/david/ros2_ws/install/ugv/share/ugv/package.dsv'
[5.448s] INFO:colcon.colcon_core.shell:Creating package script '/home/david/ros2_ws/install/ugv/share/ugv/package.sh'
[5.449s] INFO:colcon.colcon_core.shell:Creating package script '/home/david/ros2_ws/install/ugv/share/ugv/package.bash'
[5.451s] INFO:colcon.colcon_core.shell:Creating package script '/home/david/ros2_ws/install/ugv/share/ugv/package.zsh'
[5.452s] Level 1:colcon.colcon_core.environment:create_file_with_runtime_dependencies(/home/david/ros2_ws/install/ugv/share/colcon-core/packages/ugv)
[5.453s] DEBUG:colcon.colcon_parallel_executor.executor.parallel:closing loop
[5.454s] DEBUG:colcon.colcon_parallel_executor.executor.parallel:loop closed
[5.454s] DEBUG:colcon.colcon_parallel_executor.executor.parallel:run_until_complete finished with '0'
[5.455s] DEBUG:colcon.colcon_core.event_reactor:joining thread
[5.466s] INFO:colcon.colcon_core.plugin_system:Skipping extension 'colcon_notification.desktop_notification.terminal_notifier': Not used on non-Darwin systems
[5.467s] INFO:colcon.colcon_core.plugin_system:Skipping extension 'colcon_notification.desktop_notification.win32': Not used on non-Windows systems
[5.467s] INFO:colcon.colcon_notification.desktop_notification:Sending desktop notification using 'notify2'
[5.504s] DEBUG:colcon.colcon_core.event_reactor:joined thread
[5.506s] INFO:colcon.colcon_core.shell:Creating prefix script '/home/david/ros2_ws/install/local_setup.ps1'
[5.510s] INFO:colcon.colcon_core.shell:Creating prefix util module '/home/david/ros2_ws/install/_local_setup_util_ps1.py'
[5.514s] INFO:colcon.colcon_core.shell:Creating prefix chain script '/home/david/ros2_ws/install/setup.ps1'
[5.519s] INFO:colcon.colcon_core.shell:Creating prefix script '/home/david/ros2_ws/install/local_setup.sh'
[5.520s] INFO:colcon.colcon_core.shell:Creating prefix util module '/home/david/ros2_ws/install/_local_setup_util_sh.py'
[5.523s] INFO:colcon.colcon_core.shell:Creating prefix chain script '/home/david/ros2_ws/install/setup.sh'
[5.526s] INFO:colcon.colcon_core.shell:Creating prefix script '/home/david/ros2_ws/install/local_setup.bash'
[5.528s] INFO:colcon.colcon_core.shell:Creating prefix chain script '/home/david/ros2_ws/install/setup.bash'
[5.532s] INFO:colcon.colcon_core.shell:Creating prefix script '/home/david/ros2_ws/install/local_setup.zsh'
[5.534s] INFO:colcon.colcon_core.shell:Creating prefix chain script '/home/david/ros2_ws/install/setup.zsh'
