[1.272s] Invoking command in '/home/david/ros2_ws/src/greetingpy': PYTHONPATH=/home/david/ros2_ws/build/greetingpy/prefix_override:/usr/lib/python3/dist-packages/colcon_core/task/python/colcon_distutils_commands:/home/david/ros2_ws/install/greetingpy/lib/python3.10/site-packages:${PYTHONPATH} /usr/bin/python3 -W ignore:setup.py install is deprecated setup.py egg_info --egg-base ../../build/greetingpy build --build-base /home/david/ros2_ws/build/greetingpy/build install --record /home/david/ros2_ws/build/greetingpy/install.log --single-version-externally-managed install_data
[1.768s] running egg_info
[1.768s] writing ../../build/greetingpy/greetingpy.egg-info/PKG-INFO
[1.769s] writing dependency_links to ../../build/greetingpy/greetingpy.egg-info/dependency_links.txt
[1.770s] writing entry points to ../../build/greetingpy/greetingpy.egg-info/entry_points.txt
[1.770s] writing requirements to ../../build/greetingpy/greetingpy.egg-info/requires.txt
[1.770s] writing top-level names to ../../build/greetingpy/greetingpy.egg-info/top_level.txt
[1.774s] reading manifest file '../../build/greetingpy/greetingpy.egg-info/SOURCES.txt'
[1.775s] writing manifest file '../../build/greetingpy/greetingpy.egg-info/SOURCES.txt'
[1.776s] running build
[1.776s] running build_py
[1.776s] running install
[1.777s] running install_lib
[1.780s] running install_data
[1.780s] running install_egg_info
[1.783s] removing '/home/david/ros2_ws/install/greetingpy/lib/python3.10/site-packages/greetingpy-0.0.0-py3.10.egg-info' (and everything under it)
[1.784s] Copying ../../build/greetingpy/greetingpy.egg-info to /home/david/ros2_ws/install/greetingpy/lib/python3.10/site-packages/greetingpy-0.0.0-py3.10.egg-info
[1.786s] running install_scripts
[1.827s] Installing greeting_publisher script to /home/david/ros2_ws/install/greetingpy/lib/greetingpy
[1.828s] writing list of installed files to '/home/david/ros2_ws/build/greetingpy/install.log'
[1.895s] Invoked command in '/home/david/ros2_ws/src/greetingpy' returned '0': PYTHONPATH=/home/david/ros2_ws/build/greetingpy/prefix_override:/usr/lib/python3/dist-packages/colcon_core/task/python/colcon_distutils_commands:/home/david/ros2_ws/install/greetingpy/lib/python3.10/site-packages:${PYTHONPATH} /usr/bin/python3 -W ignore:setup.py install is deprecated setup.py egg_info --egg-base ../../build/greetingpy build --build-base /home/david/ros2_ws/build/greetingpy/build install --record /home/david/ros2_ws/build/greetingpy/install.log --single-version-externally-managed install_data
