[1.290s] Invoking command in '/home/david/ros2_ws/src/greetingpy': PYTHONPATH=/home/david/ros2_ws/build/greetingpy/prefix_override:/usr/lib/python3/dist-packages/colcon_core/task/python/colcon_distutils_commands:/home/david/ros2_ws/install/greetingpy/lib/python3.10/site-packages:${PYTHONPATH} /usr/bin/python3 -W ignore:setup.py install is deprecated setup.py egg_info --egg-base ../../build/greetingpy build --build-base /home/david/ros2_ws/build/greetingpy/build install --record /home/david/ros2_ws/build/greetingpy/install.log --single-version-externally-managed install_data
[1.781s] running egg_info
[1.782s] writing ../../build/greetingpy/greetingpy.egg-info/PKG-INFO
[1.782s] writing dependency_links to ../../build/greetingpy/greetingpy.egg-info/dependency_links.txt
[1.783s] writing entry points to ../../build/greetingpy/greetingpy.egg-info/entry_points.txt
[1.783s] writing requirements to ../../build/greetingpy/greetingpy.egg-info/requires.txt
[1.783s] writing top-level names to ../../build/greetingpy/greetingpy.egg-info/top_level.txt
[1.787s] reading manifest file '../../build/greetingpy/greetingpy.egg-info/SOURCES.txt'
[1.789s] writing manifest file '../../build/greetingpy/greetingpy.egg-info/SOURCES.txt'
[1.790s] running build
[1.790s] running build_py
[1.790s] copying greetingpy/ugv_control.py -> /home/david/ros2_ws/build/greetingpy/build/lib/greetingpy
[1.790s] running install
[1.791s] running install_lib
[1.792s] copying /home/david/ros2_ws/build/greetingpy/build/lib/greetingpy/ugv_control.py -> /home/david/ros2_ws/install/greetingpy/lib/python3.10/site-packages/greetingpy
[1.794s] byte-compiling /home/david/ros2_ws/install/greetingpy/lib/python3.10/site-packages/greetingpy/ugv_control.py to ugv_control.cpython-310.pyc
[1.795s] running install_data
[1.795s] running install_egg_info
[1.800s] removing '/home/david/ros2_ws/install/greetingpy/lib/python3.10/site-packages/greetingpy-0.0.0-py3.10.egg-info' (and everything under it)
[1.800s] Copying ../../build/greetingpy/greetingpy.egg-info to /home/david/ros2_ws/install/greetingpy/lib/python3.10/site-packages/greetingpy-0.0.0-py3.10.egg-info
[1.801s] running install_scripts
[1.857s] Installing greeting_subscriber script to /home/david/ros2_ws/install/greetingpy/lib/greetingpy
[1.857s] Installing ugv_control script to /home/david/ros2_ws/install/greetingpy/lib/greetingpy
[1.857s] writing list of installed files to '/home/david/ros2_ws/build/greetingpy/install.log'
[1.914s] Invoked command in '/home/david/ros2_ws/src/greetingpy' returned '0': PYTHONPATH=/home/david/ros2_ws/build/greetingpy/prefix_override:/usr/lib/python3/dist-packages/colcon_core/task/python/colcon_distutils_commands:/home/david/ros2_ws/install/greetingpy/lib/python3.10/site-packages:${PYTHONPATH} /usr/bin/python3 -W ignore:setup.py install is deprecated setup.py egg_info --egg-base ../../build/greetingpy build --build-base /home/david/ros2_ws/build/greetingpy/build install --record /home/david/ros2_ws/build/greetingpy/install.log --single-version-externally-managed install_data
