[0.032s] Invoking command in '/home/david/ros2_ws/build/ugv': CMAKE_PREFIX_PATH=${CMAKE_PREFIX_PATH}:/opt/ros/humble /usr/bin/cmake --build /home/david/ros2_ws/build/ugv -- -j2 -l2
[0.072s] -- Found ament_cmake: 1.3.10 (/opt/ros/humble/share/ament_cmake/cmake)
[0.242s] -- Found rclpy: 3.3.14 (/opt/ros/humble/share/rclpy/cmake)
[0.243s] -- Found ament_lint_auto: 0.12.11 (/opt/ros/humble/share/ament_lint_auto/cmake)
[0.317s] -- Found xacro: 2.0.8 (/opt/ros/humble/share/xacro/cmake)
[0.318s] -- Found rviz2: 11.2.13 (/opt/ros/humble/share/rviz2/cmake)
[0.318s] -- Found robot_state_publisher: 3.0.3 (/opt/ros/humble/share/robot_state_publisher/cmake)
[0.349s] -- Found rosidl_generator_c: 3.1.5 (/opt/ros/humble/share/rosidl_generator_c/cmake)
[0.363s] -- Found rosidl_adapter: 3.1.5 (/opt/ros/humble/share/rosidl_adapter/cmake)
[0.363s] -- Found rosidl_generator_cpp: 3.1.5 (/opt/ros/humble/share/rosidl_generator_cpp/cmake)
[0.373s] -- Using all available rosidl_typesupport_c: rosidl_typesupport_fastrtps_c;rosidl_typesupport_introspection_c
[0.393s] -- Using all available rosidl_typesupport_cpp: rosidl_typesupport_fastrtps_cpp;rosidl_typesupport_introspection_cpp
[0.453s] -- Found eigen3_cmake_module: 0.1.1 (/opt/ros/humble/share/eigen3_cmake_module/cmake)
[0.454s] -- Ensuring Eigen3 include directory is part of orocos-kdl CMake target
[0.486s] -- Found rmw_implementation_cmake: 6.1.2 (/opt/ros/humble/share/rmw_implementation_cmake/cmake)
[0.489s] -- Found rmw_fastrtps_cpp: 6.2.7 (/opt/ros/humble/share/rmw_fastrtps_cpp/cmake)
[0.606s] -- Using RMW implementation 'rmw_fastrtps_cpp' as default
[0.844s] -- Added test 'flake8' to check Python code syntax and style conventions
[0.845s] -- Added test 'lint_cmake' to check CMake code style
[0.847s] -- Added test 'pep257' to check Python code against some of the docstring style conventions in PEP 257
[0.848s] -- Added test 'xmllint' to check XML markup files
[0.851s] -- Configuring done
[0.878s] -- Generating done
[0.879s] -- Build files have been written to: /home/david/ros2_ws/build/ugv
[0.930s] Invoked command in '/home/david/ros2_ws/build/ugv' returned '0': CMAKE_PREFIX_PATH=${CMAKE_PREFIX_PATH}:/opt/ros/humble /usr/bin/cmake --build /home/david/ros2_ws/build/ugv -- -j2 -l2
[1.048s] Invoking command in '/home/david/ros2_ws/build/ugv': CMAKE_PREFIX_PATH=${CMAKE_PREFIX_PATH}:/opt/ros/humble /usr/bin/cmake --install /home/david/ros2_ws/build/ugv
[1.066s] -- Install configuration: ""
[1.066s] -- Up-to-date: /home/david/ros2_ws/install/ugv/share/ugv//launch
[1.066s] -- Installing: /home/david/ros2_ws/install/ugv/share/ugv//launch/display_ugv.launch.py
[1.066s] -- Up-to-date: /home/david/ros2_ws/install/ugv/share/ugv//urdf
[1.066s] -- Installing: /home/david/ros2_ws/install/ugv/share/ugv//urdf/ugv1.xacro
[1.066s] -- Up-to-date: /home/david/ros2_ws/install/ugv/share/ugv//urdf/ugv.xacro
[1.066s] -- Up-to-date: /home/david/ros2_ws/install/ugv/share/ugv//mesh
[1.066s] -- Up-to-date: /home/david/ros2_ws/install/ugv/share/ugv//mesh/tyre.obj
[1.066s] -- Up-to-date: /home/david/ros2_ws/install/ugv/share/ugv//mesh/lidar.obj
[1.066s] -- Up-to-date: /home/david/ros2_ws/install/ugv/share/ugv//mesh/mainBody.obj
[1.067s] -- Up-to-date: /home/david/ros2_ws/install/ugv/share/ugv//rviz
[1.067s] -- Up-to-date: /home/david/ros2_ws/install/ugv/share/ugv//rviz/ugv_config.rviz
[1.067s] -- Installing: /home/david/ros2_ws/install/ugv/share/ament_index/resource_index/package_run_dependencies/ugv
[1.067s] -- Up-to-date: /home/david/ros2_ws/install/ugv/share/ament_index/resource_index/parent_prefix_path/ugv
[1.067s] -- Up-to-date: /home/david/ros2_ws/install/ugv/share/ugv/environment/ament_prefix_path.sh
[1.067s] -- Installing: /home/david/ros2_ws/install/ugv/share/ugv/environment/ament_prefix_path.dsv
[1.067s] -- Up-to-date: /home/david/ros2_ws/install/ugv/share/ugv/environment/path.sh
[1.067s] -- Installing: /home/david/ros2_ws/install/ugv/share/ugv/environment/path.dsv
[1.067s] -- Up-to-date: /home/david/ros2_ws/install/ugv/share/ugv/local_setup.bash
[1.067s] -- Up-to-date: /home/david/ros2_ws/install/ugv/share/ugv/local_setup.sh
[1.067s] -- Up-to-date: /home/david/ros2_ws/install/ugv/share/ugv/local_setup.zsh
[1.068s] -- Installing: /home/david/ros2_ws/install/ugv/share/ugv/local_setup.dsv
[1.068s] -- Installing: /home/david/ros2_ws/install/ugv/share/ugv/package.dsv
[1.068s] -- Up-to-date: /home/david/ros2_ws/install/ugv/share/ament_index/resource_index/packages/ugv
[1.068s] -- Up-to-date: /home/david/ros2_ws/install/ugv/share/ugv/cmake/ugvConfig.cmake
[1.068s] -- Up-to-date: /home/david/ros2_ws/install/ugv/share/ugv/cmake/ugvConfig-version.cmake
[1.068s] -- Installing: /home/david/ros2_ws/install/ugv/share/ugv/package.xml
[1.073s] Invoked command in '/home/david/ros2_ws/build/ugv' returned '0': CMAKE_PREFIX_PATH=${CMAKE_PREFIX_PATH}:/opt/ros/humble /usr/bin/cmake --install /home/david/ros2_ws/build/ugv
