[0.056s] Invoking command in '/home/david/ros2_ws/build/ugv': CMAKE_PREFIX_PATH=${CMAKE_PREFIX_PATH}:/opt/ros/humble /usr/bin/cmake --build /home/david/ros2_ws/build/ugv -- -j2 -l2
[0.130s] -- Found ament_cmake: 1.3.10 (/opt/ros/humble/share/ament_cmake/cmake)
[0.372s] -- Found rclpy: 3.3.14 (/opt/ros/humble/share/rclpy/cmake)
[0.374s] -- Found ament_lint_auto: 0.12.11 (/opt/ros/humble/share/ament_lint_auto/cmake)
[0.463s] -- Found gazebo_ros: 3.7.0 (/opt/ros/humble/share/gazebo_ros/cmake)
[0.513s] -- Found rosidl_generator_c: 3.1.5 (/opt/ros/humble/share/rosidl_generator_c/cmake)
[0.560s] -- Found rosidl_adapter: 3.1.5 (/opt/ros/humble/share/rosidl_adapter/cmake)
[0.560s] -- Found rosidl_generator_cpp: 3.1.5 (/opt/ros/humble/share/rosidl_generator_cpp/cmake)
[0.560s] -- Using all available rosidl_typesupport_c: rosidl_typesupport_fastrtps_c;rosidl_typesupport_introspection_c
[0.560s] -- Using all available rosidl_typesupport_cpp: rosidl_typesupport_fastrtps_cpp;rosidl_typesupport_introspection_cpp
[0.596s] -- Found rmw_implementation_cmake: 6.1.2 (/opt/ros/humble/share/rmw_implementation_cmake/cmake)
[0.605s] -- Found rmw_fastrtps_cpp: 6.2.7 (/opt/ros/humble/share/rmw_fastrtps_cpp/cmake)
[0.754s] -- Using RMW implementation 'rmw_fastrtps_cpp' as default
[0.896s] -- Found DART: /usr/include (Required is at least version "6.6") found components: dart 
[0.937s] -- Found Protobuf: /usr/lib/x86_64-linux-gnu/libprotobuf.so (found version "3.12.4") 
[0.940s] -- Looking for ignition-math6 -- found version 6.15.1
[0.945s] -- Searching for dependencies of ignition-math6
[0.947s] -- Looking for OGRE...
[0.958s] -- Found Ogre Ghadamon (1.9.0)
[0.959s] -- Found OGRE: optimized;/usr/lib/x86_64-linux-gnu/libOgreMain.so;debug;/usr/lib/x86_64-linux-gnu/libOgreMain.so
[0.971s] -- Looking for OGRE_Paging...
[0.975s] -- Found OGRE_Paging: optimized;/usr/lib/x86_64-linux-gnu/libOgrePaging.so;debug;/usr/lib/x86_64-linux-gnu/libOgrePaging.so
[0.975s] -- Looking for OGRE_Terrain...
[0.975s] -- Found OGRE_Terrain: optimized;/usr/lib/x86_64-linux-gnu/libOgreTerrain.so;debug;/usr/lib/x86_64-linux-gnu/libOgreTerrain.so
[0.975s] -- Looking for OGRE_Property...
[0.975s] -- Found OGRE_Property: optimized;/usr/lib/x86_64-linux-gnu/libOgreProperty.so;debug;/usr/lib/x86_64-linux-gnu/libOgreProperty.so
[0.975s] -- Looking for OGRE_RTShaderSystem...
[0.975s] -- Found OGRE_RTShaderSystem: optimized;/usr/lib/x86_64-linux-gnu/libOgreRTShaderSystem.so;debug;/usr/lib/x86_64-linux-gnu/libOgreRTShaderSystem.so
[0.975s] -- Looking for OGRE_Volume...
[0.975s] -- Found OGRE_Volume: optimized;/usr/lib/x86_64-linux-gnu/libOgreVolume.so;debug;/usr/lib/x86_64-linux-gnu/libOgreVolume.so
[0.975s] -- Looking for OGRE_Overlay...
[0.975s] -- Found OGRE_Overlay: optimized;/usr/lib/x86_64-linux-gnu/libOgreOverlay.so;debug;/usr/lib/x86_64-linux-gnu/libOgreOverlay.so
[1.081s] -- Looking for ignition-math6 -- found version 6.15.1
[1.083s] -- Looking for ignition-transport8 -- found version 8.2.1
[1.084s] -- Searching for dependencies of ignition-transport8
[1.135s] -- Found Protobuf: /usr/lib/x86_64-linux-gnu/libprotobuf.so (found suitable version "3.12.4", minimum required is "3") 
[1.135s] -- Config-file not installed for ZeroMQ -- checking for pkg-config
[1.148s] -- Checking for module 'libzmq >= 4'
[1.183s] --   Found libzmq , version 4.3.4
[1.286s] -- Checking for module 'uuid'
[1.349s] --   Found uuid, version 2.37.2
[1.459s] -- Looking for ignition-msgs5 -- found version 5.8.1
[1.459s] -- Searching for dependencies of ignition-msgs5
[1.485s] -- Looking for ignition-math6 -- found version 6.15.1
[1.495s] -- Checking for module 'tinyxml2'
[1.553s] --   Found tinyxml2, version 9.0.0
[1.642s] -- Looking for ignition-msgs5 -- found version 5.8.1
[1.642s] -- Looking for ignition-common3 -- found version 3.14.0
[1.643s] -- Searching for dependencies of ignition-common3
[1.643s] -- Looking for dlfcn.h - found
[1.643s] -- Looking for libdl - found
[1.661s] -- Searching for <ignition-common3> component [graphics]
[1.661s] -- Looking for ignition-common3-graphics -- found version 3.14.0
[1.661s] -- Searching for dependencies of ignition-common3-graphics
[1.661s] -- Looking for ignition-math6 -- found version 6.15.1
[1.661s] -- Looking for ignition-fuel_tools4 -- found version 4.4.0
[1.662s] -- Searching for dependencies of ignition-fuel_tools4
[1.748s] -- Checking for module 'jsoncpp'
[1.773s] --   Found jsoncpp, version 1.9.5
[1.889s] -- Checking for module 'libzip'
[1.922s] --   Found libzip, version 1.7.3
[2.039s] -- Looking for ignition-common3 -- found version 3.14.0
[2.039s] -- Looking for ignition-math6 -- found version 6.15.1
[2.039s] -- Looking for ignition-msgs5 -- found version 5.8.1
[2.046s] -- Gazebo version: 11.10
[2.046s] -- Found xacro: 2.0.8 (/opt/ros/humble/share/xacro/cmake)
[2.046s] -- Found urdf: 2.6.1 (/opt/ros/humble/share/urdf/cmake)
[2.082s] [33mCMake Warning at CMakeLists.txt:29 (find_package):
[2.082s]   By not providing "Findjoint_state_publisher.cmake" in CMAKE_MODULE_PATH
[2.082s]   this project has asked CMake to find a package configuration file provided
[2.082s]   by "joint_state_publisher", but CMake did not find one.
[2.082s] 
[2.082s]   Could not find a package configuration file provided by
[2.082s]   "joint_state_publisher" with any of the following names:
[2.082s] 
[2.082s]     joint_state_publisherConfig.cmake
[2.083s]     joint_state_publisher-config.cmake
[2.085s] 
[2.085s]   Add the installation prefix of "joint_state_publisher" to CMAKE_PREFIX_PATH
[2.085s]   or set "joint_state_publisher_DIR" to a directory containing one of the
[2.085s]   above files.  If "joint_state_publisher" provides a separate development
[2.085s]   package or SDK, be sure it has been installed.
[2.086s] 
[2.086s] [0m
[2.090s] [33mCMake Warning at CMakeLists.txt:30 (find_package):
[2.090s]   By not providing "Findjoint_state_publisher_gui.cmake" in CMAKE_MODULE_PATH
[2.090s]   this project has asked CMake to find a package configuration file provided
[2.090s]   by "joint_state_publisher_gui", but CMake did not find one.
[2.090s] 
[2.090s]   Could not find a package configuration file provided by
[2.090s]   "joint_state_publisher_gui" with any of the following names:
[2.090s] 
[2.091s]     joint_state_publisher_guiConfig.cmake
[2.091s]     joint_state_publisher_gui-config.cmake
[2.091s] 
[2.091s]   Add the installation prefix of "joint_state_publisher_gui" to
[2.091s]   CMAKE_PREFIX_PATH or set "joint_state_publisher_gui_DIR" to a directory
[2.091s]   containing one of the above files.  If "joint_state_publisher_gui" provides
[2.096s]   a separate development package or SDK, be sure it has been installed.
[2.096s] 
[2.096s] [0m
[2.103s] -- Added test 'flake8' to check Python code syntax and style conventions
[2.103s] -- Added test 'lint_cmake' to check CMake code style
[2.103s] -- Added test 'pep257' to check Python code against some of the docstring style conventions in PEP 257
[2.103s] -- Added test 'xmllint' to check XML markup files
[2.103s] -- Configuring done
[2.113s] -- Generating done
[2.117s] -- Build files have been written to: /home/david/ros2_ws/build/ugv
[2.171s] Invoked command in '/home/david/ros2_ws/build/ugv' returned '0': CMAKE_PREFIX_PATH=${CMAKE_PREFIX_PATH}:/opt/ros/humble /usr/bin/cmake --build /home/david/ros2_ws/build/ugv -- -j2 -l2
[2.275s] Invoking command in '/home/david/ros2_ws/build/ugv': CMAKE_PREFIX_PATH=${CMAKE_PREFIX_PATH}:/opt/ros/humble /usr/bin/cmake --install /home/david/ros2_ws/build/ugv
[2.291s] -- Install configuration: ""
[2.292s] -- Up-to-date: /home/david/ros2_ws/install/ugv/share/ugv//launch
[2.292s] -- Up-to-date: /home/david/ros2_ws/install/ugv/share/ugv//launch/display_ugv.launch.py
[2.293s] -- Up-to-date: /home/david/ros2_ws/install/ugv/share/ugv//launch/spawn_ugv.launch.py
[2.293s] -- Up-to-date: /home/david/ros2_ws/install/ugv/share/ugv//urdf
[2.294s] -- Up-to-date: /home/david/ros2_ws/install/ugv/share/ugv//urdf/ugvGazebo.xacro
[2.294s] -- Up-to-date: /home/david/ros2_ws/install/ugv/share/ugv//urdf/ugv.urdf
[2.294s] -- Up-to-date: /home/david/ros2_ws/install/ugv/share/ugv//urdf/ugv1.xacro
[2.294s] -- Up-to-date: /home/david/ros2_ws/install/ugv/share/ugv//urdf/ugv.xacro
[2.294s] -- Up-to-date: /home/david/ros2_ws/install/ugv/share/ugv//mesh
[2.294s] -- Up-to-date: /home/david/ros2_ws/install/ugv/share/ugv//mesh/tyre.mtl
[2.294s] -- Up-to-date: /home/david/ros2_ws/install/ugv/share/ugv//mesh/tyre.obj
[2.294s] -- Up-to-date: /home/david/ros2_ws/install/ugv/share/ugv//mesh/lidar.obj
[2.294s] -- Up-to-date: /home/david/ros2_ws/install/ugv/share/ugv//mesh/shaft.obj
[2.294s] -- Up-to-date: /home/david/ros2_ws/install/ugv/share/ugv//mesh/lidar.mtl
[2.294s] -- Up-to-date: /home/david/ros2_ws/install/ugv/share/ugv//mesh/mainBody.obj
[2.294s] -- Up-to-date: /home/david/ros2_ws/install/ugv/share/ugv//mesh/shaft.mtl
[2.294s] -- Up-to-date: /home/david/ros2_ws/install/ugv/share/ugv//mesh/mainBody.mtl
[2.295s] -- Up-to-date: /home/david/ros2_ws/install/ugv/share/ugv//rviz
[2.295s] -- Up-to-date: /home/david/ros2_ws/install/ugv/share/ugv//rviz/ugv_config.rviz
[2.295s] -- Up-to-date: /home/david/ros2_ws/install/ugv/share/ament_index/resource_index/package_run_dependencies/ugv
[2.295s] -- Up-to-date: /home/david/ros2_ws/install/ugv/share/ament_index/resource_index/parent_prefix_path/ugv
[2.295s] -- Up-to-date: /home/david/ros2_ws/install/ugv/share/ugv/environment/ament_prefix_path.sh
[2.295s] -- Installing: /home/david/ros2_ws/install/ugv/share/ugv/environment/ament_prefix_path.dsv
[2.295s] -- Up-to-date: /home/david/ros2_ws/install/ugv/share/ugv/environment/path.sh
[2.295s] -- Installing: /home/david/ros2_ws/install/ugv/share/ugv/environment/path.dsv
[2.295s] -- Up-to-date: /home/david/ros2_ws/install/ugv/share/ugv/local_setup.bash
[2.295s] -- Up-to-date: /home/david/ros2_ws/install/ugv/share/ugv/local_setup.sh
[2.295s] -- Up-to-date: /home/david/ros2_ws/install/ugv/share/ugv/local_setup.zsh
[2.295s] -- Installing: /home/david/ros2_ws/install/ugv/share/ugv/local_setup.dsv
[2.295s] -- Installing: /home/david/ros2_ws/install/ugv/share/ugv/package.dsv
[2.295s] -- Up-to-date: /home/david/ros2_ws/install/ugv/share/ament_index/resource_index/packages/ugv
[2.295s] -- Up-to-date: /home/david/ros2_ws/install/ugv/share/ugv/cmake/ugvConfig.cmake
[2.295s] -- Up-to-date: /home/david/ros2_ws/install/ugv/share/ugv/cmake/ugvConfig-version.cmake
[2.295s] -- Up-to-date: /home/david/ros2_ws/install/ugv/share/ugv/package.xml
[2.303s] Invoked command in '/home/david/ros2_ws/build/ugv' returned '0': CMAKE_PREFIX_PATH=${CMAKE_PREFIX_PATH}:/opt/ros/humble /usr/bin/cmake --install /home/david/ros2_ws/build/ugv
