[0.240s] DEBUG:colcon:Command line arguments: ['/usr/bin/colcon', 'build']
[0.241s] DEBUG:colcon:Parsed command line arguments: Namespace(log_base=None, log_level=None, verb_name='build', build_base='build', install_base='install', merge_install=False, symlink_install=False, test_result_base=None, continue_on_error=False, executor='parallel', parallel_workers=6, event_handlers=None, ignore_user_meta=False, metas=['./colcon.meta'], base_paths=['.'], packages_ignore=None, packages_ignore_regex=None, paths=None, packages_up_to=None, packages_up_to_regex=None, packages_above=None, packages_above_and_dependencies=None, packages_above_depth=None, packages_select_by_dep=None, packages_skip_by_dep=None, packages_skip_up_to=None, packages_select_build_failed=False, packages_skip_build_finished=False, packages_select_test_failures=False, packages_skip_test_passed=False, packages_select=None, packages_skip=None, packages_select_regex=None, packages_skip_regex=None, packages_start=None, packages_end=None, allow_overriding=[], cmake_args=None, cmake_target=None, cmake_target_skip_unavailable=False, cmake_clean_cache=False, cmake_clean_first=False, cmake_force_configure=False, ament_cmake_args=None, catkin_cmake_args=None, catkin_skip_building_tests=False, mixin_files=None, mixin=None, verb_parser=<colcon_mixin.mixin.mixin_argument.MixinArgumentDecorator object at 0xffffa37de6b0>, verb_extension=<colcon_core.verb.build.BuildVerb object at 0xffffa37dda50>, main=<bound method BuildVerb.main of <colcon_core.verb.build.BuildVerb object at 0xffffa37dda50>>, mixin_verb=('build',))
[0.597s] Level 1:colcon.colcon_core.package_discovery:discover_packages(colcon_meta) check parameters
[0.597s] Level 1:colcon.colcon_core.package_discovery:discover_packages(recursive) check parameters
[0.597s] Level 1:colcon.colcon_core.package_discovery:discover_packages(ignore) check parameters
[0.597s] Level 1:colcon.colcon_core.package_discovery:discover_packages(path) check parameters
[0.597s] Level 1:colcon.colcon_core.package_discovery:discover_packages(colcon_meta) discover
[0.598s] Level 1:colcon.colcon_core.package_discovery:discover_packages(recursive) discover
[0.598s] INFO:colcon.colcon_core.package_discovery:Crawling recursively for packages in '/home/david/ros2_ws'
[0.598s] Level 1:colcon.colcon_core.package_identification:_identify(.) by extensions ['ignore', 'ignore_ament_install']
[0.598s] Level 1:colcon.colcon_core.package_identification:_identify(.) by extension 'ignore'
[0.598s] Level 1:colcon.colcon_core.package_identification:_identify(.) by extension 'ignore_ament_install'
[0.599s] Level 1:colcon.colcon_core.package_identification:_identify(.) by extensions ['colcon_pkg']
[0.599s] Level 1:colcon.colcon_core.package_identification:_identify(.) by extension 'colcon_pkg'
[0.599s] Level 1:colcon.colcon_core.package_identification:_identify(.) by extensions ['colcon_meta']
[0.599s] Level 1:colcon.colcon_core.package_identification:_identify(.) by extension 'colcon_meta'
[0.599s] Level 1:colcon.colcon_core.package_identification:_identify(.) by extensions ['ros']
[0.599s] Level 1:colcon.colcon_core.package_identification:_identify(.) by extension 'ros'
[0.622s] Level 1:colcon.colcon_core.package_identification:_identify(.) by extensions ['cmake', 'python']
[0.622s] Level 1:colcon.colcon_core.package_identification:_identify(.) by extension 'cmake'
[0.622s] Level 1:colcon.colcon_core.package_identification:_identify(.) by extension 'python'
[0.623s] Level 1:colcon.colcon_core.package_identification:_identify(.) by extensions ['python_setup_py']
[0.623s] Level 1:colcon.colcon_core.package_identification:_identify(.) by extension 'python_setup_py'
[0.623s] Level 1:colcon.colcon_core.package_identification:_identify(build) by extensions ['ignore', 'ignore_ament_install']
[0.623s] Level 1:colcon.colcon_core.package_identification:_identify(build) by extension 'ignore'
[0.623s] Level 1:colcon.colcon_core.package_identification:_identify(build) ignored
[0.624s] Level 1:colcon.colcon_core.package_identification:_identify(install) by extensions ['ignore', 'ignore_ament_install']
[0.624s] Level 1:colcon.colcon_core.package_identification:_identify(install) by extension 'ignore'
[0.624s] Level 1:colcon.colcon_core.package_identification:_identify(install) ignored
[0.624s] Level 1:colcon.colcon_core.package_identification:_identify(log) by extensions ['ignore', 'ignore_ament_install']
[0.624s] Level 1:colcon.colcon_core.package_identification:_identify(log) by extension 'ignore'
[0.625s] Level 1:colcon.colcon_core.package_identification:_identify(log) ignored
[0.625s] Level 1:colcon.colcon_core.package_identification:_identify(src) by extensions ['ignore', 'ignore_ament_install']
[0.625s] Level 1:colcon.colcon_core.package_identification:_identify(src) by extension 'ignore'
[0.625s] Level 1:colcon.colcon_core.package_identification:_identify(src) by extension 'ignore_ament_install'
[0.625s] Level 1:colcon.colcon_core.package_identification:_identify(src) by extensions ['colcon_pkg']
[0.625s] Level 1:colcon.colcon_core.package_identification:_identify(src) by extension 'colcon_pkg'
[0.625s] Level 1:colcon.colcon_core.package_identification:_identify(src) by extensions ['colcon_meta']
[0.625s] Level 1:colcon.colcon_core.package_identification:_identify(src) by extension 'colcon_meta'
[0.626s] Level 1:colcon.colcon_core.package_identification:_identify(src) by extensions ['ros']
[0.626s] Level 1:colcon.colcon_core.package_identification:_identify(src) by extension 'ros'
[0.626s] Level 1:colcon.colcon_core.package_identification:_identify(src) by extensions ['cmake', 'python']
[0.626s] Level 1:colcon.colcon_core.package_identification:_identify(src) by extension 'cmake'
[0.626s] Level 1:colcon.colcon_core.package_identification:_identify(src) by extension 'python'
[0.626s] Level 1:colcon.colcon_core.package_identification:_identify(src) by extensions ['python_setup_py']
[0.626s] Level 1:colcon.colcon_core.package_identification:_identify(src) by extension 'python_setup_py'
[0.626s] Level 1:colcon.colcon_core.package_identification:_identify(src/greetingpy) by extensions ['ignore', 'ignore_ament_install']
[0.627s] Level 1:colcon.colcon_core.package_identification:_identify(src/greetingpy) by extension 'ignore'
[0.627s] Level 1:colcon.colcon_core.package_identification:_identify(src/greetingpy) by extension 'ignore_ament_install'
[0.627s] Level 1:colcon.colcon_core.package_identification:_identify(src/greetingpy) by extensions ['colcon_pkg']
[0.627s] Level 1:colcon.colcon_core.package_identification:_identify(src/greetingpy) by extension 'colcon_pkg'
[0.627s] Level 1:colcon.colcon_core.package_identification:_identify(src/greetingpy) by extensions ['colcon_meta']
[0.627s] Level 1:colcon.colcon_core.package_identification:_identify(src/greetingpy) by extension 'colcon_meta'
[0.627s] Level 1:colcon.colcon_core.package_identification:_identify(src/greetingpy) by extensions ['ros']
[0.627s] Level 1:colcon.colcon_core.package_identification:_identify(src/greetingpy) by extension 'ros'
[0.632s] DEBUG:colcon.colcon_core.package_identification:Package 'src/greetingpy' with type 'ros.ament_python' and name 'greetingpy'
[0.632s] Level 1:colcon.colcon_core.package_identification:_identify(src/ugv) by extensions ['ignore', 'ignore_ament_install']
[0.632s] Level 1:colcon.colcon_core.package_identification:_identify(src/ugv) by extension 'ignore'
[0.633s] Level 1:colcon.colcon_core.package_identification:_identify(src/ugv) by extension 'ignore_ament_install'
[0.633s] Level 1:colcon.colcon_core.package_identification:_identify(src/ugv) by extensions ['colcon_pkg']
[0.633s] Level 1:colcon.colcon_core.package_identification:_identify(src/ugv) by extension 'colcon_pkg'
[0.633s] Level 1:colcon.colcon_core.package_identification:_identify(src/ugv) by extensions ['colcon_meta']
[0.633s] Level 1:colcon.colcon_core.package_identification:_identify(src/ugv) by extension 'colcon_meta'
[0.633s] Level 1:colcon.colcon_core.package_identification:_identify(src/ugv) by extensions ['ros']
[0.633s] Level 1:colcon.colcon_core.package_identification:_identify(src/ugv) by extension 'ros'
[0.635s] DEBUG:colcon.colcon_core.package_identification:Package 'src/ugv' with type 'ros.ament_cmake' and name 'ugv'
[0.635s] Level 1:colcon.colcon_core.package_discovery:discover_packages(recursive) using defaults
[0.636s] Level 1:colcon.colcon_core.package_discovery:discover_packages(ignore) discover
[0.636s] Level 1:colcon.colcon_core.package_discovery:discover_packages(ignore) using defaults
[0.636s] Level 1:colcon.colcon_core.package_discovery:discover_packages(path) discover
[0.636s] Level 1:colcon.colcon_core.package_discovery:discover_packages(path) using defaults
[0.704s] Level 1:colcon.colcon_core.package_discovery:discover_packages(prefix_path) check parameters
[0.705s] Level 1:colcon.colcon_core.package_discovery:discover_packages(prefix_path) discover
[0.707s] WARNING:colcon.colcon_ros.prefix_path.ament:The path '/home/david/ros2_ws/install/greetingpy' in the environment variable AMENT_PREFIX_PATH doesn't exist
[0.709s] DEBUG:colcon.colcon_installed_package_information.package_discovery:Found 1 installed packages in /home/david/ros2_ws/install
[0.710s] DEBUG:colcon.colcon_installed_package_information.package_discovery:Found 2 installed packages in /home/david/install
[0.713s] DEBUG:colcon.colcon_installed_package_information.package_discovery:Found 312 installed packages in /opt/ros/humble
[0.715s] Level 1:colcon.colcon_core.package_discovery:discover_packages(prefix_path) using defaults
[0.805s] Level 5:colcon.colcon_core.verb:set package 'greetingpy' build argument 'cmake_args' from command line to 'None'
[0.806s] Level 5:colcon.colcon_core.verb:set package 'greetingpy' build argument 'cmake_target' from command line to 'None'
[0.806s] Level 5:colcon.colcon_core.verb:set package 'greetingpy' build argument 'cmake_target_skip_unavailable' from command line to 'False'
[0.806s] Level 5:colcon.colcon_core.verb:set package 'greetingpy' build argument 'cmake_clean_cache' from command line to 'False'
[0.806s] Level 5:colcon.colcon_core.verb:set package 'greetingpy' build argument 'cmake_clean_first' from command line to 'False'
[0.806s] Level 5:colcon.colcon_core.verb:set package 'greetingpy' build argument 'cmake_force_configure' from command line to 'False'
[0.806s] Level 5:colcon.colcon_core.verb:set package 'greetingpy' build argument 'ament_cmake_args' from command line to 'None'
[0.806s] Level 5:colcon.colcon_core.verb:set package 'greetingpy' build argument 'catkin_cmake_args' from command line to 'None'
[0.806s] Level 5:colcon.colcon_core.verb:set package 'greetingpy' build argument 'catkin_skip_building_tests' from command line to 'False'
[0.806s] DEBUG:colcon.colcon_core.verb:Building package 'greetingpy' with the following arguments: {'ament_cmake_args': None, 'build_base': '/home/david/ros2_ws/build/greetingpy', 'catkin_cmake_args': None, 'catkin_skip_building_tests': False, 'cmake_args': None, 'cmake_clean_cache': False, 'cmake_clean_first': False, 'cmake_force_configure': False, 'cmake_target': None, 'cmake_target_skip_unavailable': False, 'install_base': '/home/david/ros2_ws/install/greetingpy', 'merge_install': False, 'path': '/home/david/ros2_ws/src/greetingpy', 'symlink_install': False, 'test_result_base': None}
[0.807s] Level 5:colcon.colcon_core.verb:set package 'ugv' build argument 'cmake_args' from command line to 'None'
[0.807s] Level 5:colcon.colcon_core.verb:set package 'ugv' build argument 'cmake_target' from command line to 'None'
[0.807s] Level 5:colcon.colcon_core.verb:set package 'ugv' build argument 'cmake_target_skip_unavailable' from command line to 'False'
[0.807s] Level 5:colcon.colcon_core.verb:set package 'ugv' build argument 'cmake_clean_cache' from command line to 'False'
[0.807s] Level 5:colcon.colcon_core.verb:set package 'ugv' build argument 'cmake_clean_first' from command line to 'False'
[0.807s] Level 5:colcon.colcon_core.verb:set package 'ugv' build argument 'cmake_force_configure' from command line to 'False'
[0.807s] Level 5:colcon.colcon_core.verb:set package 'ugv' build argument 'ament_cmake_args' from command line to 'None'
[0.807s] Level 5:colcon.colcon_core.verb:set package 'ugv' build argument 'catkin_cmake_args' from command line to 'None'
[0.807s] Level 5:colcon.colcon_core.verb:set package 'ugv' build argument 'catkin_skip_building_tests' from command line to 'False'
[0.807s] DEBUG:colcon.colcon_core.verb:Building package 'ugv' with the following arguments: {'ament_cmake_args': None, 'build_base': '/home/david/ros2_ws/build/ugv', 'catkin_cmake_args': None, 'catkin_skip_building_tests': False, 'cmake_args': None, 'cmake_clean_cache': False, 'cmake_clean_first': False, 'cmake_force_configure': False, 'cmake_target': None, 'cmake_target_skip_unavailable': False, 'install_base': '/home/david/ros2_ws/install/ugv', 'merge_install': False, 'path': '/home/david/ros2_ws/src/ugv', 'symlink_install': False, 'test_result_base': None}
[0.808s] INFO:colcon.colcon_core.executor:Executing jobs using 'parallel' executor
[0.810s] DEBUG:colcon.colcon_parallel_executor.executor.parallel:run_until_complete
[0.811s] INFO:colcon.colcon_ros.task.ament_python.build:Building ROS package in '/home/david/ros2_ws/src/greetingpy' with build type 'ament_python'
[0.811s] Level 1:colcon.colcon_core.shell:create_environment_hook('greetingpy', 'ament_prefix_path')
[0.815s] INFO:colcon.colcon_core.plugin_system:Skipping extension 'colcon_core.shell.bat': Not used on non-Windows systems
[0.815s] INFO:colcon.colcon_core.shell:Creating environment hook '/home/david/ros2_ws/install/greetingpy/share/greetingpy/hook/ament_prefix_path.ps1'
[0.817s] INFO:colcon.colcon_core.shell:Creating environment descriptor '/home/david/ros2_ws/install/greetingpy/share/greetingpy/hook/ament_prefix_path.dsv'
[0.818s] INFO:colcon.colcon_core.shell:Creating environment hook '/home/david/ros2_ws/install/greetingpy/share/greetingpy/hook/ament_prefix_path.sh'
[0.820s] INFO:colcon.colcon_core.shell:Skip shell extension 'powershell' for command environment: Not usable outside of PowerShell
[0.821s] DEBUG:colcon.colcon_core.shell:Skip shell extension 'dsv' for command environment
[0.831s] INFO:colcon.colcon_ros.task.ament_cmake.build:Building ROS package in '/home/david/ros2_ws/src/ugv' with build type 'ament_cmake'
[0.831s] INFO:colcon.colcon_cmake.task.cmake.build:Building CMake package in '/home/david/ros2_ws/src/ugv'
[0.832s] INFO:colcon.colcon_core.shell:Skip shell extension 'powershell' for command environment: Not usable outside of PowerShell
[0.832s] DEBUG:colcon.colcon_core.shell:Skip shell extension 'dsv' for command environment
[1.393s] INFO:colcon.colcon_core.task.python.build:Building Python package in '/home/david/ros2_ws/src/greetingpy'
[1.393s] INFO:colcon.colcon_core.shell:Skip shell extension 'powershell' for command environment: Not usable outside of PowerShell
[1.394s] DEBUG:colcon.colcon_core.shell:Skip shell extension 'dsv' for command environment
[1.424s] DEBUG:colcon.colcon_core.event_handler.log_command:Invoking command in '/home/david/ros2_ws/build/ugv': CMAKE_PREFIX_PATH=${CMAKE_PREFIX_PATH}:/home/david/ros2_ws/install/greetingpy:/home/david/install/greetingpy:/opt/ros/humble /usr/bin/cmake --build /home/david/ros2_ws/build/ugv -- -j6 -l6
[1.543s] DEBUG:colcon.colcon_core.event_handler.log_command:Invoked command in '/home/david/ros2_ws/build/ugv' returned '0': CMAKE_PREFIX_PATH=${CMAKE_PREFIX_PATH}:/home/david/ros2_ws/install/greetingpy:/home/david/install/greetingpy:/opt/ros/humble /usr/bin/cmake --build /home/david/ros2_ws/build/ugv -- -j6 -l6
[1.605s] DEBUG:colcon.colcon_core.event_handler.log_command:Invoking command in '/home/david/ros2_ws/build/ugv': CMAKE_PREFIX_PATH=${CMAKE_PREFIX_PATH}:/home/david/ros2_ws/install/greetingpy:/home/david/install/greetingpy:/opt/ros/humble /usr/bin/cmake --install /home/david/ros2_ws/build/ugv
[1.623s] Level 1:colcon.colcon_core.environment:create_environment_scripts_only(ugv)
[1.633s] Level 1:colcon.colcon_core.environment:checking '/home/david/ros2_ws/install/ugv' for CMake module files
[1.635s] Level 1:colcon.colcon_core.environment:checking '/home/david/ros2_ws/install/ugv' for CMake config files
[1.639s] DEBUG:colcon.colcon_core.event_handler.log_command:Invoked command in '/home/david/ros2_ws/build/ugv' returned '0': CMAKE_PREFIX_PATH=${CMAKE_PREFIX_PATH}:/home/david/ros2_ws/install/greetingpy:/home/david/install/greetingpy:/opt/ros/humble /usr/bin/cmake --install /home/david/ros2_ws/build/ugv
[1.640s] Level 1:colcon.colcon_core.shell:create_environment_hook('ugv', 'cmake_prefix_path')
[1.640s] INFO:colcon.colcon_core.shell:Creating environment hook '/home/david/ros2_ws/install/ugv/share/ugv/hook/cmake_prefix_path.ps1'
[1.642s] INFO:colcon.colcon_core.shell:Creating environment descriptor '/home/david/ros2_ws/install/ugv/share/ugv/hook/cmake_prefix_path.dsv'
[1.643s] INFO:colcon.colcon_core.shell:Creating environment hook '/home/david/ros2_ws/install/ugv/share/ugv/hook/cmake_prefix_path.sh'
[1.645s] Level 1:colcon.colcon_core.environment:checking '/home/david/ros2_ws/install/ugv/lib'
[1.645s] Level 1:colcon.colcon_core.environment:checking '/home/david/ros2_ws/install/ugv/bin'
[1.645s] Level 1:colcon.colcon_core.environment:checking '/home/david/ros2_ws/install/ugv/lib/pkgconfig/ugv.pc'
[1.646s] Level 1:colcon.colcon_core.environment:checking '/home/david/ros2_ws/install/ugv/lib/python3.10/site-packages'
[1.646s] Level 1:colcon.colcon_core.environment:checking '/home/david/ros2_ws/install/ugv/bin'
[1.647s] INFO:colcon.colcon_core.shell:Creating package script '/home/david/ros2_ws/install/ugv/share/ugv/package.ps1'
[1.649s] INFO:colcon.colcon_core.shell:Creating package descriptor '/home/david/ros2_ws/install/ugv/share/ugv/package.dsv'
[1.650s] INFO:colcon.colcon_core.shell:Creating package script '/home/david/ros2_ws/install/ugv/share/ugv/package.sh'
[1.652s] INFO:colcon.colcon_core.shell:Creating package script '/home/david/ros2_ws/install/ugv/share/ugv/package.bash'
[1.654s] INFO:colcon.colcon_core.shell:Creating package script '/home/david/ros2_ws/install/ugv/share/ugv/package.zsh'
[1.655s] Level 1:colcon.colcon_core.environment:create_file_with_runtime_dependencies(/home/david/ros2_ws/install/ugv/share/colcon-core/packages/ugv)
[1.692s] Level 1:colcon.colcon_core.environment:create_environment_scripts_only(ugv)
[1.693s] Level 1:colcon.colcon_core.environment:checking '/home/david/ros2_ws/install/ugv' for CMake module files
[1.694s] Level 1:colcon.colcon_core.environment:checking '/home/david/ros2_ws/install/ugv' for CMake config files
[1.695s] Level 1:colcon.colcon_core.shell:create_environment_hook('ugv', 'cmake_prefix_path')
[1.695s] INFO:colcon.colcon_core.shell:Creating environment hook '/home/david/ros2_ws/install/ugv/share/ugv/hook/cmake_prefix_path.ps1'
[1.696s] INFO:colcon.colcon_core.shell:Creating environment descriptor '/home/david/ros2_ws/install/ugv/share/ugv/hook/cmake_prefix_path.dsv'
[1.697s] INFO:colcon.colcon_core.shell:Creating environment hook '/home/david/ros2_ws/install/ugv/share/ugv/hook/cmake_prefix_path.sh'
[1.698s] Level 1:colcon.colcon_core.environment:checking '/home/david/ros2_ws/install/ugv/lib'
[1.699s] Level 1:colcon.colcon_core.environment:checking '/home/david/ros2_ws/install/ugv/bin'
[1.699s] Level 1:colcon.colcon_core.environment:checking '/home/david/ros2_ws/install/ugv/lib/pkgconfig/ugv.pc'
[1.699s] Level 1:colcon.colcon_core.environment:checking '/home/david/ros2_ws/install/ugv/lib/python3.10/site-packages'
[1.700s] Level 1:colcon.colcon_core.environment:checking '/home/david/ros2_ws/install/ugv/bin'
[1.700s] INFO:colcon.colcon_core.shell:Creating package script '/home/david/ros2_ws/install/ugv/share/ugv/package.ps1'
[1.701s] INFO:colcon.colcon_core.shell:Creating package descriptor '/home/david/ros2_ws/install/ugv/share/ugv/package.dsv'
[1.702s] INFO:colcon.colcon_core.shell:Creating package script '/home/david/ros2_ws/install/ugv/share/ugv/package.sh'
[1.703s] INFO:colcon.colcon_core.shell:Creating package script '/home/david/ros2_ws/install/ugv/share/ugv/package.bash'
[1.705s] INFO:colcon.colcon_core.shell:Creating package script '/home/david/ros2_ws/install/ugv/share/ugv/package.zsh'
[1.706s] Level 1:colcon.colcon_core.environment:create_file_with_runtime_dependencies(/home/david/ros2_ws/install/ugv/share/colcon-core/packages/ugv)
[2.140s] DEBUG:colcon.colcon_core.event_handler.log_command:Invoking command in '/home/david/ros2_ws/src/greetingpy': PYTHONPATH=/home/david/ros2_ws/build/greetingpy/prefix_override:/usr/lib/python3/dist-packages/colcon_core/task/python/colcon_distutils_commands:/home/david/ros2_ws/install/greetingpy/lib/python3.10/site-packages:${PYTHONPATH} /usr/bin/python3 -W ignore:setup.py install is deprecated setup.py egg_info --egg-base ../../build/greetingpy build --build-base /home/david/ros2_ws/build/greetingpy/build install --record /home/david/ros2_ws/build/greetingpy/install.log --single-version-externally-managed install_data
[2.769s] Level 1:colcon.colcon_core.environment:checking '/home/david/ros2_ws/install/greetingpy' for CMake module files
[2.770s] DEBUG:colcon.colcon_core.event_handler.log_command:Invoked command in '/home/david/ros2_ws/src/greetingpy' returned '0': PYTHONPATH=/home/david/ros2_ws/build/greetingpy/prefix_override:/usr/lib/python3/dist-packages/colcon_core/task/python/colcon_distutils_commands:/home/david/ros2_ws/install/greetingpy/lib/python3.10/site-packages:${PYTHONPATH} /usr/bin/python3 -W ignore:setup.py install is deprecated setup.py egg_info --egg-base ../../build/greetingpy build --build-base /home/david/ros2_ws/build/greetingpy/build install --record /home/david/ros2_ws/build/greetingpy/install.log --single-version-externally-managed install_data
[2.771s] Level 1:colcon.colcon_core.environment:checking '/home/david/ros2_ws/install/greetingpy' for CMake config files
[2.774s] Level 1:colcon.colcon_core.environment:checking '/home/david/ros2_ws/install/greetingpy/lib'
[2.774s] Level 1:colcon.colcon_core.environment:checking '/home/david/ros2_ws/install/greetingpy/bin'
[2.774s] Level 1:colcon.colcon_core.environment:checking '/home/david/ros2_ws/install/greetingpy/lib/pkgconfig/greetingpy.pc'
[2.775s] Level 1:colcon.colcon_core.environment:checking '/home/david/ros2_ws/install/greetingpy/lib/python3.10/site-packages'
[2.775s] Level 1:colcon.colcon_core.shell:create_environment_hook('greetingpy', 'pythonpath')
[2.776s] INFO:colcon.colcon_core.shell:Creating environment hook '/home/david/ros2_ws/install/greetingpy/share/greetingpy/hook/pythonpath.ps1'
[2.779s] INFO:colcon.colcon_core.shell:Creating environment descriptor '/home/david/ros2_ws/install/greetingpy/share/greetingpy/hook/pythonpath.dsv'
[2.780s] INFO:colcon.colcon_core.shell:Creating environment hook '/home/david/ros2_ws/install/greetingpy/share/greetingpy/hook/pythonpath.sh'
[2.782s] Level 1:colcon.colcon_core.environment:checking '/home/david/ros2_ws/install/greetingpy/bin'
[2.782s] Level 1:colcon.colcon_core.environment:create_environment_scripts_only(greetingpy)
[2.783s] INFO:colcon.colcon_core.shell:Creating package script '/home/david/ros2_ws/install/greetingpy/share/greetingpy/package.ps1'
[2.785s] INFO:colcon.colcon_core.shell:Creating package descriptor '/home/david/ros2_ws/install/greetingpy/share/greetingpy/package.dsv'
[2.787s] INFO:colcon.colcon_core.shell:Creating package script '/home/david/ros2_ws/install/greetingpy/share/greetingpy/package.sh'
[2.789s] INFO:colcon.colcon_core.shell:Creating package script '/home/david/ros2_ws/install/greetingpy/share/greetingpy/package.bash'
[2.790s] INFO:colcon.colcon_core.shell:Creating package script '/home/david/ros2_ws/install/greetingpy/share/greetingpy/package.zsh'
[2.792s] Level 1:colcon.colcon_core.environment:create_file_with_runtime_dependencies(/home/david/ros2_ws/install/greetingpy/share/colcon-core/packages/greetingpy)
[2.793s] DEBUG:colcon.colcon_parallel_executor.executor.parallel:closing loop
[2.794s] DEBUG:colcon.colcon_parallel_executor.executor.parallel:loop closed
[2.795s] DEBUG:colcon.colcon_parallel_executor.executor.parallel:run_until_complete finished with '0'
[2.795s] DEBUG:colcon.colcon_core.event_reactor:joining thread
[2.815s] INFO:colcon.colcon_core.plugin_system:Skipping extension 'colcon_notification.desktop_notification.terminal_notifier': Not used on non-Darwin systems
[2.816s] INFO:colcon.colcon_core.plugin_system:Skipping extension 'colcon_notification.desktop_notification.win32': Not used on non-Windows systems
[2.816s] INFO:colcon.colcon_notification.desktop_notification:Sending desktop notification using 'notify2'
[2.864s] DEBUG:colcon.colcon_core.event_reactor:joined thread
[2.866s] INFO:colcon.colcon_core.shell:Creating prefix script '/home/david/ros2_ws/install/local_setup.ps1'
[2.869s] INFO:colcon.colcon_core.shell:Creating prefix util module '/home/david/ros2_ws/install/_local_setup_util_ps1.py'
[2.873s] INFO:colcon.colcon_core.shell:Creating prefix chain script '/home/david/ros2_ws/install/setup.ps1'
[2.877s] INFO:colcon.colcon_core.shell:Creating prefix script '/home/david/ros2_ws/install/local_setup.sh'
[2.879s] INFO:colcon.colcon_core.shell:Creating prefix util module '/home/david/ros2_ws/install/_local_setup_util_sh.py'
[2.882s] INFO:colcon.colcon_core.shell:Creating prefix chain script '/home/david/ros2_ws/install/setup.sh'
[2.886s] INFO:colcon.colcon_core.shell:Creating prefix script '/home/david/ros2_ws/install/local_setup.bash'
[2.888s] INFO:colcon.colcon_core.shell:Creating prefix chain script '/home/david/ros2_ws/install/setup.bash'
[2.892s] INFO:colcon.colcon_core.shell:Creating prefix script '/home/david/ros2_ws/install/local_setup.zsh'
[2.894s] INFO:colcon.colcon_core.shell:Creating prefix chain script '/home/david/ros2_ws/install/setup.zsh'
