-- Found ament_cmake: 1.3.10 (/opt/ros/humble/share/ament_cmake/cmake)
-- Found rclpy: 3.3.14 (/opt/ros/humble/share/rclpy/cmake)
-- Found xacro: 2.0.8 (/opt/ros/humble/share/xacro/cmake)
-- Found ament_lint_auto: 0.12.11 (/opt/ros/humble/share/ament_lint_auto/cmake)
-- Added test 'flake8' to check Python code syntax and style conventions
-- Added test 'lint_cmake' to check CMake code style
-- Added test 'pep257' to check Python code against some of the docstring style conventions in PEP 257
-- Added test 'xmllint' to check XML markup files
-- Configuring done
-- Generating done
-- Build files have been written to: /home/david/ros2_ws/build/ugv
-- Install configuration: ""
-- Installing: /home/david/ros2_ws/install/ugv/share/ugv/launch
-- Installing: /home/david/ros2_ws/install/ugv/share/ugv/launch/display_ugv.launch.py
-- Installing: /home/david/ros2_ws/install/ugv/share/ugv/urdf
-- Installing: /home/david/ros2_ws/install/ugv/share/ugv/urdf/ugv.xacro
[31mCMake Error at cmake_install.cmake:54 (file):
  file INSTALL cannot find "/home/david/ros2_ws/src/ugv/rviz": No such file
  or directory.

[0m
