[0.034s] Invoking command in '/home/david/ros2_ws/build/ugv': CMAKE_PREFIX_PATH=${CMAKE_PREFIX_PATH}:/opt/ros/humble /usr/bin/cmake --build /home/david/ros2_ws/build/ugv -- -j2 -l2
[0.087s] -- Found ament_cmake: 1.3.10 (/opt/ros/humble/share/ament_cmake/cmake)
[0.241s] -- Found rclpy: 3.3.14 (/opt/ros/humble/share/rclpy/cmake)
[0.256s] -- Found xacro: 2.0.8 (/opt/ros/humble/share/xacro/cmake)
[0.259s] -- Found ament_lint_auto: 0.12.11 (/opt/ros/humble/share/ament_lint_auto/cmake)
[0.340s] -- Added test 'flake8' to check Python code syntax and style conventions
[0.341s] -- Added test 'lint_cmake' to check CMake code style
[0.345s] -- Added test 'pep257' to check Python code against some of the docstring style conventions in PEP 257
[0.345s] -- Added test 'xmllint' to check XML markup files
[0.345s] -- Configuring done
[0.357s] -- Generating done
[0.362s] -- Build files have been written to: /home/david/ros2_ws/build/ugv
[0.434s] Invoked command in '/home/david/ros2_ws/build/ugv' returned '0': CMAKE_PREFIX_PATH=${CMAKE_PREFIX_PATH}:/opt/ros/humble /usr/bin/cmake --build /home/david/ros2_ws/build/ugv -- -j2 -l2
[0.570s] Invoking command in '/home/david/ros2_ws/build/ugv': CMAKE_PREFIX_PATH=${CMAKE_PREFIX_PATH}:/opt/ros/humble /usr/bin/cmake --install /home/david/ros2_ws/build/ugv
[0.593s] -- Install configuration: ""
[0.595s] -- Installing: /home/david/ros2_ws/install/ugv/share/ugv/launch
[0.596s] -- Installing: /home/david/ros2_ws/install/ugv/share/ugv/launch/display_ugv.launch.py
[0.596s] -- Installing: /home/david/ros2_ws/install/ugv/share/ugv/urdf
[0.596s] -- Installing: /home/david/ros2_ws/install/ugv/share/ugv/urdf/ugv.xacro
[0.596s] [31mCMake Error at cmake_install.cmake:54 (file):
[0.596s]   file INSTALL cannot find "/home/david/ros2_ws/src/ugv/rviz": No such file
[0.596s]   or directory.
[0.596s] 
[0.596s] [0m
[0.602s] Invoked command in '/home/david/ros2_ws/build/ugv' returned '1': CMAKE_PREFIX_PATH=${CMAKE_PREFIX_PATH}:/opt/ros/humble /usr/bin/cmake --install /home/david/ros2_ws/build/ugv
