[0.041s] Invoking command in '/home/david/ros2_ws/build/ugv': CMAKE_PREFIX_PATH=/opt/ros/humble /usr/bin/cmake --build /home/david/ros2_ws/build/ugv -- -j2 -l2
[0.102s] -- Found ament_cmake: 1.3.10 (/opt/ros/humble/share/ament_cmake/cmake)
[0.396s] -- Found rclpy: 3.3.14 (/opt/ros/humble/share/rclpy/cmake)
[0.399s] -- Found ament_lint_auto: 0.12.11 (/opt/ros/humble/share/ament_lint_auto/cmake)
[0.556s] -- Found gazebo_ros: 3.7.0 (/opt/ros/humble/share/gazebo_ros/cmake)
[0.713s] -- Found rosidl_generator_c: 3.1.5 (/opt/ros/humble/share/rosidl_generator_c/cmake)
[0.721s] -- Found rosidl_adapter: 3.1.5 (/opt/ros/humble/share/rosidl_adapter/cmake)
[0.769s] -- Found rosidl_generator_cpp: 3.1.5 (/opt/ros/humble/share/rosidl_generator_cpp/cmake)
[0.822s] -- Using all available rosidl_typesupport_c: rosidl_typesupport_fastrtps_c;rosidl_typesupport_introspection_c
[0.871s] -- Using all available rosidl_typesupport_cpp: rosidl_typesupport_fastrtps_cpp;rosidl_typesupport_introspection_cpp
[1.042s] -- Found rmw_implementation_cmake: 6.1.2 (/opt/ros/humble/share/rmw_implementation_cmake/cmake)
[1.056s] -- Found rmw_fastrtps_cpp: 6.2.7 (/opt/ros/humble/share/rmw_fastrtps_cpp/cmake)
[1.264s] -- Using RMW implementation 'rmw_fastrtps_cpp' as default
[1.464s] -- Found PkgConfig: /usr/bin/pkg-config (found version "0.29.2") 
[1.466s] -- Checking for module 'bullet>=2.82'
[1.506s] --   Found bullet, version 3.05
[1.812s] -- Found fcl: /usr/include (found suitable version "0.7.0", minimum required is "0.5.0") 
[1.948s] -- Found assimp: /usr/include (found version "5.2.0") 
[2.029s] -- Found DART: /usr/include (Required is at least version "6.6") found components: dart 
[2.096s] -- Found Boost: /usr/lib/x86_64-linux-gnu/cmake/Boost-1.74.0/BoostConfig.cmake (found suitable version "1.74.0", minimum required is "1.40.0") found components: thread system filesystem program_options regex iostreams date_time 
[2.151s] -- Found Protobuf: /usr/lib/x86_64-linux-gnu/libprotobuf.so (found version "3.12.4") 
[2.173s] -- Looking for ignition-math6 -- found version 6.15.1
[2.196s] -- Searching for dependencies of ignition-math6
[2.204s] -- Looking for OGRE...
[2.204s] -- OGRE_PREFIX_WATCH changed.
[2.210s] -- Checking for module 'OGRE'
[2.243s] --   Found OGRE, version 1.9.0
[2.362s] -- Found Ogre Ghadamon (1.9.0)
[2.375s] -- Found OGRE: optimized;/usr/lib/x86_64-linux-gnu/libOgreMain.so;debug;/usr/lib/x86_64-linux-gnu/libOgreMain.so
[2.390s] -- Looking for OGRE_Paging...
[2.397s] -- Found OGRE_Paging: optimized;/usr/lib/x86_64-linux-gnu/libOgrePaging.so;debug;/usr/lib/x86_64-linux-gnu/libOgrePaging.so
[2.397s] -- Looking for OGRE_Terrain...
[2.402s] -- Found OGRE_Terrain: optimized;/usr/lib/x86_64-linux-gnu/libOgreTerrain.so;debug;/usr/lib/x86_64-linux-gnu/libOgreTerrain.so
[2.403s] -- Looking for OGRE_Property...
[2.407s] -- Found OGRE_Property: optimized;/usr/lib/x86_64-linux-gnu/libOgreProperty.so;debug;/usr/lib/x86_64-linux-gnu/libOgreProperty.so
[2.407s] -- Looking for OGRE_RTShaderSystem...
[2.414s] -- Found OGRE_RTShaderSystem: optimized;/usr/lib/x86_64-linux-gnu/libOgreRTShaderSystem.so;debug;/usr/lib/x86_64-linux-gnu/libOgreRTShaderSystem.so
[2.414s] -- Looking for OGRE_Volume...
[2.420s] -- Found OGRE_Volume: optimized;/usr/lib/x86_64-linux-gnu/libOgreVolume.so;debug;/usr/lib/x86_64-linux-gnu/libOgreVolume.so
[2.420s] -- Looking for OGRE_Overlay...
[2.428s] -- Found OGRE_Overlay: optimized;/usr/lib/x86_64-linux-gnu/libOgreOverlay.so;debug;/usr/lib/x86_64-linux-gnu/libOgreOverlay.so
[2.575s] -- Looking for ignition-math6 -- found version 6.15.1
[2.585s] -- Looking for ignition-transport8 -- found version 8.2.1
[2.585s] -- Searching for dependencies of ignition-transport8
[2.610s] -- Found Protobuf: /usr/lib/x86_64-linux-gnu/libprotobuf.so (found suitable version "3.12.4", minimum required is "3") 
[2.620s] -- Config-file not installed for ZeroMQ -- checking for pkg-config
[2.631s] -- Checking for module 'libzmq >= 4'
[2.701s] --   Found libzmq , version 4.3.4
[2.818s] -- Found ZeroMQ: TRUE (Required is at least version "4") 
[2.832s] -- Checking for module 'uuid'
[2.883s] --   Found uuid, version 2.37.2
[2.984s] -- Found UUID: TRUE  
[2.991s] -- Looking for ignition-msgs5 -- found version 5.8.1
[2.992s] -- Searching for dependencies of ignition-msgs5
[3.017s] -- Looking for ignition-math6 -- found version 6.15.1
[3.027s] -- Checking for module 'tinyxml2'
[3.070s] --   Found tinyxml2, version 9.0.0
[3.177s] -- Looking for ignition-msgs5 -- found version 5.8.1
[3.186s] -- Looking for ignition-common3 -- found version 3.14.0
[3.190s] -- Searching for dependencies of ignition-common3
[3.193s] -- Looking for dlfcn.h - found
[3.193s] -- Looking for libdl - found
[3.199s] -- Found DL: TRUE  
[3.222s] -- Found tinyobjloader: /usr/lib/x86_64-linux-gnu/cmake/tinyobjloader/tinyobjloader-config.cmake (found version "2.0.0") 
[3.226s] -- Searching for <ignition-common3> component [graphics]
[3.230s] -- Looking for ignition-common3-graphics -- found version 3.14.0
[3.232s] -- Searching for dependencies of ignition-common3-graphics
[3.232s] -- Looking for ignition-math6 -- found version 6.15.1
[3.245s] -- Looking for ignition-fuel_tools4 -- found version 4.4.0
[3.245s] -- Searching for dependencies of ignition-fuel_tools4
[3.448s] -- Found CURL: /usr/lib/x86_64-linux-gnu/libcurl.so (found version "7.81.0")  
[3.482s] -- Checking for module 'jsoncpp'
[3.516s] --   Found jsoncpp, version 1.9.5
[3.617s] -- Found JSONCPP: TRUE  
[3.629s] -- Checking for module 'libzip'
[3.668s] --   Found libzip, version 1.7.3
[3.751s] -- Found ZIP: TRUE  
[3.752s] -- Looking for ignition-common3 -- found version 3.14.0
[3.753s] -- Looking for ignition-math6 -- found version 6.15.1
[3.754s] -- Looking for ignition-msgs5 -- found version 5.8.1
[3.766s] -- Gazebo version: 11.10
[3.768s] -- Checking for module 'tbb'
[3.805s] --   Found tbb, version 2021.5.0
[3.908s] -- Found xacro: 2.0.8 (/opt/ros/humble/share/xacro/cmake)
[3.911s] -- Found urdf: 2.6.1 (/opt/ros/humble/share/urdf/cmake)
[4.007s] -- Added test 'flake8' to check Python code syntax and style conventions
[4.010s] -- Added test 'lint_cmake' to check CMake code style
[4.012s] -- Added test 'pep257' to check Python code against some of the docstring style conventions in PEP 257
[4.015s] -- Added test 'xmllint' to check XML markup files
[4.023s] -- Configuring done
[4.045s] -- Generating done
[4.055s] -- Build files have been written to: /home/david/ros2_ws/build/ugv
[4.120s] Invoked command in '/home/david/ros2_ws/build/ugv' returned '0': CMAKE_PREFIX_PATH=/opt/ros/humble /usr/bin/cmake --build /home/david/ros2_ws/build/ugv -- -j2 -l2
[4.248s] Invoking command in '/home/david/ros2_ws/build/ugv': CMAKE_PREFIX_PATH=/opt/ros/humble /usr/bin/cmake --install /home/david/ros2_ws/build/ugv
[4.259s] -- Install configuration: ""
[4.259s] -- Up-to-date: /home/david/ros2_ws/install/ugv/share/ugv//launch
[4.260s] -- Up-to-date: /home/david/ros2_ws/install/ugv/share/ugv//launch/display_ugv.launch.py
[4.260s] -- Installing: /home/david/ros2_ws/install/ugv/share/ugv//launch/spawn_ugv.launch.py
[4.274s] -- Up-to-date: /home/david/ros2_ws/install/ugv/share/ugv//urdf
[4.275s] -- Installing: /home/david/ros2_ws/install/ugv/share/ugv//urdf/ugvGazebo.xacro
[4.275s] -- Up-to-date: /home/david/ros2_ws/install/ugv/share/ugv//urdf/ugv1.xacro
[4.275s] -- Up-to-date: /home/david/ros2_ws/install/ugv/share/ugv//urdf/ugv.xacro
[4.275s] -- Up-to-date: /home/david/ros2_ws/install/ugv/share/ugv//mesh
[4.275s] -- Up-to-date: /home/david/ros2_ws/install/ugv/share/ugv//mesh/tyre.obj
[4.275s] -- Up-to-date: /home/david/ros2_ws/install/ugv/share/ugv//mesh/lidar.obj
[4.275s] -- Up-to-date: /home/david/ros2_ws/install/ugv/share/ugv//mesh/mainBody.obj
[4.276s] -- Up-to-date: /home/david/ros2_ws/install/ugv/share/ugv//rviz
[4.276s] -- Up-to-date: /home/david/ros2_ws/install/ugv/share/ugv//rviz/ugv_config.rviz
[4.276s] -- Installing: /home/david/ros2_ws/install/ugv/share/ament_index/resource_index/package_run_dependencies/ugv
[4.276s] -- Installing: /home/david/ros2_ws/install/ugv/share/ament_index/resource_index/parent_prefix_path/ugv
[4.276s] -- Up-to-date: /home/david/ros2_ws/install/ugv/share/ugv/environment/ament_prefix_path.sh
[4.276s] -- Installing: /home/david/ros2_ws/install/ugv/share/ugv/environment/ament_prefix_path.dsv
[4.276s] -- Up-to-date: /home/david/ros2_ws/install/ugv/share/ugv/environment/path.sh
[4.277s] -- Installing: /home/david/ros2_ws/install/ugv/share/ugv/environment/path.dsv
[4.277s] -- Up-to-date: /home/david/ros2_ws/install/ugv/share/ugv/local_setup.bash
[4.277s] -- Up-to-date: /home/david/ros2_ws/install/ugv/share/ugv/local_setup.sh
[4.277s] -- Up-to-date: /home/david/ros2_ws/install/ugv/share/ugv/local_setup.zsh
[4.278s] -- Installing: /home/david/ros2_ws/install/ugv/share/ugv/local_setup.dsv
[4.278s] -- Installing: /home/david/ros2_ws/install/ugv/share/ugv/package.dsv
[4.278s] -- Up-to-date: /home/david/ros2_ws/install/ugv/share/ament_index/resource_index/packages/ugv
[4.282s] -- Up-to-date: /home/david/ros2_ws/install/ugv/share/ugv/cmake/ugvConfig.cmake
[4.282s] -- Up-to-date: /home/david/ros2_ws/install/ugv/share/ugv/cmake/ugvConfig-version.cmake
[4.282s] -- Installing: /home/david/ros2_ws/install/ugv/share/ugv/package.xml
[4.289s] Invoked command in '/home/david/ros2_ws/build/ugv' returned '0': CMAKE_PREFIX_PATH=/opt/ros/humble /usr/bin/cmake --install /home/david/ros2_ws/build/ugv
