[0.024s] Invoking command in '/home/david/ros2_ws/build/ugv': CMAKE_PREFIX_PATH=${CMAKE_PREFIX_PATH}:/home/david/ros2_ws/install/greetingpy:/home/david/install/greetingpy:/opt/ros/humble /usr/bin/cmake /home/david/ros2_ws/src/ugv -DCMAKE_INSTALL_PREFIX=/home/david/ros2_ws/install/ugv
[0.138s] -- The C compiler identification is GNU 11.4.0
[2.011s] -- The CXX compiler identification is GNU 11.4.0
[2.035s] -- Detecting C compiler ABI info
[2.208s] -- Detecting C compiler ABI info - done
[2.233s] -- Check for working C compiler: /usr/bin/cc - skipped
[2.234s] -- Detecting C compile features
[2.236s] -- Detecting C compile features - done
[2.247s] -- Detecting CXX compiler ABI info
[2.433s] -- Detecting CXX compiler ABI info - done
[2.457s] -- Check for working CXX compiler: /usr/bin/c++ - skipped
[2.457s] -- Detecting CXX compile features
[2.458s] -- Detecting CXX compile features - done
[2.465s] -- Found ament_cmake: 1.3.10 (/opt/ros/humble/share/ament_cmake/cmake)
[2.814s] -- Found Python3: /usr/bin/python3 (found version "3.10.12") found components: Interpreter 
[3.011s] -- Found rclcpp: 16.0.10 (/opt/ros/humble/share/rclcpp/cmake)
[3.089s] -- Found rosidl_generator_c: 3.1.5 (/opt/ros/humble/share/rosidl_generator_c/cmake)
[3.098s] -- Found rosidl_adapter: 3.1.5 (/opt/ros/humble/share/rosidl_adapter/cmake)
[3.115s] -- Found rosidl_generator_cpp: 3.1.5 (/opt/ros/humble/share/rosidl_generator_cpp/cmake)
[3.138s] -- Using all available rosidl_typesupport_c: rosidl_typesupport_fastrtps_c;rosidl_typesupport_introspection_c
[3.168s] -- Using all available rosidl_typesupport_cpp: rosidl_typesupport_fastrtps_cpp;rosidl_typesupport_introspection_cpp
[3.248s] -- Found rmw_implementation_cmake: 6.1.2 (/opt/ros/humble/share/rmw_implementation_cmake/cmake)
[3.253s] -- Found rmw_fastrtps_cpp: 6.2.7 (/opt/ros/humble/share/rmw_fastrtps_cpp/cmake)
[3.407s] -- Found OpenSSL: /usr/lib/aarch64-linux-gnu/libcrypto.so (found version "3.0.2")  
[3.467s] -- Found FastRTPS: /opt/ros/humble/include  
[3.553s] -- Using RMW implementation 'rmw_fastrtps_cpp' as default
[3.573s] -- Looking for pthread.h
[3.715s] -- Looking for pthread.h - found
[3.715s] -- Performing Test CMAKE_HAVE_LIBC_PTHREAD
[3.866s] -- Performing Test CMAKE_HAVE_LIBC_PTHREAD - Success
[3.870s] -- Found Threads: TRUE  
[3.993s] -- Found urdf: 2.6.1 (/opt/ros/humble/share/urdf/cmake)
[4.074s] -- Found xacro: 2.0.8 (/opt/ros/humble/share/xacro/cmake)
[4.086s] [33mCMake Warning at CMakeLists.txt:13 (find_package):
[4.087s]   By not providing "Findjoint_state_publisher.cmake" in CMAKE_MODULE_PATH
[4.087s]   this project has asked CMake to find a package configuration file provided
[4.087s]   by "joint_state_publisher", but CMake did not find one.
[4.087s] 
[4.087s]   Could not find a package configuration file provided by
[4.087s]   "joint_state_publisher" with any of the following names:
[4.087s] 
[4.088s]     joint_state_publisherConfig.cmake
[4.088s]     joint_state_publisher-config.cmake
[4.088s] 
[4.088s]   Add the installation prefix of "joint_state_publisher" to CMAKE_PREFIX_PATH
[4.088s]   or set "joint_state_publisher_DIR" to a directory containing one of the
[4.088s]   above files.  If "joint_state_publisher" provides a separate development
[4.088s]   package or SDK, be sure it has been installed.
[4.088s] 
[4.088s] [0m
[4.107s] [33mCMake Warning at CMakeLists.txt:14 (find_package):
[4.107s]   By not providing "Findjoint_state_publisher_gui.cmake" in CMAKE_MODULE_PATH
[4.107s]   this project has asked CMake to find a package configuration file provided
[4.107s]   by "joint_state_publisher_gui", but CMake did not find one.
[4.108s] 
[4.108s]   Could not find a package configuration file provided by
[4.108s]   "joint_state_publisher_gui" with any of the following names:
[4.108s] 
[4.108s]     joint_state_publisher_guiConfig.cmake
[4.108s]     joint_state_publisher_gui-config.cmake
[4.108s] 
[4.108s]   Add the installation prefix of "joint_state_publisher_gui" to
[4.108s]   CMAKE_PREFIX_PATH or set "joint_state_publisher_gui_DIR" to a directory
[4.109s]   containing one of the above files.  If "joint_state_publisher_gui" provides
[4.109s]   a separate development package or SDK, be sure it has been installed.
[4.109s] 
[4.109s] [0m
[4.111s] -- Found rclpy: 3.3.14 (/opt/ros/humble/share/rclpy/cmake)
[4.113s] -- Found geometry_msgs: 4.2.4 (/opt/ros/humble/share/geometry_msgs/cmake)
[4.138s] -- Found ament_lint_auto: 0.12.11 (/opt/ros/humble/share/ament_lint_auto/cmake)
[4.308s] -- Added test 'flake8' to check Python code syntax and style conventions
[4.309s] -- Added test 'lint_cmake' to check CMake code style
[4.310s] -- Added test 'pep257' to check Python code against some of the docstring style conventions in PEP 257
[4.313s] -- Added test 'xmllint' to check XML markup files
[4.315s] -- Configuring done
[4.326s] -- Generating done
[4.329s] -- Build files have been written to: /home/david/ros2_ws/build/ugv
[4.357s] Invoked command in '/home/david/ros2_ws/build/ugv' returned '0': CMAKE_PREFIX_PATH=${CMAKE_PREFIX_PATH}:/home/david/ros2_ws/install/greetingpy:/home/david/install/greetingpy:/opt/ros/humble /usr/bin/cmake /home/david/ros2_ws/src/ugv -DCMAKE_INSTALL_PREFIX=/home/david/ros2_ws/install/ugv
[4.361s] Invoking command in '/home/david/ros2_ws/build/ugv': CMAKE_PREFIX_PATH=${CMAKE_PREFIX_PATH}:/home/david/ros2_ws/install/greetingpy:/home/david/install/greetingpy:/opt/ros/humble /usr/bin/cmake --build /home/david/ros2_ws/build/ugv -- -j6 -l6
[4.449s] Invoked command in '/home/david/ros2_ws/build/ugv' returned '0': CMAKE_PREFIX_PATH=${CMAKE_PREFIX_PATH}:/home/david/ros2_ws/install/greetingpy:/home/david/install/greetingpy:/opt/ros/humble /usr/bin/cmake --build /home/david/ros2_ws/build/ugv -- -j6 -l6
[4.510s] Invoking command in '/home/david/ros2_ws/build/ugv': CMAKE_PREFIX_PATH=${CMAKE_PREFIX_PATH}:/home/david/ros2_ws/install/greetingpy:/home/david/install/greetingpy:/opt/ros/humble /usr/bin/cmake --install /home/david/ros2_ws/build/ugv
[4.528s] -- Install configuration: ""
[4.529s] -- Installing: /home/david/ros2_ws/install/ugv/lib/ugv/ugv_control.py
[4.529s] -- Installing: /home/david/ros2_ws/install/ugv/share/ugv/urdf
[4.529s] -- Installing: /home/david/ros2_ws/install/ugv/share/ugv/urdf/r2d.urdf
[4.530s] -- Installing: /home/david/ros2_ws/install/ugv/share/ugv/urdf/ugv.urdf
[4.530s] -- Installing: /home/david/ros2_ws/install/ugv/share/ugv/urdf/ugv.xacro
[4.530s] -- Installing: /home/david/ros2_ws/install/ugv/share/ugv/launch
[4.530s] -- Installing: /home/david/ros2_ws/install/ugv/share/ugv/launch/ignition_ugv.launch.py
[4.530s] -- Installing: /home/david/ros2_ws/install/ugv/share/ugv/launch/basic.launch.py
[4.531s] -- Installing: /home/david/ros2_ws/install/ugv/share/ugv/launch/display_ugv.launch.py
[4.531s] -- Installing: /home/david/ros2_ws/install/ugv/share/ugv//mesh
[4.531s] -- Installing: /home/david/ros2_ws/install/ugv/share/ugv//mesh/shaft.mtl
[4.531s] -- Installing: /home/david/ros2_ws/install/ugv/share/ugv//mesh/lidar.mtl
[4.531s] -- Installing: /home/david/ros2_ws/install/ugv/share/ugv//mesh/mainBody.stl
[4.532s] -- Installing: /home/david/ros2_ws/install/ugv/share/ugv//mesh/tyre.stl
[4.533s] -- Installing: /home/david/ros2_ws/install/ugv/share/ugv//mesh/shaft.obj
[4.533s] -- Installing: /home/david/ros2_ws/install/ugv/share/ugv//mesh/lidar.obj
[4.534s] -- Installing: /home/david/ros2_ws/install/ugv/share/ugv//mesh/tyre.obj
[4.534s] -- Installing: /home/david/ros2_ws/install/ugv/share/ugv//mesh/shaft.stl
[4.534s] -- Installing: /home/david/ros2_ws/install/ugv/share/ugv//mesh/mainBody.obj
[4.535s] -- Installing: /home/david/ros2_ws/install/ugv/share/ugv//mesh/tyre.mtl
[4.535s] -- Installing: /home/david/ros2_ws/install/ugv/share/ugv//mesh/mainBody.mtl
[4.535s] -- Installing: /home/david/ros2_ws/install/ugv/share/ugv//mesh/lidar.stl
[4.535s] -- Installing: /home/david/ros2_ws/install/ugv/share/ugv//rviz
[4.536s] -- Installing: /home/david/ros2_ws/install/ugv/share/ugv//rviz/ugv_config.rviz
[4.536s] -- Installing: /home/david/ros2_ws/install/ugv/share/ament_index/resource_index/package_run_dependencies/ugv
[4.537s] -- Installing: /home/david/ros2_ws/install/ugv/share/ament_index/resource_index/parent_prefix_path/ugv
[4.537s] -- Installing: /home/david/ros2_ws/install/ugv/share/ugv/environment/ament_prefix_path.sh
[4.537s] -- Installing: /home/david/ros2_ws/install/ugv/share/ugv/environment/ament_prefix_path.dsv
[4.538s] -- Installing: /home/david/ros2_ws/install/ugv/share/ugv/environment/path.sh
[4.539s] -- Installing: /home/david/ros2_ws/install/ugv/share/ugv/environment/path.dsv
[4.539s] -- Installing: /home/david/ros2_ws/install/ugv/share/ugv/local_setup.bash
[4.539s] -- Installing: /home/david/ros2_ws/install/ugv/share/ugv/local_setup.sh
[4.539s] -- Installing: /home/david/ros2_ws/install/ugv/share/ugv/local_setup.zsh
[4.539s] -- Installing: /home/david/ros2_ws/install/ugv/share/ugv/local_setup.dsv
[4.539s] -- Installing: /home/david/ros2_ws/install/ugv/share/ugv/package.dsv
[4.540s] -- Installing: /home/david/ros2_ws/install/ugv/share/ament_index/resource_index/packages/ugv
[4.540s] -- Installing: /home/david/ros2_ws/install/ugv/share/ugv/cmake/ugvConfig.cmake
[4.540s] -- Installing: /home/david/ros2_ws/install/ugv/share/ugv/cmake/ugvConfig-version.cmake
[4.541s] -- Installing: /home/david/ros2_ws/install/ugv/share/ugv/package.xml
[4.546s] Invoked command in '/home/david/ros2_ws/build/ugv' returned '0': CMAKE_PREFIX_PATH=${CMAKE_PREFIX_PATH}:/home/david/ros2_ws/install/greetingpy:/home/david/install/greetingpy:/opt/ros/humble /usr/bin/cmake --install /home/david/ros2_ws/build/ugv
