[0.223s] DEBUG:colcon:Command line arguments: ['/usr/bin/colcon', 'build']
[0.223s] DEBUG:colcon:Parsed command line arguments: Namespace(log_base=None, log_level=None, verb_name='build', build_base='build', install_base='install', merge_install=False, symlink_install=False, test_result_base=None, continue_on_error=False, executor='parallel', parallel_workers=6, event_handlers=None, ignore_user_meta=False, metas=['./colcon.meta'], base_paths=['.'], packages_ignore=None, packages_ignore_regex=None, paths=None, packages_up_to=None, packages_up_to_regex=None, packages_above=None, packages_above_and_dependencies=None, packages_above_depth=None, packages_select_by_dep=None, packages_skip_by_dep=None, packages_skip_up_to=None, packages_select_build_failed=False, packages_skip_build_finished=False, packages_select_test_failures=False, packages_skip_test_passed=False, packages_select=None, packages_skip=None, packages_select_regex=None, packages_skip_regex=None, packages_start=None, packages_end=None, allow_overriding=[], cmake_args=None, cmake_target=None, cmake_target_skip_unavailable=False, cmake_clean_cache=False, cmake_clean_first=False, cmake_force_configure=False, ament_cmake_args=None, catkin_cmake_args=None, catkin_skip_building_tests=False, mixin_files=None, mixin=None, verb_parser=<colcon_mixin.mixin.mixin_argument.MixinArgumentDecorator object at 0xffffb22ca6b0>, verb_extension=<colcon_core.verb.build.BuildVerb object at 0xffffb22c9a50>, main=<bound method BuildVerb.main of <colcon_core.verb.build.BuildVerb object at 0xffffb22c9a50>>, mixin_verb=('build',))
[0.569s] Level 1:colcon.colcon_core.package_discovery:discover_packages(colcon_meta) check parameters
[0.569s] Level 1:colcon.colcon_core.package_discovery:discover_packages(recursive) check parameters
[0.569s] Level 1:colcon.colcon_core.package_discovery:discover_packages(ignore) check parameters
[0.569s] Level 1:colcon.colcon_core.package_discovery:discover_packages(path) check parameters
[0.569s] Level 1:colcon.colcon_core.package_discovery:discover_packages(colcon_meta) discover
[0.570s] Level 1:colcon.colcon_core.package_discovery:discover_packages(recursive) discover
[0.570s] INFO:colcon.colcon_core.package_discovery:Crawling recursively for packages in '/home/david/ros2_ws'
[0.570s] Level 1:colcon.colcon_core.package_identification:_identify(.) by extensions ['ignore', 'ignore_ament_install']
[0.570s] Level 1:colcon.colcon_core.package_identification:_identify(.) by extension 'ignore'
[0.570s] Level 1:colcon.colcon_core.package_identification:_identify(.) by extension 'ignore_ament_install'
[0.570s] Level 1:colcon.colcon_core.package_identification:_identify(.) by extensions ['colcon_pkg']
[0.570s] Level 1:colcon.colcon_core.package_identification:_identify(.) by extension 'colcon_pkg'
[0.571s] Level 1:colcon.colcon_core.package_identification:_identify(.) by extensions ['colcon_meta']
[0.571s] Level 1:colcon.colcon_core.package_identification:_identify(.) by extension 'colcon_meta'
[0.571s] Level 1:colcon.colcon_core.package_identification:_identify(.) by extensions ['ros']
[0.571s] Level 1:colcon.colcon_core.package_identification:_identify(.) by extension 'ros'
[0.593s] Level 1:colcon.colcon_core.package_identification:_identify(.) by extensions ['cmake', 'python']
[0.594s] Level 1:colcon.colcon_core.package_identification:_identify(.) by extension 'cmake'
[0.594s] Level 1:colcon.colcon_core.package_identification:_identify(.) by extension 'python'
[0.594s] Level 1:colcon.colcon_core.package_identification:_identify(.) by extensions ['python_setup_py']
[0.594s] Level 1:colcon.colcon_core.package_identification:_identify(.) by extension 'python_setup_py'
[0.594s] Level 1:colcon.colcon_core.package_identification:_identify(build) by extensions ['ignore', 'ignore_ament_install']
[0.594s] Level 1:colcon.colcon_core.package_identification:_identify(build) by extension 'ignore'
[0.595s] Level 1:colcon.colcon_core.package_identification:_identify(build) ignored
[0.595s] Level 1:colcon.colcon_core.package_identification:_identify(install) by extensions ['ignore', 'ignore_ament_install']
[0.595s] Level 1:colcon.colcon_core.package_identification:_identify(install) by extension 'ignore'
[0.595s] Level 1:colcon.colcon_core.package_identification:_identify(install) ignored
[0.595s] Level 1:colcon.colcon_core.package_identification:_identify(log) by extensions ['ignore', 'ignore_ament_install']
[0.596s] Level 1:colcon.colcon_core.package_identification:_identify(log) by extension 'ignore'
[0.596s] Level 1:colcon.colcon_core.package_identification:_identify(log) ignored
[0.596s] Level 1:colcon.colcon_core.package_identification:_identify(src) by extensions ['ignore', 'ignore_ament_install']
[0.596s] Level 1:colcon.colcon_core.package_identification:_identify(src) by extension 'ignore'
[0.596s] Level 1:colcon.colcon_core.package_identification:_identify(src) by extension 'ignore_ament_install'
[0.596s] Level 1:colcon.colcon_core.package_identification:_identify(src) by extensions ['colcon_pkg']
[0.596s] Level 1:colcon.colcon_core.package_identification:_identify(src) by extension 'colcon_pkg'
[0.597s] Level 1:colcon.colcon_core.package_identification:_identify(src) by extensions ['colcon_meta']
[0.597s] Level 1:colcon.colcon_core.package_identification:_identify(src) by extension 'colcon_meta'
[0.597s] Level 1:colcon.colcon_core.package_identification:_identify(src) by extensions ['ros']
[0.597s] Level 1:colcon.colcon_core.package_identification:_identify(src) by extension 'ros'
[0.597s] Level 1:colcon.colcon_core.package_identification:_identify(src) by extensions ['cmake', 'python']
[0.597s] Level 1:colcon.colcon_core.package_identification:_identify(src) by extension 'cmake'
[0.597s] Level 1:colcon.colcon_core.package_identification:_identify(src) by extension 'python'
[0.597s] Level 1:colcon.colcon_core.package_identification:_identify(src) by extensions ['python_setup_py']
[0.597s] Level 1:colcon.colcon_core.package_identification:_identify(src) by extension 'python_setup_py'
[0.598s] Level 1:colcon.colcon_core.package_identification:_identify(src/greetingpy) by extensions ['ignore', 'ignore_ament_install']
[0.598s] Level 1:colcon.colcon_core.package_identification:_identify(src/greetingpy) by extension 'ignore'
[0.598s] Level 1:colcon.colcon_core.package_identification:_identify(src/greetingpy) by extension 'ignore_ament_install'
[0.598s] Level 1:colcon.colcon_core.package_identification:_identify(src/greetingpy) by extensions ['colcon_pkg']
[0.598s] Level 1:colcon.colcon_core.package_identification:_identify(src/greetingpy) by extension 'colcon_pkg'
[0.598s] Level 1:colcon.colcon_core.package_identification:_identify(src/greetingpy) by extensions ['colcon_meta']
[0.598s] Level 1:colcon.colcon_core.package_identification:_identify(src/greetingpy) by extension 'colcon_meta'
[0.598s] Level 1:colcon.colcon_core.package_identification:_identify(src/greetingpy) by extensions ['ros']
[0.598s] Level 1:colcon.colcon_core.package_identification:_identify(src/greetingpy) by extension 'ros'
[0.603s] DEBUG:colcon.colcon_core.package_identification:Package 'src/greetingpy' with type 'ros.ament_python' and name 'greetingpy'
[0.603s] Level 1:colcon.colcon_core.package_identification:_identify(src/ugv) by extensions ['ignore', 'ignore_ament_install']
[0.603s] Level 1:colcon.colcon_core.package_identification:_identify(src/ugv) by extension 'ignore'
[0.604s] Level 1:colcon.colcon_core.package_identification:_identify(src/ugv) by extension 'ignore_ament_install'
[0.604s] Level 1:colcon.colcon_core.package_identification:_identify(src/ugv) by extensions ['colcon_pkg']
[0.604s] Level 1:colcon.colcon_core.package_identification:_identify(src/ugv) by extension 'colcon_pkg'
[0.604s] Level 1:colcon.colcon_core.package_identification:_identify(src/ugv) by extensions ['colcon_meta']
[0.604s] Level 1:colcon.colcon_core.package_identification:_identify(src/ugv) by extension 'colcon_meta'
[0.604s] Level 1:colcon.colcon_core.package_identification:_identify(src/ugv) by extensions ['ros']
[0.604s] Level 1:colcon.colcon_core.package_identification:_identify(src/ugv) by extension 'ros'
[0.606s] DEBUG:colcon.colcon_core.package_identification:Package 'src/ugv' with type 'ros.ament_cmake' and name 'ugv'
[0.606s] Level 1:colcon.colcon_core.package_discovery:discover_packages(recursive) using defaults
[0.607s] Level 1:colcon.colcon_core.package_discovery:discover_packages(ignore) discover
[0.607s] Level 1:colcon.colcon_core.package_discovery:discover_packages(ignore) using defaults
[0.607s] Level 1:colcon.colcon_core.package_discovery:discover_packages(path) discover
[0.607s] Level 1:colcon.colcon_core.package_discovery:discover_packages(path) using defaults
[0.675s] Level 1:colcon.colcon_core.package_discovery:discover_packages(prefix_path) check parameters
[0.675s] Level 1:colcon.colcon_core.package_discovery:discover_packages(prefix_path) discover
[0.677s] WARNING:colcon.colcon_core.prefix_path.colcon:The path '/home/david/install' in the environment variable COLCON_PREFIX_PATH doesn't exist
[0.677s] WARNING:colcon.colcon_ros.prefix_path.ament:The path '/home/david/install/ugv' in the environment variable AMENT_PREFIX_PATH doesn't exist
[0.677s] WARNING:colcon.colcon_ros.prefix_path.ament:The path '/home/david/install/greetingpy' in the environment variable AMENT_PREFIX_PATH doesn't exist
[0.678s] WARNING:colcon.colcon_ros.prefix_path.catkin:The path '/home/david/install/ugv' in the environment variable CMAKE_PREFIX_PATH doesn't exist
[0.679s] DEBUG:colcon.colcon_installed_package_information.package_discovery:Found 2 installed packages in /home/david/ros2_ws/install
[0.682s] DEBUG:colcon.colcon_installed_package_information.package_discovery:Found 312 installed packages in /opt/ros/humble
[0.685s] Level 1:colcon.colcon_core.package_discovery:discover_packages(prefix_path) using defaults
[0.768s] Level 5:colcon.colcon_core.verb:set package 'greetingpy' build argument 'cmake_args' from command line to 'None'
[0.768s] Level 5:colcon.colcon_core.verb:set package 'greetingpy' build argument 'cmake_target' from command line to 'None'
[0.768s] Level 5:colcon.colcon_core.verb:set package 'greetingpy' build argument 'cmake_target_skip_unavailable' from command line to 'False'
[0.768s] Level 5:colcon.colcon_core.verb:set package 'greetingpy' build argument 'cmake_clean_cache' from command line to 'False'
[0.768s] Level 5:colcon.colcon_core.verb:set package 'greetingpy' build argument 'cmake_clean_first' from command line to 'False'
[0.769s] Level 5:colcon.colcon_core.verb:set package 'greetingpy' build argument 'cmake_force_configure' from command line to 'False'
[0.769s] Level 5:colcon.colcon_core.verb:set package 'greetingpy' build argument 'ament_cmake_args' from command line to 'None'
[0.769s] Level 5:colcon.colcon_core.verb:set package 'greetingpy' build argument 'catkin_cmake_args' from command line to 'None'
[0.769s] Level 5:colcon.colcon_core.verb:set package 'greetingpy' build argument 'catkin_skip_building_tests' from command line to 'False'
[0.769s] DEBUG:colcon.colcon_core.verb:Building package 'greetingpy' with the following arguments: {'ament_cmake_args': None, 'build_base': '/home/david/ros2_ws/build/greetingpy', 'catkin_cmake_args': None, 'catkin_skip_building_tests': False, 'cmake_args': None, 'cmake_clean_cache': False, 'cmake_clean_first': False, 'cmake_force_configure': False, 'cmake_target': None, 'cmake_target_skip_unavailable': False, 'install_base': '/home/david/ros2_ws/install/greetingpy', 'merge_install': False, 'path': '/home/david/ros2_ws/src/greetingpy', 'symlink_install': False, 'test_result_base': None}
[0.769s] Level 5:colcon.colcon_core.verb:set package 'ugv' build argument 'cmake_args' from command line to 'None'
[0.770s] Level 5:colcon.colcon_core.verb:set package 'ugv' build argument 'cmake_target' from command line to 'None'
[0.770s] Level 5:colcon.colcon_core.verb:set package 'ugv' build argument 'cmake_target_skip_unavailable' from command line to 'False'
[0.770s] Level 5:colcon.colcon_core.verb:set package 'ugv' build argument 'cmake_clean_cache' from command line to 'False'
[0.770s] Level 5:colcon.colcon_core.verb:set package 'ugv' build argument 'cmake_clean_first' from command line to 'False'
[0.770s] Level 5:colcon.colcon_core.verb:set package 'ugv' build argument 'cmake_force_configure' from command line to 'False'
[0.770s] Level 5:colcon.colcon_core.verb:set package 'ugv' build argument 'ament_cmake_args' from command line to 'None'
[0.770s] Level 5:colcon.colcon_core.verb:set package 'ugv' build argument 'catkin_cmake_args' from command line to 'None'
[0.770s] Level 5:colcon.colcon_core.verb:set package 'ugv' build argument 'catkin_skip_building_tests' from command line to 'False'
[0.770s] DEBUG:colcon.colcon_core.verb:Building package 'ugv' with the following arguments: {'ament_cmake_args': None, 'build_base': '/home/david/ros2_ws/build/ugv', 'catkin_cmake_args': None, 'catkin_skip_building_tests': False, 'cmake_args': None, 'cmake_clean_cache': False, 'cmake_clean_first': False, 'cmake_force_configure': False, 'cmake_target': None, 'cmake_target_skip_unavailable': False, 'install_base': '/home/david/ros2_ws/install/ugv', 'merge_install': False, 'path': '/home/david/ros2_ws/src/ugv', 'symlink_install': False, 'test_result_base': None}
[0.770s] INFO:colcon.colcon_core.executor:Executing jobs using 'parallel' executor
[0.773s] DEBUG:colcon.colcon_parallel_executor.executor.parallel:run_until_complete
[0.773s] INFO:colcon.colcon_ros.task.ament_python.build:Building ROS package in '/home/david/ros2_ws/src/greetingpy' with build type 'ament_python'
[0.774s] Level 1:colcon.colcon_core.shell:create_environment_hook('greetingpy', 'ament_prefix_path')
[0.778s] INFO:colcon.colcon_core.plugin_system:Skipping extension 'colcon_core.shell.bat': Not used on non-Windows systems
[0.778s] INFO:colcon.colcon_core.shell:Creating environment hook '/home/david/ros2_ws/install/greetingpy/share/greetingpy/hook/ament_prefix_path.ps1'
[0.780s] INFO:colcon.colcon_core.shell:Creating environment descriptor '/home/david/ros2_ws/install/greetingpy/share/greetingpy/hook/ament_prefix_path.dsv'
[0.780s] INFO:colcon.colcon_core.shell:Creating environment hook '/home/david/ros2_ws/install/greetingpy/share/greetingpy/hook/ament_prefix_path.sh'
[0.782s] INFO:colcon.colcon_core.shell:Skip shell extension 'powershell' for command environment: Not usable outside of PowerShell
[0.783s] DEBUG:colcon.colcon_core.shell:Skip shell extension 'dsv' for command environment
[0.789s] INFO:colcon.colcon_ros.task.ament_cmake.build:Building ROS package in '/home/david/ros2_ws/src/ugv' with build type 'ament_cmake'
[0.790s] INFO:colcon.colcon_cmake.task.cmake.build:Building CMake package in '/home/david/ros2_ws/src/ugv'
[0.790s] INFO:colcon.colcon_core.shell:Skip shell extension 'powershell' for command environment: Not usable outside of PowerShell
[0.790s] DEBUG:colcon.colcon_core.shell:Skip shell extension 'dsv' for command environment
[1.337s] INFO:colcon.colcon_core.task.python.build:Building Python package in '/home/david/ros2_ws/src/greetingpy'
[1.337s] INFO:colcon.colcon_core.shell:Skip shell extension 'powershell' for command environment: Not usable outside of PowerShell
[1.338s] DEBUG:colcon.colcon_core.shell:Skip shell extension 'dsv' for command environment
[1.358s] DEBUG:colcon.colcon_core.event_handler.log_command:Invoking command in '/home/david/ros2_ws/build/ugv': CMAKE_PREFIX_PATH=${CMAKE_PREFIX_PATH}:/home/david/ros2_ws/install/greetingpy:/home/david/install/greetingpy:/opt/ros/humble /usr/bin/cmake --build /home/david/ros2_ws/build/ugv -- -j6 -l6
[2.064s] DEBUG:colcon.colcon_core.event_handler.log_command:Invoking command in '/home/david/ros2_ws/src/greetingpy': PYTHONPATH=/home/david/ros2_ws/build/greetingpy/prefix_override:/usr/lib/python3/dist-packages/colcon_core/task/python/colcon_distutils_commands:/home/david/ros2_ws/install/greetingpy/lib/python3.10/site-packages:${PYTHONPATH} /usr/bin/python3 -W ignore:setup.py install is deprecated setup.py egg_info --egg-base ../../build/greetingpy build --build-base /home/david/ros2_ws/build/greetingpy/build install --record /home/david/ros2_ws/build/greetingpy/install.log --single-version-externally-managed install_data
[2.526s] DEBUG:colcon.colcon_core.event_handler.log_command:Invoked command in '/home/david/ros2_ws/build/ugv' returned '0': CMAKE_PREFIX_PATH=${CMAKE_PREFIX_PATH}:/home/david/ros2_ws/install/greetingpy:/home/david/install/greetingpy:/opt/ros/humble /usr/bin/cmake --build /home/david/ros2_ws/build/ugv -- -j6 -l6
[2.595s] DEBUG:colcon.colcon_core.event_handler.log_command:Invoking command in '/home/david/ros2_ws/build/ugv': CMAKE_PREFIX_PATH=${CMAKE_PREFIX_PATH}:/home/david/ros2_ws/install/greetingpy:/home/david/install/greetingpy:/opt/ros/humble /usr/bin/cmake --install /home/david/ros2_ws/build/ugv
[2.618s] Level 1:colcon.colcon_core.environment:create_environment_scripts_only(ugv)
[2.630s] DEBUG:colcon.colcon_core.event_handler.log_command:Invoked command in '/home/david/ros2_ws/build/ugv' returned '0': CMAKE_PREFIX_PATH=${CMAKE_PREFIX_PATH}:/home/david/ros2_ws/install/greetingpy:/home/david/install/greetingpy:/opt/ros/humble /usr/bin/cmake --install /home/david/ros2_ws/build/ugv
[2.633s] Level 1:colcon.colcon_core.environment:checking '/home/david/ros2_ws/install/ugv' for CMake module files
[2.635s] Level 1:colcon.colcon_core.environment:checking '/home/david/ros2_ws/install/ugv' for CMake config files
[2.636s] Level 1:colcon.colcon_core.shell:create_environment_hook('ugv', 'cmake_prefix_path')
[2.637s] INFO:colcon.colcon_core.shell:Creating environment hook '/home/david/ros2_ws/install/ugv/share/ugv/hook/cmake_prefix_path.ps1'
[2.639s] INFO:colcon.colcon_core.shell:Creating environment descriptor '/home/david/ros2_ws/install/ugv/share/ugv/hook/cmake_prefix_path.dsv'
[2.640s] INFO:colcon.colcon_core.shell:Creating environment hook '/home/david/ros2_ws/install/ugv/share/ugv/hook/cmake_prefix_path.sh'
[2.643s] Level 1:colcon.colcon_core.environment:checking '/home/david/ros2_ws/install/ugv/lib'
[2.644s] Level 1:colcon.colcon_core.environment:checking '/home/david/ros2_ws/install/ugv/bin'
[2.644s] Level 1:colcon.colcon_core.environment:checking '/home/david/ros2_ws/install/ugv/lib/pkgconfig/ugv.pc'
[2.645s] Level 1:colcon.colcon_core.environment:checking '/home/david/ros2_ws/install/ugv/lib/python3.10/site-packages'
[2.646s] Level 1:colcon.colcon_core.environment:checking '/home/david/ros2_ws/install/ugv/bin'
[2.647s] INFO:colcon.colcon_core.shell:Creating package script '/home/david/ros2_ws/install/ugv/share/ugv/package.ps1'
[2.650s] INFO:colcon.colcon_core.shell:Creating package descriptor '/home/david/ros2_ws/install/ugv/share/ugv/package.dsv'
[2.652s] INFO:colcon.colcon_core.shell:Creating package script '/home/david/ros2_ws/install/ugv/share/ugv/package.sh'
[2.655s] INFO:colcon.colcon_core.shell:Creating package script '/home/david/ros2_ws/install/ugv/share/ugv/package.bash'
[2.658s] INFO:colcon.colcon_core.shell:Creating package script '/home/david/ros2_ws/install/ugv/share/ugv/package.zsh'
[2.661s] Level 1:colcon.colcon_core.environment:create_file_with_runtime_dependencies(/home/david/ros2_ws/install/ugv/share/colcon-core/packages/ugv)
[2.686s] Level 1:colcon.colcon_core.environment:checking '/home/david/ros2_ws/install/greetingpy' for CMake module files
[2.688s] DEBUG:colcon.colcon_core.event_handler.log_command:Invoked command in '/home/david/ros2_ws/src/greetingpy' returned '0': PYTHONPATH=/home/david/ros2_ws/build/greetingpy/prefix_override:/usr/lib/python3/dist-packages/colcon_core/task/python/colcon_distutils_commands:/home/david/ros2_ws/install/greetingpy/lib/python3.10/site-packages:${PYTHONPATH} /usr/bin/python3 -W ignore:setup.py install is deprecated setup.py egg_info --egg-base ../../build/greetingpy build --build-base /home/david/ros2_ws/build/greetingpy/build install --record /home/david/ros2_ws/build/greetingpy/install.log --single-version-externally-managed install_data
[2.688s] Level 1:colcon.colcon_core.environment:checking '/home/david/ros2_ws/install/greetingpy' for CMake config files
[2.690s] Level 1:colcon.colcon_core.environment:checking '/home/david/ros2_ws/install/greetingpy/lib'
[2.690s] Level 1:colcon.colcon_core.environment:checking '/home/david/ros2_ws/install/greetingpy/bin'
[2.690s] Level 1:colcon.colcon_core.environment:checking '/home/david/ros2_ws/install/greetingpy/lib/pkgconfig/greetingpy.pc'
[2.691s] Level 1:colcon.colcon_core.environment:checking '/home/david/ros2_ws/install/greetingpy/lib/python3.10/site-packages'
[2.691s] Level 1:colcon.colcon_core.shell:create_environment_hook('greetingpy', 'pythonpath')
[2.692s] INFO:colcon.colcon_core.shell:Creating environment hook '/home/david/ros2_ws/install/greetingpy/share/greetingpy/hook/pythonpath.ps1'
[2.693s] INFO:colcon.colcon_core.shell:Creating environment descriptor '/home/david/ros2_ws/install/greetingpy/share/greetingpy/hook/pythonpath.dsv'
[2.694s] INFO:colcon.colcon_core.shell:Creating environment hook '/home/david/ros2_ws/install/greetingpy/share/greetingpy/hook/pythonpath.sh'
[2.696s] Level 1:colcon.colcon_core.environment:checking '/home/david/ros2_ws/install/greetingpy/bin'
[2.696s] Level 1:colcon.colcon_core.environment:create_environment_scripts_only(greetingpy)
[2.697s] INFO:colcon.colcon_core.shell:Creating package script '/home/david/ros2_ws/install/greetingpy/share/greetingpy/package.ps1'
[2.698s] INFO:colcon.colcon_core.shell:Creating package descriptor '/home/david/ros2_ws/install/greetingpy/share/greetingpy/package.dsv'
[2.699s] INFO:colcon.colcon_core.shell:Creating package script '/home/david/ros2_ws/install/greetingpy/share/greetingpy/package.sh'
[2.700s] INFO:colcon.colcon_core.shell:Creating package script '/home/david/ros2_ws/install/greetingpy/share/greetingpy/package.bash'
[2.702s] INFO:colcon.colcon_core.shell:Creating package script '/home/david/ros2_ws/install/greetingpy/share/greetingpy/package.zsh'
[2.703s] Level 1:colcon.colcon_core.environment:create_file_with_runtime_dependencies(/home/david/ros2_ws/install/greetingpy/share/colcon-core/packages/greetingpy)
[2.710s] Level 1:colcon.colcon_core.environment:create_environment_scripts_only(ugv)
[2.710s] Level 1:colcon.colcon_core.environment:checking '/home/david/ros2_ws/install/ugv' for CMake module files
[2.712s] Level 1:colcon.colcon_core.environment:checking '/home/david/ros2_ws/install/ugv' for CMake config files
[2.713s] Level 1:colcon.colcon_core.shell:create_environment_hook('ugv', 'cmake_prefix_path')
[2.714s] INFO:colcon.colcon_core.shell:Creating environment hook '/home/david/ros2_ws/install/ugv/share/ugv/hook/cmake_prefix_path.ps1'
[2.715s] INFO:colcon.colcon_core.shell:Creating environment descriptor '/home/david/ros2_ws/install/ugv/share/ugv/hook/cmake_prefix_path.dsv'
[2.716s] INFO:colcon.colcon_core.shell:Creating environment hook '/home/david/ros2_ws/install/ugv/share/ugv/hook/cmake_prefix_path.sh'
[2.718s] Level 1:colcon.colcon_core.environment:checking '/home/david/ros2_ws/install/ugv/lib'
[2.718s] Level 1:colcon.colcon_core.environment:checking '/home/david/ros2_ws/install/ugv/bin'
[2.718s] Level 1:colcon.colcon_core.environment:checking '/home/david/ros2_ws/install/ugv/lib/pkgconfig/ugv.pc'
[2.719s] Level 1:colcon.colcon_core.environment:checking '/home/david/ros2_ws/install/ugv/lib/python3.10/site-packages'
[2.719s] Level 1:colcon.colcon_core.environment:checking '/home/david/ros2_ws/install/ugv/bin'
[2.720s] INFO:colcon.colcon_core.shell:Creating package script '/home/david/ros2_ws/install/ugv/share/ugv/package.ps1'
[2.721s] INFO:colcon.colcon_core.shell:Creating package descriptor '/home/david/ros2_ws/install/ugv/share/ugv/package.dsv'
[2.722s] INFO:colcon.colcon_core.shell:Creating package script '/home/david/ros2_ws/install/ugv/share/ugv/package.sh'
[2.723s] INFO:colcon.colcon_core.shell:Creating package script '/home/david/ros2_ws/install/ugv/share/ugv/package.bash'
[2.724s] INFO:colcon.colcon_core.shell:Creating package script '/home/david/ros2_ws/install/ugv/share/ugv/package.zsh'
[2.725s] Level 1:colcon.colcon_core.environment:create_file_with_runtime_dependencies(/home/david/ros2_ws/install/ugv/share/colcon-core/packages/ugv)
[2.726s] DEBUG:colcon.colcon_parallel_executor.executor.parallel:closing loop
[2.727s] DEBUG:colcon.colcon_parallel_executor.executor.parallel:loop closed
[2.727s] DEBUG:colcon.colcon_parallel_executor.executor.parallel:run_until_complete finished with '0'
[2.727s] DEBUG:colcon.colcon_core.event_reactor:joining thread
[2.737s] INFO:colcon.colcon_core.plugin_system:Skipping extension 'colcon_notification.desktop_notification.terminal_notifier': Not used on non-Darwin systems
[2.738s] INFO:colcon.colcon_core.plugin_system:Skipping extension 'colcon_notification.desktop_notification.win32': Not used on non-Windows systems
[2.738s] INFO:colcon.colcon_notification.desktop_notification:Sending desktop notification using 'notify2'
[2.779s] DEBUG:colcon.colcon_core.event_reactor:joined thread
[2.780s] INFO:colcon.colcon_core.shell:Creating prefix script '/home/david/ros2_ws/install/local_setup.ps1'
[2.783s] INFO:colcon.colcon_core.shell:Creating prefix util module '/home/david/ros2_ws/install/_local_setup_util_ps1.py'
[2.786s] INFO:colcon.colcon_core.shell:Creating prefix chain script '/home/david/ros2_ws/install/setup.ps1'
[2.790s] INFO:colcon.colcon_core.shell:Creating prefix script '/home/david/ros2_ws/install/local_setup.sh'
[2.792s] INFO:colcon.colcon_core.shell:Creating prefix util module '/home/david/ros2_ws/install/_local_setup_util_sh.py'
[2.794s] INFO:colcon.colcon_core.shell:Creating prefix chain script '/home/david/ros2_ws/install/setup.sh'
[2.797s] INFO:colcon.colcon_core.shell:Creating prefix script '/home/david/ros2_ws/install/local_setup.bash'
[2.798s] INFO:colcon.colcon_core.shell:Creating prefix chain script '/home/david/ros2_ws/install/setup.bash'
[2.800s] INFO:colcon.colcon_core.shell:Creating prefix script '/home/david/ros2_ws/install/local_setup.zsh'
[2.801s] INFO:colcon.colcon_core.shell:Creating prefix chain script '/home/david/ros2_ws/install/setup.zsh'
