[0.051s] Invoking command in '/home/david/ros2_ws/build/ugv': CMAKE_PREFIX_PATH=${CMAKE_PREFIX_PATH}:/opt/ros/humble /usr/bin/cmake --build /home/david/ros2_ws/build/ugv -- -j2 -l2
[0.120s] Invoked command in '/home/david/ros2_ws/build/ugv' returned '0': CMAKE_PREFIX_PATH=${CMAKE_PREFIX_PATH}:/opt/ros/humble /usr/bin/cmake --build /home/david/ros2_ws/build/ugv -- -j2 -l2
[0.201s] Invoking command in '/home/david/ros2_ws/build/ugv': CMAKE_PREFIX_PATH=${CMAKE_PREFIX_PATH}:/opt/ros/humble /usr/bin/cmake --install /home/david/ros2_ws/build/ugv
[0.221s] -- Install configuration: ""
[0.222s] -- Up-to-date: /home/david/ros2_ws/install/ugv/share/ugv/launch
[0.223s] -- Installing: /home/david/ros2_ws/install/ugv/share/ugv/launch/display_ugv.launch.py
[0.223s] -- Up-to-date: /home/david/ros2_ws/install/ugv/share/ugv/launch/display_ugv.launch
[0.223s] -- Up-to-date: /home/david/ros2_ws/install/ugv/share/ugv/urdf
[0.223s] -- Up-to-date: /home/david/ros2_ws/install/ugv/share/ugv/urdf/ugv.xacro
[0.223s] -- Up-to-date: /home/david/ros2_ws/install/ugv/share/ugv/mesh
[0.223s] -- Up-to-date: /home/david/ros2_ws/install/ugv/share/ugv/mesh/lidarv2.obj
[0.223s] -- Up-to-date: /home/david/ros2_ws/install/ugv/share/ugv/mesh/shaftv2.mtl
[0.223s] -- Up-to-date: /home/david/ros2_ws/install/ugv/share/ugv/mesh/shaftv2.obj
[0.223s] -- Up-to-date: /home/david/ros2_ws/install/ugv/share/ugv/mesh/mainBodyv2.mtl
[0.223s] -- Up-to-date: /home/david/ros2_ws/install/ugv/share/ugv/mesh/mainBodyv2.obj
[0.223s] -- Up-to-date: /home/david/ros2_ws/install/ugv/share/ugv/mesh/tyrev3.obj
[0.223s] -- Up-to-date: /home/david/ros2_ws/install/ugv/share/ugv/mesh/lidarv2.mtl
[0.223s] -- Up-to-date: /home/david/ros2_ws/install/ugv/share/ugv/mesh/tyrev3.mtl
[0.223s] -- Up-to-date: /home/david/ros2_ws/install/ugv/share/ugv/rviz
[0.223s] -- Up-to-date: /home/david/ros2_ws/install/ugv/share/ugv/rviz/display.rviz
[0.223s] -- Up-to-date: /home/david/ros2_ws/install/ugv/share/ament_index/resource_index/package_run_dependencies/ugv
[0.223s] -- Up-to-date: /home/david/ros2_ws/install/ugv/share/ament_index/resource_index/parent_prefix_path/ugv
[0.223s] -- Up-to-date: /home/david/ros2_ws/install/ugv/share/ugv/environment/ament_prefix_path.sh
[0.224s] -- Up-to-date: /home/david/ros2_ws/install/ugv/share/ugv/environment/ament_prefix_path.dsv
[0.224s] -- Up-to-date: /home/david/ros2_ws/install/ugv/share/ugv/environment/path.sh
[0.224s] -- Up-to-date: /home/david/ros2_ws/install/ugv/share/ugv/environment/path.dsv
[0.224s] -- Up-to-date: /home/david/ros2_ws/install/ugv/share/ugv/local_setup.bash
[0.224s] -- Up-to-date: /home/david/ros2_ws/install/ugv/share/ugv/local_setup.sh
[0.224s] -- Up-to-date: /home/david/ros2_ws/install/ugv/share/ugv/local_setup.zsh
[0.224s] -- Up-to-date: /home/david/ros2_ws/install/ugv/share/ugv/local_setup.dsv
[0.224s] -- Installing: /home/david/ros2_ws/install/ugv/share/ugv/package.dsv
[0.224s] -- Up-to-date: /home/david/ros2_ws/install/ugv/share/ament_index/resource_index/packages/ugv
[0.224s] -- Up-to-date: /home/david/ros2_ws/install/ugv/share/ugv/cmake/ugvConfig.cmake
[0.224s] -- Up-to-date: /home/david/ros2_ws/install/ugv/share/ugv/cmake/ugvConfig-version.cmake
[0.224s] -- Up-to-date: /home/david/ros2_ws/install/ugv/share/ugv/package.xml
[0.234s] Invoked command in '/home/david/ros2_ws/build/ugv' returned '0': CMAKE_PREFIX_PATH=${CMAKE_PREFIX_PATH}:/opt/ros/humble /usr/bin/cmake --install /home/david/ros2_ws/build/ugv
