[0.023s] Invoking command in '/home/david/ros/ros2_ws/build/ugv': CMAKE_PREFIX_PATH=${CMAKE_PREFIX_PATH}:/opt/ros/humble /usr/bin/cmake --build /home/david/ros/ros2_ws/build/ugv -- -j6 -l6
[0.104s] Invoked command in '/home/david/ros/ros2_ws/build/ugv' returned '0': CMAKE_PREFIX_PATH=${CMAKE_PREFIX_PATH}:/opt/ros/humble /usr/bin/cmake --build /home/david/ros/ros2_ws/build/ugv -- -j6 -l6
[0.128s] Invoking command in '/home/david/ros/ros2_ws/build/ugv': CMAKE_PREFIX_PATH=${CMAKE_PREFIX_PATH}:/opt/ros/humble /usr/bin/cmake --install /home/david/ros/ros2_ws/build/ugv
[0.147s] -- Install configuration: ""
[0.148s] -- Up-to-date: /home/david/ros/ros2_ws/install/ugv/share/ugv/urdf
[0.148s] -- Up-to-date: /home/david/ros/ros2_ws/install/ugv/share/ugv/urdf/r2d.urdf
[0.149s] -- Up-to-date: /home/david/ros/ros2_ws/install/ugv/share/ugv/urdf/ugv.urdf
[0.149s] -- Up-to-date: /home/david/ros/ros2_ws/install/ugv/share/ugv/urdf/ugv.xacro
[0.150s] -- Up-to-date: /home/david/ros/ros2_ws/install/ugv/share/ugv/launch
[0.150s] -- Up-to-date: /home/david/ros/ros2_ws/install/ugv/share/ugv/launch/ignition_ugv.launch.py
[0.150s] -- Up-to-date: /home/david/ros/ros2_ws/install/ugv/share/ugv/launch/basic.launch.py
[0.150s] -- Up-to-date: /home/david/ros/ros2_ws/install/ugv/share/ugv/launch/display_ugv.launch.py
[0.150s] -- Up-to-date: /home/david/ros/ros2_ws/install/ugv/share/ugv//mesh
[0.150s] -- Up-to-date: /home/david/ros/ros2_ws/install/ugv/share/ugv//mesh/shaft.mtl
[0.151s] -- Up-to-date: /home/david/ros/ros2_ws/install/ugv/share/ugv//mesh/lidar.mtl
[0.151s] -- Up-to-date: /home/david/ros/ros2_ws/install/ugv/share/ugv//mesh/mainBody.stl
[0.151s] -- Up-to-date: /home/david/ros/ros2_ws/install/ugv/share/ugv//mesh/tyre.stl
[0.151s] -- Up-to-date: /home/david/ros/ros2_ws/install/ugv/share/ugv//mesh/shaft.obj
[0.151s] -- Up-to-date: /home/david/ros/ros2_ws/install/ugv/share/ugv//mesh/lidar.obj
[0.151s] -- Up-to-date: /home/david/ros/ros2_ws/install/ugv/share/ugv//mesh/tyre.obj
[0.151s] -- Up-to-date: /home/david/ros/ros2_ws/install/ugv/share/ugv//mesh/shaft.stl
[0.152s] -- Up-to-date: /home/david/ros/ros2_ws/install/ugv/share/ugv//mesh/mainBody.obj
[0.152s] -- Up-to-date: /home/david/ros/ros2_ws/install/ugv/share/ugv//mesh/tyre.mtl
[0.152s] -- Up-to-date: /home/david/ros/ros2_ws/install/ugv/share/ugv//mesh/mainBody.mtl
[0.152s] -- Up-to-date: /home/david/ros/ros2_ws/install/ugv/share/ugv//mesh/lidar.stl
[0.152s] -- Up-to-date: /home/david/ros/ros2_ws/install/ugv/share/ugv//rviz
[0.152s] -- Up-to-date: /home/david/ros/ros2_ws/install/ugv/share/ugv//rviz/ugv_config.rviz
[0.153s] -- Up-to-date: /home/david/ros/ros2_ws/install/ugv/share/ament_index/resource_index/package_run_dependencies/ugv
[0.153s] -- Up-to-date: /home/david/ros/ros2_ws/install/ugv/share/ament_index/resource_index/parent_prefix_path/ugv
[0.153s] -- Up-to-date: /home/david/ros/ros2_ws/install/ugv/share/ugv/environment/ament_prefix_path.sh
[0.153s] -- Up-to-date: /home/david/ros/ros2_ws/install/ugv/share/ugv/environment/ament_prefix_path.dsv
[0.153s] -- Up-to-date: /home/david/ros/ros2_ws/install/ugv/share/ugv/environment/path.sh
[0.153s] -- Up-to-date: /home/david/ros/ros2_ws/install/ugv/share/ugv/environment/path.dsv
[0.153s] -- Up-to-date: /home/david/ros/ros2_ws/install/ugv/share/ugv/local_setup.bash
[0.153s] -- Up-to-date: /home/david/ros/ros2_ws/install/ugv/share/ugv/local_setup.sh
[0.154s] -- Up-to-date: /home/david/ros/ros2_ws/install/ugv/share/ugv/local_setup.zsh
[0.154s] -- Up-to-date: /home/david/ros/ros2_ws/install/ugv/share/ugv/local_setup.dsv
[0.155s] -- Up-to-date: /home/david/ros/ros2_ws/install/ugv/share/ugv/package.dsv
[0.157s] -- Up-to-date: /home/david/ros/ros2_ws/install/ugv/share/ament_index/resource_index/packages/ugv
[0.157s] -- Up-to-date: /home/david/ros/ros2_ws/install/ugv/share/ugv/cmake/ugvConfig.cmake
[0.157s] -- Up-to-date: /home/david/ros/ros2_ws/install/ugv/share/ugv/cmake/ugvConfig-version.cmake
[0.158s] -- Up-to-date: /home/david/ros/ros2_ws/install/ugv/share/ugv/package.xml
[0.158s] Invoked command in '/home/david/ros/ros2_ws/build/ugv' returned '0': CMAKE_PREFIX_PATH=${CMAKE_PREFIX_PATH}:/opt/ros/humble /usr/bin/cmake --install /home/david/ros/ros2_ws/build/ugv
