[0.023s] Invoking command in '/home/david/ros2_ws/build/ugv': CMAKE_PREFIX_PATH=/opt/ros/humble /usr/bin/cmake /home/david/ros2_ws/src/ugv -DCMAKE_INSTALL_PREFIX=/home/david/ros2_ws/install/ugv
[0.485s] -- The C compiler identification is GNU 11.4.0
[0.922s] -- The CXX compiler identification is GNU 11.4.0
[0.960s] -- Detecting C compiler ABI info
[1.133s] -- Detecting C compiler ABI info - done
[1.153s] -- Check for working C compiler: /usr/bin/cc - skipped
[1.156s] -- Detecting C compile features
[1.159s] -- Detecting C compile features - done
[1.168s] -- Detecting CXX compiler ABI info
[1.352s] -- Detecting CXX compiler ABI info - done
[1.364s] -- Check for working CXX compiler: /usr/bin/c++ - skipped
[1.364s] -- Detecting CXX compile features
[1.364s] -- Detecting CXX compile features - done
[1.384s] -- Found ament_cmake: 1.3.10 (/opt/ros/humble/share/ament_cmake/cmake)
[1.637s] -- Found Python3: /usr/bin/python3 (found version "3.10.12") found components: Interpreter 
[1.855s] -- Found rclpy: 3.3.14 (/opt/ros/humble/share/rclpy/cmake)
[1.855s] -- Found ament_lint_auto: 0.12.11 (/opt/ros/humble/share/ament_lint_auto/cmake)
[2.009s] -- Added test 'lint_cmake' to check CMake code style
[2.017s] -- Added test 'xmllint' to check XML markup files
[2.018s] -- Configuring done
[2.024s] -- Generating done
[2.025s] -- Build files have been written to: /home/david/ros2_ws/build/ugv
[2.039s] Invoked command in '/home/david/ros2_ws/build/ugv' returned '0': CMAKE_PREFIX_PATH=/opt/ros/humble /usr/bin/cmake /home/david/ros2_ws/src/ugv -DCMAKE_INSTALL_PREFIX=/home/david/ros2_ws/install/ugv
[2.044s] Invoking command in '/home/david/ros2_ws/build/ugv': CMAKE_PREFIX_PATH=/opt/ros/humble /usr/bin/cmake --build /home/david/ros2_ws/build/ugv -- -j2 -l2
[2.185s] Invoked command in '/home/david/ros2_ws/build/ugv' returned '0': CMAKE_PREFIX_PATH=/opt/ros/humble /usr/bin/cmake --build /home/david/ros2_ws/build/ugv -- -j2 -l2
[2.331s] Invoking command in '/home/david/ros2_ws/build/ugv': CMAKE_PREFIX_PATH=/opt/ros/humble /usr/bin/cmake --install /home/david/ros2_ws/build/ugv
[2.357s] -- Install configuration: ""
[2.357s] -- Installing: /home/david/ros2_ws/install/ugv/share/ament_index/resource_index/package_run_dependencies/ugv
[2.359s] -- Installing: /home/david/ros2_ws/install/ugv/share/ament_index/resource_index/parent_prefix_path/ugv
[2.359s] -- Installing: /home/david/ros2_ws/install/ugv/share/ugv/environment/ament_prefix_path.sh
[2.359s] -- Installing: /home/david/ros2_ws/install/ugv/share/ugv/environment/ament_prefix_path.dsv
[2.359s] -- Installing: /home/david/ros2_ws/install/ugv/share/ugv/environment/path.sh
[2.359s] -- Installing: /home/david/ros2_ws/install/ugv/share/ugv/environment/path.dsv
[2.359s] -- Installing: /home/david/ros2_ws/install/ugv/share/ugv/local_setup.bash
[2.360s] -- Installing: /home/david/ros2_ws/install/ugv/share/ugv/local_setup.sh
[2.360s] -- Installing: /home/david/ros2_ws/install/ugv/share/ugv/local_setup.zsh
[2.360s] -- Installing: /home/david/ros2_ws/install/ugv/share/ugv/local_setup.dsv
[2.360s] -- Installing: /home/david/ros2_ws/install/ugv/share/ugv/package.dsv
[2.360s] -- Installing: /home/david/ros2_ws/install/ugv/share/ament_index/resource_index/packages/ugv
[2.362s] -- Installing: /home/david/ros2_ws/install/ugv/share/ugv/cmake/ugvConfig.cmake
[2.363s] -- Installing: /home/david/ros2_ws/install/ugv/share/ugv/cmake/ugvConfig-version.cmake
[2.363s] -- Installing: /home/david/ros2_ws/install/ugv/share/ugv/package.xml
[2.367s] Invoked command in '/home/david/ros2_ws/build/ugv' returned '0': CMAKE_PREFIX_PATH=/opt/ros/humble /usr/bin/cmake --install /home/david/ros2_ws/build/ugv
