[0.591s] Invoking command in '/home/david/ros2_ws/build/ugv': CMAKE_PREFIX_PATH=${CMAKE_PREFIX_PATH}:/home/david/ros2_ws/install/greetingpy:/home/david/install/greetingpy:/opt/ros/humble /usr/bin/cmake --build /home/david/ros2_ws/build/ugv -- -j6 -l6
[0.711s] Invoked command in '/home/david/ros2_ws/build/ugv' returned '0': CMAKE_PREFIX_PATH=${CMAKE_PREFIX_PATH}:/home/david/ros2_ws/install/greetingpy:/home/david/install/greetingpy:/opt/ros/humble /usr/bin/cmake --build /home/david/ros2_ws/build/ugv -- -j6 -l6
[0.772s] Invoking command in '/home/david/ros2_ws/build/ugv': CMAKE_PREFIX_PATH=${CMAKE_PREFIX_PATH}:/home/david/ros2_ws/install/greetingpy:/home/david/install/greetingpy:/opt/ros/humble /usr/bin/cmake --install /home/david/ros2_ws/build/ugv
[0.785s] -- Install configuration: ""
[0.786s] -- Up-to-date: /home/david/ros2_ws/install/ugv/lib/ugv/ugv_control.py
[0.786s] -- Up-to-date: /home/david/ros2_ws/install/ugv/share/ugv/urdf
[0.787s] -- Up-to-date: /home/david/ros2_ws/install/ugv/share/ugv/urdf/r2d.urdf
[0.787s] -- Up-to-date: /home/david/ros2_ws/install/ugv/share/ugv/urdf/ugv.urdf
[0.787s] -- Up-to-date: /home/david/ros2_ws/install/ugv/share/ugv/urdf/ugv.xacro
[0.788s] -- Up-to-date: /home/david/ros2_ws/install/ugv/share/ugv/launch
[0.788s] -- Up-to-date: /home/david/ros2_ws/install/ugv/share/ugv/launch/ignition_ugv.launch.py
[0.788s] -- Up-to-date: /home/david/ros2_ws/install/ugv/share/ugv/launch/basic.launch.py
[0.788s] -- Up-to-date: /home/david/ros2_ws/install/ugv/share/ugv/launch/display_ugv.launch.py
[0.789s] -- Up-to-date: /home/david/ros2_ws/install/ugv/share/ugv//mesh
[0.789s] -- Up-to-date: /home/david/ros2_ws/install/ugv/share/ugv//mesh/shaft.mtl
[0.789s] -- Up-to-date: /home/david/ros2_ws/install/ugv/share/ugv//mesh/lidar.mtl
[0.789s] -- Up-to-date: /home/david/ros2_ws/install/ugv/share/ugv//mesh/mainBody.stl
[0.790s] -- Up-to-date: /home/david/ros2_ws/install/ugv/share/ugv//mesh/tyre.stl
[0.792s] -- Up-to-date: /home/david/ros2_ws/install/ugv/share/ugv//mesh/shaft.obj
[0.793s] -- Up-to-date: /home/david/ros2_ws/install/ugv/share/ugv//mesh/lidar.obj
[0.794s] -- Up-to-date: /home/david/ros2_ws/install/ugv/share/ugv//mesh/tyre.obj
[0.794s] -- Up-to-date: /home/david/ros2_ws/install/ugv/share/ugv//mesh/shaft.stl
[0.794s] -- Up-to-date: /home/david/ros2_ws/install/ugv/share/ugv//mesh/mainBody.obj
[0.795s] -- Up-to-date: /home/david/ros2_ws/install/ugv/share/ugv//mesh/tyre.mtl
[0.796s] -- Up-to-date: /home/david/ros2_ws/install/ugv/share/ugv//mesh/mainBody.mtl
[0.797s] -- Up-to-date: /home/david/ros2_ws/install/ugv/share/ugv//mesh/lidar.stl
[0.797s] -- Up-to-date: /home/david/ros2_ws/install/ugv/share/ugv//rviz
[0.798s] -- Up-to-date: /home/david/ros2_ws/install/ugv/share/ugv//rviz/ugv_config.rviz
[0.798s] -- Up-to-date: /home/david/ros2_ws/install/ugv/share/ament_index/resource_index/package_run_dependencies/ugv
[0.799s] -- Up-to-date: /home/david/ros2_ws/install/ugv/share/ament_index/resource_index/parent_prefix_path/ugv
[0.799s] -- Up-to-date: /home/david/ros2_ws/install/ugv/share/ugv/environment/ament_prefix_path.sh
[0.800s] -- Up-to-date: /home/david/ros2_ws/install/ugv/share/ugv/environment/ament_prefix_path.dsv
[0.802s] -- Up-to-date: /home/david/ros2_ws/install/ugv/share/ugv/environment/path.sh
[0.803s] -- Up-to-date: /home/david/ros2_ws/install/ugv/share/ugv/environment/path.dsv
[0.803s] -- Up-to-date: /home/david/ros2_ws/install/ugv/share/ugv/local_setup.bash
[0.804s] -- Up-to-date: /home/david/ros2_ws/install/ugv/share/ugv/local_setup.sh
[0.804s] -- Up-to-date: /home/david/ros2_ws/install/ugv/share/ugv/local_setup.zsh
[0.805s] -- Up-to-date: /home/david/ros2_ws/install/ugv/share/ugv/local_setup.dsv
[0.805s] -- Up-to-date: /home/david/ros2_ws/install/ugv/share/ugv/package.dsv
[0.805s] -- Up-to-date: /home/david/ros2_ws/install/ugv/share/ament_index/resource_index/packages/ugv
[0.806s] -- Up-to-date: /home/david/ros2_ws/install/ugv/share/ugv/cmake/ugvConfig.cmake
[0.806s] -- Up-to-date: /home/david/ros2_ws/install/ugv/share/ugv/cmake/ugvConfig-version.cmake
[0.806s] -- Up-to-date: /home/david/ros2_ws/install/ugv/share/ugv/package.xml
[0.807s] Invoked command in '/home/david/ros2_ws/build/ugv' returned '0': CMAKE_PREFIX_PATH=${CMAKE_PREFIX_PATH}:/home/david/ros2_ws/install/greetingpy:/home/david/install/greetingpy:/opt/ros/humble /usr/bin/cmake --install /home/david/ros2_ws/build/ugv
